<?xml version="1.0" encoding="UTF-8"?>
<testsuite xmlns:xsi="http://www.w3.org/2001/XMLSchema-instance" xsi:noNamespaceSchemaLocation="https://maven.apache.org/surefire/maven-surefire-plugin/xsd/surefire-test-report-3.0.xsd" version="3.0" name="TestSuite" time="96.509" tests="9" errors="0" skipped="0" failures="0">
  <properties>
    <property name="sun.desktop" value="windows"/>
    <property name="awt.toolkit" value="sun.awt.windows.WToolkit"/>
    <property name="java.specification.version" value="11"/>
    <property name="sun.cpu.isalist" value="amd64"/>
    <property name="sun.jnu.encoding" value="Cp1252"/>
    <property name="java.class.path" value="C:\Users\premkumar.sarathi\IdeaProjects\com.api.automation.students\target\test-classes;C:\Users\premkumar.sarathi\IdeaProjects\com.api.automation.students\target\classes;C:\Users\premkumar.sarathi\.m2\repository\org\testng\testng\7.7.1\testng-7.7.1.jar;C:\Users\premkumar.sarathi\.m2\repository\org\slf4j\slf4j-api\1.7.36\slf4j-api-1.7.36.jar;C:\Users\premkumar.sarathi\.m2\repository\com\beust\jcommander\1.82\jcommander-1.82.jar;C:\Users\premkumar.sarathi\.m2\repository\org\webjars\jquery\3.6.1\jquery-3.6.1.jar;C:\Users\premkumar.sarathi\.m2\repository\io\rest-assured\rest-assured\5.3.0\rest-assured-5.3.0.jar;C:\Users\premkumar.sarathi\.m2\repository\org\apache\groovy\groovy\4.0.6\groovy-4.0.6.jar;C:\Users\premkumar.sarathi\.m2\repository\org\apache\groovy\groovy-xml\4.0.6\groovy-xml-4.0.6.jar;C:\Users\premkumar.sarathi\.m2\repository\org\apache\httpcomponents\httpclient\4.5.13\httpclient-4.5.13.jar;C:\Users\premkumar.sarathi\.m2\repository\org\apache\httpcomponents\httpcore\4.4.13\httpcore-4.4.13.jar;C:\Users\premkumar.sarathi\.m2\repository\commons-logging\commons-logging\1.2\commons-logging-1.2.jar;C:\Users\premkumar.sarathi\.m2\repository\commons-codec\commons-codec\1.11\commons-codec-1.11.jar;C:\Users\premkumar.sarathi\.m2\repository\org\apache\httpcomponents\httpmime\4.5.13\httpmime-4.5.13.jar;C:\Users\premkumar.sarathi\.m2\repository\org\hamcrest\hamcrest\2.1\hamcrest-2.1.jar;C:\Users\premkumar.sarathi\.m2\repository\org\ccil\cowan\tagsoup\tagsoup\1.2.1\tagsoup-1.2.1.jar;C:\Users\premkumar.sarathi\.m2\repository\io\rest-assured\xml-path\5.3.0\xml-path-5.3.0.jar;C:\Users\premkumar.sarathi\.m2\repository\io\rest-assured\json-path\5.3.0\json-path-5.3.0.jar;C:\Users\premkumar.sarathi\.m2\repository\org\apache\groovy\groovy-json\4.0.6\groovy-json-4.0.6.jar;C:\Users\premkumar.sarathi\.m2\repository\io\rest-assured\rest-assured-common\5.3.0\rest-assured-common-5.3.0.jar;C:\Users\premkumar.sarathi\.m2\repository\org\json\json\20230227\json-20230227.jar;C:\Users\premkumar.sarathi\.m2\repository\com\google\code\gson\gson\2.10.1\gson-2.10.1.jar;C:\Users\premkumar.sarathi\.m2\repository\io\rest-assured\json-schema-validator\5.3.0\json-schema-validator-5.3.0.jar;C:\Users\premkumar.sarathi\.m2\repository\com\github\java-json-tools\json-schema-validator\2.2.14\json-schema-validator-2.2.14.jar;C:\Users\premkumar.sarathi\.m2\repository\com\google\guava\guava\28.2-android\guava-28.2-android.jar;C:\Users\premkumar.sarathi\.m2\repository\com\google\guava\failureaccess\1.0.1\failureaccess-1.0.1.jar;C:\Users\premkumar.sarathi\.m2\repository\com\google\guava\listenablefuture\9999.0-empty-to-avoid-conflict-with-guava\listenablefuture-9999.0-empty-to-avoid-conflict-with-guava.jar;C:\Users\premkumar.sarathi\.m2\repository\org\checkerframework\checker-compat-qual\2.5.5\checker-compat-qual-2.5.5.jar;C:\Users\premkumar.sarathi\.m2\repository\com\google\errorprone\error_prone_annotations\2.3.4\error_prone_annotations-2.3.4.jar;C:\Users\premkumar.sarathi\.m2\repository\com\google\j2objc\j2objc-annotations\1.3\j2objc-annotations-1.3.jar;C:\Users\premkumar.sarathi\.m2\repository\com\github\java-json-tools\jackson-coreutils-equivalence\1.0\jackson-coreutils-equivalence-1.0.jar;C:\Users\premkumar.sarathi\.m2\repository\com\fasterxml\jackson\core\jackson-databind\2.11.0\jackson-databind-2.11.0.jar;C:\Users\premkumar.sarathi\.m2\repository\com\fasterxml\jackson\core\jackson-annotations\2.11.0\jackson-annotations-2.11.0.jar;C:\Users\premkumar.sarathi\.m2\repository\com\fasterxml\jackson\core\jackson-core\2.11.0\jackson-core-2.11.0.jar;C:\Users\premkumar.sarathi\.m2\repository\com\github\java-json-tools\jackson-coreutils\2.0\jackson-coreutils-2.0.jar;C:\Users\premkumar.sarathi\.m2\repository\com\github\java-json-tools\msg-simple\1.2\msg-simple-1.2.jar;C:\Users\premkumar.sarathi\.m2\repository\com\github\java-json-tools\btf\1.3\btf-1.3.jar;C:\Users\premkumar.sarathi\.m2\repository\com\github\java-json-tools\json-schema-core\1.2.14\json-schema-core-1.2.14.jar;C:\Users\premkumar.sarathi\.m2\repository\com\github\java-json-tools\uri-template\0.10\uri-template-0.10.jar;C:\Users\premkumar.sarathi\.m2\repository\com\sun\mail\mailapi\1.6.2\mailapi-1.6.2.jar;C:\Users\premkumar.sarathi\.m2\repository\com\github\fge\json-schema-validator\2.2.6\json-schema-validator-2.2.6.jar;C:\Users\premkumar.sarathi\.m2\repository\com\google\code\findbugs\jsr305\3.0.0\jsr305-3.0.0.jar;C:\Users\premkumar.sarathi\.m2\repository\joda-time\joda-time\2.3\joda-time-2.3.jar;C:\Users\premkumar.sarathi\.m2\repository\com\googlecode\libphonenumber\libphonenumber\6.2\libphonenumber-6.2.jar;C:\Users\premkumar.sarathi\.m2\repository\com\github\fge\json-schema-core\1.2.5\json-schema-core-1.2.5.jar;C:\Users\premkumar.sarathi\.m2\repository\com\github\fge\uri-template\0.9\uri-template-0.9.jar;C:\Users\premkumar.sarathi\.m2\repository\com\github\fge\msg-simple\1.1\msg-simple-1.1.jar;C:\Users\premkumar.sarathi\.m2\repository\com\github\fge\btf\1.2\btf-1.2.jar;C:\Users\premkumar.sarathi\.m2\repository\com\github\fge\jackson-coreutils\1.8\jackson-coreutils-1.8.jar;C:\Users\premkumar.sarathi\.m2\repository\org\mozilla\rhino\1.7R4\rhino-1.7R4.jar;C:\Users\premkumar.sarathi\.m2\repository\javax\mail\mailapi\1.4.3\mailapi-1.4.3.jar;C:\Users\premkumar.sarathi\.m2\repository\javax\activation\activation\1.1\activation-1.1.jar;C:\Users\premkumar.sarathi\.m2\repository\net\sf\jopt-simple\jopt-simple\4.6\jopt-simple-4.6.jar;C:\Users\premkumar.sarathi\.m2\repository\com\github\javafaker\javafaker\1.0.2\javafaker-1.0.2.jar;C:\Users\premkumar.sarathi\.m2\repository\org\apache\commons\commons-lang3\3.5\commons-lang3-3.5.jar;C:\Users\premkumar.sarathi\.m2\repository\org\yaml\snakeyaml\1.23\snakeyaml-1.23-android.jar;C:\Users\premkumar.sarathi\.m2\repository\com\github\mifmif\generex\1.0.2\generex-1.0.2.jar;C:\Users\premkumar.sarathi\.m2\repository\dk\brics\automaton\automaton\1.11-8\automaton-1.11-8.jar;C:\Users\premkumar.sarathi\.m2\repository\com\relevantcodes\extentreports\2.41.2\extentreports-2.41.2.jar;C:\Users\premkumar.sarathi\.m2\repository\org\jsoup\jsoup\1.8.3\jsoup-1.8.3.jar;C:\Users\premkumar.sarathi\.m2\repository\org\xerial\sqlite-jdbc\3.8.11.1\sqlite-jdbc-3.8.11.1.jar;C:\Users\premkumar.sarathi\.m2\repository\org\freemarker\freemarker\2.3.23\freemarker-2.3.23.jar;C:\Users\premkumar.sarathi\.m2\repository\org\mongodb\mongodb-driver\3.0.4\mongodb-driver-3.0.4.jar;C:\Users\premkumar.sarathi\.m2\repository\org\mongodb\bson\3.0.4\bson-3.0.4.jar;C:\Users\premkumar.sarathi\.m2\repository\org\mongodb\mongodb-driver-core\3.0.4\mongodb-driver-core-3.0.4.jar;"/>
    <property name="java.vm.vendor" value="Oracle Corporation"/>
    <property name="sun.arch.data.model" value="64"/>
    <property name="user.variant" value=""/>
    <property name="java.vendor.url" value="https://openjdk.java.net/"/>
    <property name="user.timezone" value="Asia/Calcutta"/>
    <property name="java.vm.specification.version" value="11"/>
    <property name="os.name" value="Windows 10"/>
    <property name="sun.java.launcher" value="SUN_STANDARD"/>
    <property name="user.country" value="IN"/>
    <property name="sun.boot.library.path" value="C:\Program Files\Java\jdk-11\bin"/>
    <property name="sun.java.command" value="C:\Users\premkumar.sarathi\AppData\Local\Temp\surefire9556249012522872282\surefirebooter-20230523103404173_3.jar C:\Users\premkumar.sarathi\AppData\Local\Temp\surefire9556249012522872282 2023-05-23T10-34-03_178-jvmRun1 surefire-20230523103404173_1tmp surefire_0-20230523103404173_2tmp"/>
    <property name="jdk.debug" value="release"/>
    <property name="surefire.test.class.path" value="C:\Users\premkumar.sarathi\IdeaProjects\com.api.automation.students\target\test-classes;C:\Users\premkumar.sarathi\IdeaProjects\com.api.automation.students\target\classes;C:\Users\premkumar.sarathi\.m2\repository\org\testng\testng\7.7.1\testng-7.7.1.jar;C:\Users\premkumar.sarathi\.m2\repository\org\slf4j\slf4j-api\1.7.36\slf4j-api-1.7.36.jar;C:\Users\premkumar.sarathi\.m2\repository\com\beust\jcommander\1.82\jcommander-1.82.jar;C:\Users\premkumar.sarathi\.m2\repository\org\webjars\jquery\3.6.1\jquery-3.6.1.jar;C:\Users\premkumar.sarathi\.m2\repository\io\rest-assured\rest-assured\5.3.0\rest-assured-5.3.0.jar;C:\Users\premkumar.sarathi\.m2\repository\org\apache\groovy\groovy\4.0.6\groovy-4.0.6.jar;C:\Users\premkumar.sarathi\.m2\repository\org\apache\groovy\groovy-xml\4.0.6\groovy-xml-4.0.6.jar;C:\Users\premkumar.sarathi\.m2\repository\org\apache\httpcomponents\httpclient\4.5.13\httpclient-4.5.13.jar;C:\Users\premkumar.sarathi\.m2\repository\org\apache\httpcomponents\httpcore\4.4.13\httpcore-4.4.13.jar;C:\Users\premkumar.sarathi\.m2\repository\commons-logging\commons-logging\1.2\commons-logging-1.2.jar;C:\Users\premkumar.sarathi\.m2\repository\commons-codec\commons-codec\1.11\commons-codec-1.11.jar;C:\Users\premkumar.sarathi\.m2\repository\org\apache\httpcomponents\httpmime\4.5.13\httpmime-4.5.13.jar;C:\Users\premkumar.sarathi\.m2\repository\org\hamcrest\hamcrest\2.1\hamcrest-2.1.jar;C:\Users\premkumar.sarathi\.m2\repository\org\ccil\cowan\tagsoup\tagsoup\1.2.1\tagsoup-1.2.1.jar;C:\Users\premkumar.sarathi\.m2\repository\io\rest-assured\xml-path\5.3.0\xml-path-5.3.0.jar;C:\Users\premkumar.sarathi\.m2\repository\io\rest-assured\json-path\5.3.0\json-path-5.3.0.jar;C:\Users\premkumar.sarathi\.m2\repository\org\apache\groovy\groovy-json\4.0.6\groovy-json-4.0.6.jar;C:\Users\premkumar.sarathi\.m2\repository\io\rest-assured\rest-assured-common\5.3.0\rest-assured-common-5.3.0.jar;C:\Users\premkumar.sarathi\.m2\repository\org\json\json\20230227\json-20230227.jar;C:\Users\premkumar.sarathi\.m2\repository\com\google\code\gson\gson\2.10.1\gson-2.10.1.jar;C:\Users\premkumar.sarathi\.m2\repository\io\rest-assured\json-schema-validator\5.3.0\json-schema-validator-5.3.0.jar;C:\Users\premkumar.sarathi\.m2\repository\com\github\java-json-tools\json-schema-validator\2.2.14\json-schema-validator-2.2.14.jar;C:\Users\premkumar.sarathi\.m2\repository\com\google\guava\guava\28.2-android\guava-28.2-android.jar;C:\Users\premkumar.sarathi\.m2\repository\com\google\guava\failureaccess\1.0.1\failureaccess-1.0.1.jar;C:\Users\premkumar.sarathi\.m2\repository\com\google\guava\listenablefuture\9999.0-empty-to-avoid-conflict-with-guava\listenablefuture-9999.0-empty-to-avoid-conflict-with-guava.jar;C:\Users\premkumar.sarathi\.m2\repository\org\checkerframework\checker-compat-qual\2.5.5\checker-compat-qual-2.5.5.jar;C:\Users\premkumar.sarathi\.m2\repository\com\google\errorprone\error_prone_annotations\2.3.4\error_prone_annotations-2.3.4.jar;C:\Users\premkumar.sarathi\.m2\repository\com\google\j2objc\j2objc-annotations\1.3\j2objc-annotations-1.3.jar;C:\Users\premkumar.sarathi\.m2\repository\com\github\java-json-tools\jackson-coreutils-equivalence\1.0\jackson-coreutils-equivalence-1.0.jar;C:\Users\premkumar.sarathi\.m2\repository\com\fasterxml\jackson\core\jackson-databind\2.11.0\jackson-databind-2.11.0.jar;C:\Users\premkumar.sarathi\.m2\repository\com\fasterxml\jackson\core\jackson-annotations\2.11.0\jackson-annotations-2.11.0.jar;C:\Users\premkumar.sarathi\.m2\repository\com\fasterxml\jackson\core\jackson-core\2.11.0\jackson-core-2.11.0.jar;C:\Users\premkumar.sarathi\.m2\repository\com\github\java-json-tools\jackson-coreutils\2.0\jackson-coreutils-2.0.jar;C:\Users\premkumar.sarathi\.m2\repository\com\github\java-json-tools\msg-simple\1.2\msg-simple-1.2.jar;C:\Users\premkumar.sarathi\.m2\repository\com\github\java-json-tools\btf\1.3\btf-1.3.jar;C:\Users\premkumar.sarathi\.m2\repository\com\github\java-json-tools\json-schema-core\1.2.14\json-schema-core-1.2.14.jar;C:\Users\premkumar.sarathi\.m2\repository\com\github\java-json-tools\uri-template\0.10\uri-template-0.10.jar;C:\Users\premkumar.sarathi\.m2\repository\com\sun\mail\mailapi\1.6.2\mailapi-1.6.2.jar;C:\Users\premkumar.sarathi\.m2\repository\com\github\fge\json-schema-validator\2.2.6\json-schema-validator-2.2.6.jar;C:\Users\premkumar.sarathi\.m2\repository\com\google\code\findbugs\jsr305\3.0.0\jsr305-3.0.0.jar;C:\Users\premkumar.sarathi\.m2\repository\joda-time\joda-time\2.3\joda-time-2.3.jar;C:\Users\premkumar.sarathi\.m2\repository\com\googlecode\libphonenumber\libphonenumber\6.2\libphonenumber-6.2.jar;C:\Users\premkumar.sarathi\.m2\repository\com\github\fge\json-schema-core\1.2.5\json-schema-core-1.2.5.jar;C:\Users\premkumar.sarathi\.m2\repository\com\github\fge\uri-template\0.9\uri-template-0.9.jar;C:\Users\premkumar.sarathi\.m2\repository\com\github\fge\msg-simple\1.1\msg-simple-1.1.jar;C:\Users\premkumar.sarathi\.m2\repository\com\github\fge\btf\1.2\btf-1.2.jar;C:\Users\premkumar.sarathi\.m2\repository\com\github\fge\jackson-coreutils\1.8\jackson-coreutils-1.8.jar;C:\Users\premkumar.sarathi\.m2\repository\org\mozilla\rhino\1.7R4\rhino-1.7R4.jar;C:\Users\premkumar.sarathi\.m2\repository\javax\mail\mailapi\1.4.3\mailapi-1.4.3.jar;C:\Users\premkumar.sarathi\.m2\repository\javax\activation\activation\1.1\activation-1.1.jar;C:\Users\premkumar.sarathi\.m2\repository\net\sf\jopt-simple\jopt-simple\4.6\jopt-simple-4.6.jar;C:\Users\premkumar.sarathi\.m2\repository\com\github\javafaker\javafaker\1.0.2\javafaker-1.0.2.jar;C:\Users\premkumar.sarathi\.m2\repository\org\apache\commons\commons-lang3\3.5\commons-lang3-3.5.jar;C:\Users\premkumar.sarathi\.m2\repository\org\yaml\snakeyaml\1.23\snakeyaml-1.23-android.jar;C:\Users\premkumar.sarathi\.m2\repository\com\github\mifmif\generex\1.0.2\generex-1.0.2.jar;C:\Users\premkumar.sarathi\.m2\repository\dk\brics\automaton\automaton\1.11-8\automaton-1.11-8.jar;C:\Users\premkumar.sarathi\.m2\repository\com\relevantcodes\extentreports\2.41.2\extentreports-2.41.2.jar;C:\Users\premkumar.sarathi\.m2\repository\org\jsoup\jsoup\1.8.3\jsoup-1.8.3.jar;C:\Users\premkumar.sarathi\.m2\repository\org\xerial\sqlite-jdbc\3.8.11.1\sqlite-jdbc-3.8.11.1.jar;C:\Users\premkumar.sarathi\.m2\repository\org\freemarker\freemarker\2.3.23\freemarker-2.3.23.jar;C:\Users\premkumar.sarathi\.m2\repository\org\mongodb\mongodb-driver\3.0.4\mongodb-driver-3.0.4.jar;C:\Users\premkumar.sarathi\.m2\repository\org\mongodb\bson\3.0.4\bson-3.0.4.jar;C:\Users\premkumar.sarathi\.m2\repository\org\mongodb\mongodb-driver-core\3.0.4\mongodb-driver-core-3.0.4.jar;"/>
    <property name="sun.cpu.endian" value="little"/>
    <property name="user.home" value="C:\Users\premkumar.sarathi"/>
    <property name="user.language" value="en"/>
    <property name="java.specification.vendor" value="Oracle Corporation"/>
    <property name="java.version.date" value="2023-01-17"/>
    <property name="java.home" value="C:\Program Files\Java\jdk-11"/>
    <property name="file.separator" value="\"/>
    <property name="basedir" value="C:\Users\premkumar.sarathi\IdeaProjects\com.api.automation.students"/>
    <property name="java.vm.compressedOopsMode" value="32-bit"/>
    <property name="line.separator" value="&#10;"/>
    <property name="java.specification.name" value="Java Platform API Specification"/>
    <property name="java.vm.specification.vendor" value="Oracle Corporation"/>
    <property name="java.awt.graphicsenv" value="sun.awt.Win32GraphicsEnvironment"/>
    <property name="surefire.real.class.path" value="C:\Users\premkumar.sarathi\AppData\Local\Temp\surefire9556249012522872282\surefirebooter-20230523103404173_3.jar"/>
    <property name="user.script" value=""/>
    <property name="sun.management.compiler" value="HotSpot 64-Bit Tiered Compilers"/>
    <property name="java.runtime.version" value="11.0.18+9-LTS-195"/>
    <property name="user.name" value="Premkumar.Sarathi"/>
    <property name="path.separator" value=";"/>
    <property name="os.version" value="10.0"/>
    <property name="java.runtime.name" value="Java(TM) SE Runtime Environment"/>
    <property name="file.encoding" value="Cp1252"/>
    <property name="java.vm.name" value="Java HotSpot(TM) 64-Bit Server VM"/>
    <property name="java.vendor.version" value="18.9"/>
    <property name="localRepository" value="C:\Users\premkumar.sarathi\.m2\repository"/>
    <property name="java.vendor.url.bug" value="https://bugreport.java.com/bugreport/"/>
    <property name="java.io.tmpdir" value="C:\Users\PREMKU~1.SAR\AppData\Local\Temp\"/>
    <property name="java.version" value="11.0.18"/>
    <property name="user.dir" value="C:\Users\premkumar.sarathi\IdeaProjects\com.api.automation.students"/>
    <property name="os.arch" value="amd64"/>
    <property name="java.vm.specification.name" value="Java Virtual Machine Specification"/>
    <property name="java.awt.printerjob" value="sun.awt.windows.WPrinterJob"/>
    <property name="sun.os.patch.level" value=""/>
    <property name="java.library.path" value="C:\Program Files\Java\jdk-11\bin;C:\Windows\Sun\Java\bin;C:\Windows\system32;C:\Windows;C:\Program Files\Common Files\Oracle\Java\javapath;C:\Windows\system32;C:\Windows;C:\Windows\System32\Wbem;C:\Windows\System32\WindowsPowerShell\v1.0\;C:\Windows\System32\OpenSSH\;C:\Users\premkumar.sarathi\Downloads\apache-maven-3.8.1-bin\apache-maven-3.8.1\bin;C:\Program Files\nodejs\;C:\Users\premkumar.sarathi\AppData\Local\Android\Sdk\platform-tools;C:\Users\premkumar.sarathi\AppData\Local\Android\Sdk\tools\bin;C:\Users\premkumar.sarathi\AppData\Local\Android\Sdk;C:\Program Files\Java\jdk-11\bin;C:\Program Files (x86)\Microsoft SQL Server\160\Tools\Binn\;C:\Program Files\Microsoft SQL Server\160\Tools\Binn\;C:\Program Files\Microsoft SQL Server\Client SDK\ODBC\170\Tools\Binn\;C:\Program Files\Microsoft SQL Server\160\DTS\Binn\;C:\Program Files (x86)\Microsoft SQL Server\160\DTS\Binn\;C:\Program Files\Azure Data Studio\bin;C:\Users\premkumar.sarathi\AppData\Local\Microsoft\WindowsApps;C:\Users\premkumar.sarathi\AppData\Roaming\npm;C:\Users\premkumar.sarathi\AppData\Local\Programs\Microsoft VS Code\bin;C:\Users\premkumar.sarathi\AppData\Local\Programs\Git\cmd;."/>
    <property name="java.vendor" value="Oracle Corporation"/>
    <property name="java.vm.info" value="mixed mode"/>
    <property name="java.vm.version" value="11.0.18+9-LTS-195"/>
    <property name="sun.io.unicode.encoding" value="UnicodeLittle"/>
    <property name="java.class.version" value="55.0"/>
  </properties>
  <testcase name="testPostStudent" classname="com.api.tests.StudentTests" time="10.237">
    <system-out><![CDATA[onStart method started
Method started testPostStudent
HTTP/1.1 201 Created
X-Powered-By: Express
Vary: Origin, X-HTTP-Method-Override, Accept-Encoding
Access-Control-Allow-Credentials: true
Cache-Control: no-cache
Pragma: no-cache
Expires: -1
Access-Control-Expose-Headers: Location
Location: http://localhost:3000/students/1241480588
X-Content-Type-Options: nosniff
Content-Type: application/json; charset=utf-8
Content-Length: 268
ETag: W/"10c-fr6VA61CwCVCi2KVm/j97Auv3vU"
Date: Tue, 23 May 2023 05:04:16 GMT
Connection: keep-alive
Keep-Alive: timeout=5

{
    "id": 1241480588,
    "name": "Astrid Kuphal IV",
    "email": "angelita.gibson@yahoo.com",
    "purpose": "Designer",
    "programme": "Design Associate",
    "year": 2117103751,
    "language": "Forth",
    "comments": "com.github.javafaker.Code@4373f66f",
    "status": false
}
PASS - Actual status code ::201==Expected status code ::201
Method passed testPostStudent
]]></system-out>
    <system-err><![CDATA[SLF4J: Failed to load class "org.slf4j.impl.StaticLoggerBinder".
SLF4J: Defaulting to no-operation (NOP) logger implementation
SLF4J: See http://www.slf4j.org/codes.html#StaticLoggerBinder for further details.
]]></system-err>
  </testcase>
  <testcase name="testGetStudent" classname="com.api.tests.StudentTests" time="2.04">
    <system-out><![CDATA[Method started testGetStudent
HTTP/1.1 200 OK
X-Powered-By: Express
Vary: Origin, Accept-Encoding
Access-Control-Allow-Credentials: true
Cache-Control: no-cache
Pragma: no-cache
Expires: -1
X-Content-Type-Options: nosniff
Content-Type: application/json; charset=utf-8
Content-Length: 268
ETag: W/"10c-fr6VA61CwCVCi2KVm/j97Auv3vU"
Date: Tue, 23 May 2023 05:04:20 GMT
Connection: keep-alive
Keep-Alive: timeout=5

{
    "id": 1241480588,
    "name": "Astrid Kuphal IV",
    "email": "angelita.gibson@yahoo.com",
    "purpose": "Designer",
    "programme": "Design Associate",
    "year": 2117103751,
    "language": "Forth",
    "comments": "com.github.javafaker.Code@4373f66f",
    "status": false
}
PASS - Actual status code ::200==Expected status code ::200
Method passed testGetStudent
]]></system-out>
  </testcase>
  <testcase name="testUpdateStudent" classname="com.api.tests.StudentTests" time="0.514">
    <system-out><![CDATA[Method started testUpdateStudent
HTTP/1.1 200 OK
X-Powered-By: Express
Vary: Origin, Accept-Encoding
Access-Control-Allow-Credentials: true
Cache-Control: no-cache
Pragma: no-cache
Expires: -1
X-Content-Type-Options: nosniff
Content-Type: application/json; charset=utf-8
Content-Length: 290
ETag: W/"122-IAGqZub3k92xP0tZD2Gkatc7Td4"
Date: Tue, 23 May 2023 05:04:20 GMT
Connection: keep-alive
Keep-Alive: timeout=5

{
    "id": 1241480588,
    "name": "Estella Prosacco",
    "email": "wallace.harris@yahoo.com",
    "purpose": "Facilitator",
    "programme": "Product Real-Estate Strategist",
    "year": 2117103751,
    "language": "MIVA Script",
    "comments": "com.github.javafaker.Code@4373f66f",
    "status": false
}
Method passed testUpdateStudent
]]></system-out>
  </testcase>
  <testcase name="testDeleteStudent" classname="com.api.tests.StudentTests" time="0.441">
    <system-out><![CDATA[Method started testDeleteStudent
HTTP/1.1 200 OK
X-Powered-By: Express
Vary: Origin, Accept-Encoding
Access-Control-Allow-Credentials: true
Cache-Control: no-cache
Pragma: no-cache
Expires: -1
X-Content-Type-Options: nosniff
Content-Type: application/json; charset=utf-8
Content-Length: 2
ETag: W/"2-vyGp6PvFo4RvsFtPoIWeCReyIC8"
Date: Tue, 23 May 2023 05:04:20 GMT
Connection: keep-alive
Keep-Alive: timeout=5

{
    
}
PASS - Actual status code ::200==Expected status code ::200
Method passed testDeleteStudent
]]></system-out>
  </testcase>
  <testcase name="testGetSpecificStudent" classname="com.api.tests.StudentTests" time="0.739">
    <system-out><![CDATA[Method started testGetSpecificStudent
[
    {
        "id": 4,
        "name": "prasanna",
        "email": "prasanna@mail.ee",
        "purpose": "thesis",
        "programme": "Software Engineering",
        "year": 2017,
        "language": "Tamil",
        "comments": "good",
        "status": "NOT RECEIVED"
    },
    {
        "id": 5,
        "name": "prasanna",
        "email": "prasanna@mail.ee",
        "purpose": "thesis",
        "programme": "Software Engineering",
        "year": 2017,
        "language": "Tamil",
        "comments": "In need of correcting a dangling participle.",
        "status": "RECEIVED"
    }
]
Method passed testGetSpecificStudent
]]></system-out>
  </testcase>
  <testcase name="testAuthentication" classname="com.api.tests.SecurityAPITests" time="0.867">
    <system-out><![CDATA[Method started testAuthentication
HTTP/1.1 200 OK
Date: Tue, 23 May 2023 05:04:24 GMT
Content-Type: application/json; charset=utf-8
Content-Length: 27
Connection: keep-alive
ETag: W/"1b-o64KRFi1Uw+73hnrS1UFKUVInOY"
set-cookie: sails.sid=s%3AESwQHb0pcf_k_4jdVE65YqIapujzR8hq.IODbYBL6KUfu6%2B0GQI%2BAeqRI770jkjWvulg4FdazFt4; Path=/; HttpOnly

{
    "authenticated": true
}
PASS - Actual status code ::200==Expected status code ::200
PASS - Actual status code ::true==Expected status code ::true
Method passed testAuthentication
]]></system-out>
  </testcase>
  <testcase name="testDigestAuthentication" classname="com.api.tests.SecurityAPITests" time="1.393">
    <system-out><![CDATA[Method started testDigestAuthentication
HTTP/1.1 200 OK
Date: Tue, 23 May 2023 05:04:25 GMT
Content-Type: application/json; charset=utf-8
Content-Length: 27
Connection: keep-alive
ETag: W/"1b-o64KRFi1Uw+73hnrS1UFKUVInOY"
set-cookie: sails.sid=s%3Ai3t_fcDrVrMHPqqJw84OPuWotduvEEK3.E2nL2ZqRmLBy2NXQRuMPhUYPE56i41K2UmgIX5EJMqg; Path=/; HttpOnly

{
    "authenticated": true
}
PASS - Actual status code ::200==Expected status code ::200
Method passed testDigestAuthentication
]]></system-out>
  </testcase>
  <testcase name="testBearerAuthorization" classname="com.api.tests.SecurityAPITests" time="43.907">
    <system-out><![CDATA[Method started testBearerAuthorization
HTTP/1.1 200 OK
Server: GitHub.com
Date: Tue, 23 May 2023 05:04:26 GMT
Content-Type: application/json; charset=utf-8
Transfer-Encoding: chunked
Cache-Control: private, max-age=60, s-maxage=60
Vary: Accept, Authorization, Cookie, X-GitHub-OTP
ETag: W/"c4b81f08164b20ccff321478bd711c22bc5984c357149423094f55157c8003cc"
X-OAuth-Scopes: 
X-Accepted-OAuth-Scopes: 
github-authentication-token-expiration: 2023-06-21 05:27:25 UTC
X-GitHub-Media-Type: github.v3; format=json
x-github-api-version-selected: 2022-11-28
X-RateLimit-Limit: 5000
X-RateLimit-Remaining: 4993
X-RateLimit-Reset: 1684821211
X-RateLimit-Used: 7
X-RateLimit-Resource: core
Access-Control-Expose-Headers: ETag, Link, Location, Retry-After, X-GitHub-OTP, X-RateLimit-Limit, X-RateLimit-Remaining, X-RateLimit-Used, X-RateLimit-Resource, X-RateLimit-Reset, X-OAuth-Scopes, X-Accepted-OAuth-Scopes, X-Poll-Interval, X-GitHub-Media-Type, X-GitHub-SSO, X-GitHub-Request-Id, Deprecation, Sunset
Access-Control-Allow-Origin: *
Strict-Transport-Security: max-age=31536000; includeSubdomains; preload
X-Frame-Options: deny
X-Content-Type-Options: nosniff
X-XSS-Protection: 0
Referrer-Policy: origin-when-cross-origin, strict-origin-when-cross-origin
Content-Security-Policy: default-src 'none'
Vary: Accept-Encoding, Accept, X-Requested-With
Content-Encoding: gzip
X-GitHub-Request-Id: F105:0C52:132CEEF:1534618:646C495A

[
    {
        "id": 599973516,
        "node_id": "R_kgDOI8LejA",
        "name": "Cypress-Training-Repo",
        "full_name": "merugu-kondagoud/Cypress-Training-Repo",
        "private": false,
        "owner": {
            "login": "merugu-kondagoud",
            "id": 124798331,
            "node_id": "U_kgDOB3BFew",
            "avatar_url": "https://avatars.githubusercontent.com/u/124798331?v=4",
            "gravatar_id": "",
            "url": "https://api.github.com/users/merugu-kondagoud",
            "html_url": "https://github.com/merugu-kondagoud",
            "followers_url": "https://api.github.com/users/merugu-kondagoud/followers",
            "following_url": "https://api.github.com/users/merugu-kondagoud/following{/other_user}",
            "gists_url": "https://api.github.com/users/merugu-kondagoud/gists{/gist_id}",
            "starred_url": "https://api.github.com/users/merugu-kondagoud/starred{/owner}{/repo}",
            "subscriptions_url": "https://api.github.com/users/merugu-kondagoud/subscriptions",
            "organizations_url": "https://api.github.com/users/merugu-kondagoud/orgs",
            "repos_url": "https://api.github.com/users/merugu-kondagoud/repos",
            "events_url": "https://api.github.com/users/merugu-kondagoud/events{/privacy}",
            "received_events_url": "https://api.github.com/users/merugu-kondagoud/received_events",
            "type": "User",
            "site_admin": false
        },
        "html_url": "https://github.com/merugu-kondagoud/Cypress-Training-Repo",
        "description": null,
        "fork": false,
        "url": "https://api.github.com/repos/merugu-kondagoud/Cypress-Training-Repo",
        "forks_url": "https://api.github.com/repos/merugu-kondagoud/Cypress-Training-Repo/forks",
        "keys_url": "https://api.github.com/repos/merugu-kondagoud/Cypress-Training-Repo/keys{/key_id}",
        "collaborators_url": "https://api.github.com/repos/merugu-kondagoud/Cypress-Training-Repo/collaborators{/collaborator}",
        "teams_url": "https://api.github.com/repos/merugu-kondagoud/Cypress-Training-Repo/teams",
        "hooks_url": "https://api.github.com/repos/merugu-kondagoud/Cypress-Training-Repo/hooks",
        "issue_events_url": "https://api.github.com/repos/merugu-kondagoud/Cypress-Training-Repo/issues/events{/number}",
        "events_url": "https://api.github.com/repos/merugu-kondagoud/Cypress-Training-Repo/events",
        "assignees_url": "https://api.github.com/repos/merugu-kondagoud/Cypress-Training-Repo/assignees{/user}",
        "branches_url": "https://api.github.com/repos/merugu-kondagoud/Cypress-Training-Repo/branches{/branch}",
        "tags_url": "https://api.github.com/repos/merugu-kondagoud/Cypress-Training-Repo/tags",
        "blobs_url": "https://api.github.com/repos/merugu-kondagoud/Cypress-Training-Repo/git/blobs{/sha}",
        "git_tags_url": "https://api.github.com/repos/merugu-kondagoud/Cypress-Training-Repo/git/tags{/sha}",
        "git_refs_url": "https://api.github.com/repos/merugu-kondagoud/Cypress-Training-Repo/git/refs{/sha}",
        "trees_url": "https://api.github.com/repos/merugu-kondagoud/Cypress-Training-Repo/git/trees{/sha}",
        "statuses_url": "https://api.github.com/repos/merugu-kondagoud/Cypress-Training-Repo/statuses/{sha}",
        "languages_url": "https://api.github.com/repos/merugu-kondagoud/Cypress-Training-Repo/languages",
        "stargazers_url": "https://api.github.com/repos/merugu-kondagoud/Cypress-Training-Repo/stargazers",
        "contributors_url": "https://api.github.com/repos/merugu-kondagoud/Cypress-Training-Repo/contributors",
        "subscribers_url": "https://api.github.com/repos/merugu-kondagoud/Cypress-Training-Repo/subscribers",
        "subscription_url": "https://api.github.com/repos/merugu-kondagoud/Cypress-Training-Repo/subscription",
        "commits_url": "https://api.github.com/repos/merugu-kondagoud/Cypress-Training-Repo/commits{/sha}",
        "git_commits_url": "https://api.github.com/repos/merugu-kondagoud/Cypress-Training-Repo/git/commits{/sha}",
        "comments_url": "https://api.github.com/repos/merugu-kondagoud/Cypress-Training-Repo/comments{/number}",
        "issue_comment_url": "https://api.github.com/repos/merugu-kondagoud/Cypress-Training-Repo/issues/comments{/number}",
        "contents_url": "https://api.github.com/repos/merugu-kondagoud/Cypress-Training-Repo/contents/{+path}",
        "compare_url": "https://api.github.com/repos/merugu-kondagoud/Cypress-Training-Repo/compare/{base}...{head}",
        "merges_url": "https://api.github.com/repos/merugu-kondagoud/Cypress-Training-Repo/merges",
        "archive_url": "https://api.github.com/repos/merugu-kondagoud/Cypress-Training-Repo/{archive_format}{/ref}",
        "downloads_url": "https://api.github.com/repos/merugu-kondagoud/Cypress-Training-Repo/downloads",
        "issues_url": "https://api.github.com/repos/merugu-kondagoud/Cypress-Training-Repo/issues{/number}",
        "pulls_url": "https://api.github.com/repos/merugu-kondagoud/Cypress-Training-Repo/pulls{/number}",
        "milestones_url": "https://api.github.com/repos/merugu-kondagoud/Cypress-Training-Repo/milestones{/number}",
        "notifications_url": "https://api.github.com/repos/merugu-kondagoud/Cypress-Training-Repo/notifications{?since,all,participating}",
        "labels_url": "https://api.github.com/repos/merugu-kondagoud/Cypress-Training-Repo/labels{/name}",
        "releases_url": "https://api.github.com/repos/merugu-kondagoud/Cypress-Training-Repo/releases{/id}",
        "deployments_url": "https://api.github.com/repos/merugu-kondagoud/Cypress-Training-Repo/deployments",
        "created_at": "2023-02-10T09:45:26Z",
        "updated_at": "2023-02-10T09:53:21Z",
        "pushed_at": "2023-02-14T09:07:39Z",
        "git_url": "git://github.com/merugu-kondagoud/Cypress-Training-Repo.git",
        "ssh_url": "git@github.com:merugu-kondagoud/Cypress-Training-Repo.git",
        "clone_url": "https://github.com/merugu-kondagoud/Cypress-Training-Repo.git",
        "svn_url": "https://github.com/merugu-kondagoud/Cypress-Training-Repo",
        "homepage": null,
        "size": 5176,
        "stargazers_count": 0,
        "watchers_count": 0,
        "language": "JavaScript",
        "has_issues": true,
        "has_projects": true,
        "has_downloads": true,
        "has_wiki": true,
        "has_pages": false,
        "has_discussions": false,
        "forks_count": 0,
        "mirror_url": null,
        "archived": false,
        "disabled": false,
        "open_issues_count": 1,
        "license": null,
        "allow_forking": true,
        "is_template": false,
        "web_commit_signoff_required": false,
        "topics": [
            
        ],
        "visibility": "public",
        "forks": 0,
        "open_issues": 1,
        "watchers": 0,
        "default_branch": "master",
        "permissions": {
            "admin": false,
            "maintain": false,
            "push": true,
            "triage": true,
            "pull": true
        }
    },
    {
        "id": 602977400,
        "node_id": "R_kgDOI_C0eA",
        "name": "SwagLabsRepo",
        "full_name": "merugu-kondagoud/SwagLabsRepo",
        "private": false,
        "owner": {
            "login": "merugu-kondagoud",
            "id": 124798331,
            "node_id": "U_kgDOB3BFew",
            "avatar_url": "https://avatars.githubusercontent.com/u/124798331?v=4",
            "gravatar_id": "",
            "url": "https://api.github.com/users/merugu-kondagoud",
            "html_url": "https://github.com/merugu-kondagoud",
            "followers_url": "https://api.github.com/users/merugu-kondagoud/followers",
            "following_url": "https://api.github.com/users/merugu-kondagoud/following{/other_user}",
            "gists_url": "https://api.github.com/users/merugu-kondagoud/gists{/gist_id}",
            "starred_url": "https://api.github.com/users/merugu-kondagoud/starred{/owner}{/repo}",
            "subscriptions_url": "https://api.github.com/users/merugu-kondagoud/subscriptions",
            "organizations_url": "https://api.github.com/users/merugu-kondagoud/orgs",
            "repos_url": "https://api.github.com/users/merugu-kondagoud/repos",
            "events_url": "https://api.github.com/users/merugu-kondagoud/events{/privacy}",
            "received_events_url": "https://api.github.com/users/merugu-kondagoud/received_events",
            "type": "User",
            "site_admin": false
        },
        "html_url": "https://github.com/merugu-kondagoud/SwagLabsRepo",
        "description": null,
        "fork": false,
        "url": "https://api.github.com/repos/merugu-kondagoud/SwagLabsRepo",
        "forks_url": "https://api.github.com/repos/merugu-kondagoud/SwagLabsRepo/forks",
        "keys_url": "https://api.github.com/repos/merugu-kondagoud/SwagLabsRepo/keys{/key_id}",
        "collaborators_url": "https://api.github.com/repos/merugu-kondagoud/SwagLabsRepo/collaborators{/collaborator}",
        "teams_url": "https://api.github.com/repos/merugu-kondagoud/SwagLabsRepo/teams",
        "hooks_url": "https://api.github.com/repos/merugu-kondagoud/SwagLabsRepo/hooks",
        "issue_events_url": "https://api.github.com/repos/merugu-kondagoud/SwagLabsRepo/issues/events{/number}",
        "events_url": "https://api.github.com/repos/merugu-kondagoud/SwagLabsRepo/events",
        "assignees_url": "https://api.github.com/repos/merugu-kondagoud/SwagLabsRepo/assignees{/user}",
        "branches_url": "https://api.github.com/repos/merugu-kondagoud/SwagLabsRepo/branches{/branch}",
        "tags_url": "https://api.github.com/repos/merugu-kondagoud/SwagLabsRepo/tags",
        "blobs_url": "https://api.github.com/repos/merugu-kondagoud/SwagLabsRepo/git/blobs{/sha}",
        "git_tags_url": "https://api.github.com/repos/merugu-kondagoud/SwagLabsRepo/git/tags{/sha}",
        "git_refs_url": "https://api.github.com/repos/merugu-kondagoud/SwagLabsRepo/git/refs{/sha}",
        "trees_url": "https://api.github.com/repos/merugu-kondagoud/SwagLabsRepo/git/trees{/sha}",
        "statuses_url": "https://api.github.com/repos/merugu-kondagoud/SwagLabsRepo/statuses/{sha}",
        "languages_url": "https://api.github.com/repos/merugu-kondagoud/SwagLabsRepo/languages",
        "stargazers_url": "https://api.github.com/repos/merugu-kondagoud/SwagLabsRepo/stargazers",
        "contributors_url": "https://api.github.com/repos/merugu-kondagoud/SwagLabsRepo/contributors",
        "subscribers_url": "https://api.github.com/repos/merugu-kondagoud/SwagLabsRepo/subscribers",
        "subscription_url": "https://api.github.com/repos/merugu-kondagoud/SwagLabsRepo/subscription",
        "commits_url": "https://api.github.com/repos/merugu-kondagoud/SwagLabsRepo/commits{/sha}",
        "git_commits_url": "https://api.github.com/repos/merugu-kondagoud/SwagLabsRepo/git/commits{/sha}",
        "comments_url": "https://api.github.com/repos/merugu-kondagoud/SwagLabsRepo/comments{/number}",
        "issue_comment_url": "https://api.github.com/repos/merugu-kondagoud/SwagLabsRepo/issues/comments{/number}",
        "contents_url": "https://api.github.com/repos/merugu-kondagoud/SwagLabsRepo/contents/{+path}",
        "compare_url": "https://api.github.com/repos/merugu-kondagoud/SwagLabsRepo/compare/{base}...{head}",
        "merges_url": "https://api.github.com/repos/merugu-kondagoud/SwagLabsRepo/merges",
        "archive_url": "https://api.github.com/repos/merugu-kondagoud/SwagLabsRepo/{archive_format}{/ref}",
        "downloads_url": "https://api.github.com/repos/merugu-kondagoud/SwagLabsRepo/downloads",
        "issues_url": "https://api.github.com/repos/merugu-kondagoud/SwagLabsRepo/issues{/number}",
        "pulls_url": "https://api.github.com/repos/merugu-kondagoud/SwagLabsRepo/pulls{/number}",
        "milestones_url": "https://api.github.com/repos/merugu-kondagoud/SwagLabsRepo/milestones{/number}",
        "notifications_url": "https://api.github.com/repos/merugu-kondagoud/SwagLabsRepo/notifications{?since,all,participating}",
        "labels_url": "https://api.github.com/repos/merugu-kondagoud/SwagLabsRepo/labels{/name}",
        "releases_url": "https://api.github.com/repos/merugu-kondagoud/SwagLabsRepo/releases{/id}",
        "deployments_url": "https://api.github.com/repos/merugu-kondagoud/SwagLabsRepo/deployments",
        "created_at": "2023-02-17T10:59:05Z",
        "updated_at": "2023-02-17T11:40:38Z",
        "pushed_at": "2023-02-22T10:34:59Z",
        "git_url": "git://github.com/merugu-kondagoud/SwagLabsRepo.git",
        "ssh_url": "git@github.com:merugu-kondagoud/SwagLabsRepo.git",
        "clone_url": "https://github.com/merugu-kondagoud/SwagLabsRepo.git",
        "svn_url": "https://github.com/merugu-kondagoud/SwagLabsRepo",
        "homepage": null,
        "size": 23614,
        "stargazers_count": 0,
        "watchers_count": 0,
        "language": "JavaScript",
        "has_issues": true,
        "has_projects": true,
        "has_downloads": true,
        "has_wiki": true,
        "has_pages": false,
        "has_discussions": false,
        "forks_count": 0,
        "mirror_url": null,
        "archived": false,
        "disabled": false,
        "open_issues_count": 6,
        "license": null,
        "allow_forking": true,
        "is_template": false,
        "web_commit_signoff_required": false,
        "topics": [
            
        ],
        "visibility": "public",
        "forks": 0,
        "open_issues": 6,
        "watchers": 0,
        "default_branch": "master",
        "permissions": {
            "admin": false,
            "maintain": false,
            "push": true,
            "triage": true,
            "pull": true
        }
    },
    {
        "id": 352525737,
        "node_id": "MDEwOlJlcG9zaXRvcnkzNTI1MjU3Mzc=",
        "name": "12",
        "full_name": "PremAtmecs/12",
        "private": false,
        "owner": {
            "login": "PremAtmecs",
            "id": 81416901,
            "node_id": "MDQ6VXNlcjgxNDE2OTAx",
            "avatar_url": "https://avatars.githubusercontent.com/u/81416901?v=4",
            "gravatar_id": "",
            "url": "https://api.github.com/users/PremAtmecs",
            "html_url": "https://github.com/PremAtmecs",
            "followers_url": "https://api.github.com/users/PremAtmecs/followers",
            "following_url": "https://api.github.com/users/PremAtmecs/following{/other_user}",
            "gists_url": "https://api.github.com/users/PremAtmecs/gists{/gist_id}",
            "starred_url": "https://api.github.com/users/PremAtmecs/starred{/owner}{/repo}",
            "subscriptions_url": "https://api.github.com/users/PremAtmecs/subscriptions",
            "organizations_url": "https://api.github.com/users/PremAtmecs/orgs",
            "repos_url": "https://api.github.com/users/PremAtmecs/repos",
            "events_url": "https://api.github.com/users/PremAtmecs/events{/privacy}",
            "received_events_url": "https://api.github.com/users/PremAtmecs/received_events",
            "type": "User",
            "site_admin": false
        },
        "html_url": "https://github.com/PremAtmecs/12",
        "description": null,
        "fork": false,
        "url": "https://api.github.com/repos/PremAtmecs/12",
        "forks_url": "https://api.github.com/repos/PremAtmecs/12/forks",
        "keys_url": "https://api.github.com/repos/PremAtmecs/12/keys{/key_id}",
        "collaborators_url": "https://api.github.com/repos/PremAtmecs/12/collaborators{/collaborator}",
        "teams_url": "https://api.github.com/repos/PremAtmecs/12/teams",
        "hooks_url": "https://api.github.com/repos/PremAtmecs/12/hooks",
        "issue_events_url": "https://api.github.com/repos/PremAtmecs/12/issues/events{/number}",
        "events_url": "https://api.github.com/repos/PremAtmecs/12/events",
        "assignees_url": "https://api.github.com/repos/PremAtmecs/12/assignees{/user}",
        "branches_url": "https://api.github.com/repos/PremAtmecs/12/branches{/branch}",
        "tags_url": "https://api.github.com/repos/PremAtmecs/12/tags",
        "blobs_url": "https://api.github.com/repos/PremAtmecs/12/git/blobs{/sha}",
        "git_tags_url": "https://api.github.com/repos/PremAtmecs/12/git/tags{/sha}",
        "git_refs_url": "https://api.github.com/repos/PremAtmecs/12/git/refs{/sha}",
        "trees_url": "https://api.github.com/repos/PremAtmecs/12/git/trees{/sha}",
        "statuses_url": "https://api.github.com/repos/PremAtmecs/12/statuses/{sha}",
        "languages_url": "https://api.github.com/repos/PremAtmecs/12/languages",
        "stargazers_url": "https://api.github.com/repos/PremAtmecs/12/stargazers",
        "contributors_url": "https://api.github.com/repos/PremAtmecs/12/contributors",
        "subscribers_url": "https://api.github.com/repos/PremAtmecs/12/subscribers",
        "subscription_url": "https://api.github.com/repos/PremAtmecs/12/subscription",
        "commits_url": "https://api.github.com/repos/PremAtmecs/12/commits{/sha}",
        "git_commits_url": "https://api.github.com/repos/PremAtmecs/12/git/commits{/sha}",
        "comments_url": "https://api.github.com/repos/PremAtmecs/12/comments{/number}",
        "issue_comment_url": "https://api.github.com/repos/PremAtmecs/12/issues/comments{/number}",
        "contents_url": "https://api.github.com/repos/PremAtmecs/12/contents/{+path}",
        "compare_url": "https://api.github.com/repos/PremAtmecs/12/compare/{base}...{head}",
        "merges_url": "https://api.github.com/repos/PremAtmecs/12/merges",
        "archive_url": "https://api.github.com/repos/PremAtmecs/12/{archive_format}{/ref}",
        "downloads_url": "https://api.github.com/repos/PremAtmecs/12/downloads",
        "issues_url": "https://api.github.com/repos/PremAtmecs/12/issues{/number}",
        "pulls_url": "https://api.github.com/repos/PremAtmecs/12/pulls{/number}",
        "milestones_url": "https://api.github.com/repos/PremAtmecs/12/milestones{/number}",
        "notifications_url": "https://api.github.com/repos/PremAtmecs/12/notifications{?since,all,participating}",
        "labels_url": "https://api.github.com/repos/PremAtmecs/12/labels{/name}",
        "releases_url": "https://api.github.com/repos/PremAtmecs/12/releases{/id}",
        "deployments_url": "https://api.github.com/repos/PremAtmecs/12/deployments",
        "created_at": "2021-03-29T05:25:00Z",
        "updated_at": "2021-03-29T05:26:34Z",
        "pushed_at": "2021-03-29T05:26:32Z",
        "git_url": "git://github.com/PremAtmecs/12.git",
        "ssh_url": "git@github.com:PremAtmecs/12.git",
        "clone_url": "https://github.com/PremAtmecs/12.git",
        "svn_url": "https://github.com/PremAtmecs/12",
        "homepage": null,
        "size": 14,
        "stargazers_count": 0,
        "watchers_count": 0,
        "language": "Java",
        "has_issues": true,
        "has_projects": true,
        "has_downloads": true,
        "has_wiki": true,
        "has_pages": false,
        "has_discussions": false,
        "forks_count": 0,
        "mirror_url": null,
        "archived": false,
        "disabled": false,
        "open_issues_count": 0,
        "license": null,
        "allow_forking": true,
        "is_template": false,
        "web_commit_signoff_required": false,
        "topics": [
            
        ],
        "visibility": "public",
        "forks": 0,
        "open_issues": 0,
        "watchers": 0,
        "default_branch": "main",
        "permissions": {
            "admin": true,
            "maintain": true,
            "push": true,
            "triage": true,
            "pull": true
        }
    },
    {
        "id": 354872679,
        "node_id": "MDEwOlJlcG9zaXRvcnkzNTQ4NzI2Nzk=",
        "name": "Alert-framework1",
        "full_name": "PremAtmecs/Alert-framework1",
        "private": false,
        "owner": {
            "login": "PremAtmecs",
            "id": 81416901,
            "node_id": "MDQ6VXNlcjgxNDE2OTAx",
            "avatar_url": "https://avatars.githubusercontent.com/u/81416901?v=4",
            "gravatar_id": "",
            "url": "https://api.github.com/users/PremAtmecs",
            "html_url": "https://github.com/PremAtmecs",
            "followers_url": "https://api.github.com/users/PremAtmecs/followers",
            "following_url": "https://api.github.com/users/PremAtmecs/following{/other_user}",
            "gists_url": "https://api.github.com/users/PremAtmecs/gists{/gist_id}",
            "starred_url": "https://api.github.com/users/PremAtmecs/starred{/owner}{/repo}",
            "subscriptions_url": "https://api.github.com/users/PremAtmecs/subscriptions",
            "organizations_url": "https://api.github.com/users/PremAtmecs/orgs",
            "repos_url": "https://api.github.com/users/PremAtmecs/repos",
            "events_url": "https://api.github.com/users/PremAtmecs/events{/privacy}",
            "received_events_url": "https://api.github.com/users/PremAtmecs/received_events",
            "type": "User",
            "site_admin": false
        },
        "html_url": "https://github.com/PremAtmecs/Alert-framework1",
        "description": null,
        "fork": false,
        "url": "https://api.github.com/repos/PremAtmecs/Alert-framework1",
        "forks_url": "https://api.github.com/repos/PremAtmecs/Alert-framework1/forks",
        "keys_url": "https://api.github.com/repos/PremAtmecs/Alert-framework1/keys{/key_id}",
        "collaborators_url": "https://api.github.com/repos/PremAtmecs/Alert-framework1/collaborators{/collaborator}",
        "teams_url": "https://api.github.com/repos/PremAtmecs/Alert-framework1/teams",
        "hooks_url": "https://api.github.com/repos/PremAtmecs/Alert-framework1/hooks",
        "issue_events_url": "https://api.github.com/repos/PremAtmecs/Alert-framework1/issues/events{/number}",
        "events_url": "https://api.github.com/repos/PremAtmecs/Alert-framework1/events",
        "assignees_url": "https://api.github.com/repos/PremAtmecs/Alert-framework1/assignees{/user}",
        "branches_url": "https://api.github.com/repos/PremAtmecs/Alert-framework1/branches{/branch}",
        "tags_url": "https://api.github.com/repos/PremAtmecs/Alert-framework1/tags",
        "blobs_url": "https://api.github.com/repos/PremAtmecs/Alert-framework1/git/blobs{/sha}",
        "git_tags_url": "https://api.github.com/repos/PremAtmecs/Alert-framework1/git/tags{/sha}",
        "git_refs_url": "https://api.github.com/repos/PremAtmecs/Alert-framework1/git/refs{/sha}",
        "trees_url": "https://api.github.com/repos/PremAtmecs/Alert-framework1/git/trees{/sha}",
        "statuses_url": "https://api.github.com/repos/PremAtmecs/Alert-framework1/statuses/{sha}",
        "languages_url": "https://api.github.com/repos/PremAtmecs/Alert-framework1/languages",
        "stargazers_url": "https://api.github.com/repos/PremAtmecs/Alert-framework1/stargazers",
        "contributors_url": "https://api.github.com/repos/PremAtmecs/Alert-framework1/contributors",
        "subscribers_url": "https://api.github.com/repos/PremAtmecs/Alert-framework1/subscribers",
        "subscription_url": "https://api.github.com/repos/PremAtmecs/Alert-framework1/subscription",
        "commits_url": "https://api.github.com/repos/PremAtmecs/Alert-framework1/commits{/sha}",
        "git_commits_url": "https://api.github.com/repos/PremAtmecs/Alert-framework1/git/commits{/sha}",
        "comments_url": "https://api.github.com/repos/PremAtmecs/Alert-framework1/comments{/number}",
        "issue_comment_url": "https://api.github.com/repos/PremAtmecs/Alert-framework1/issues/comments{/number}",
        "contents_url": "https://api.github.com/repos/PremAtmecs/Alert-framework1/contents/{+path}",
        "compare_url": "https://api.github.com/repos/PremAtmecs/Alert-framework1/compare/{base}...{head}",
        "merges_url": "https://api.github.com/repos/PremAtmecs/Alert-framework1/merges",
        "archive_url": "https://api.github.com/repos/PremAtmecs/Alert-framework1/{archive_format}{/ref}",
        "downloads_url": "https://api.github.com/repos/PremAtmecs/Alert-framework1/downloads",
        "issues_url": "https://api.github.com/repos/PremAtmecs/Alert-framework1/issues{/number}",
        "pulls_url": "https://api.github.com/repos/PremAtmecs/Alert-framework1/pulls{/number}",
        "milestones_url": "https://api.github.com/repos/PremAtmecs/Alert-framework1/milestones{/number}",
        "notifications_url": "https://api.github.com/repos/PremAtmecs/Alert-framework1/notifications{?since,all,participating}",
        "labels_url": "https://api.github.com/repos/PremAtmecs/Alert-framework1/labels{/name}",
        "releases_url": "https://api.github.com/repos/PremAtmecs/Alert-framework1/releases{/id}",
        "deployments_url": "https://api.github.com/repos/PremAtmecs/Alert-framework1/deployments",
        "created_at": "2021-04-05T15:01:51Z",
        "updated_at": "2021-04-05T15:02:31Z",
        "pushed_at": "2021-04-05T15:02:29Z",
        "git_url": "git://github.com/PremAtmecs/Alert-framework1.git",
        "ssh_url": "git@github.com:PremAtmecs/Alert-framework1.git",
        "clone_url": "https://github.com/PremAtmecs/Alert-framework1.git",
        "svn_url": "https://github.com/PremAtmecs/Alert-framework1",
        "homepage": null,
        "size": 4,
        "stargazers_count": 0,
        "watchers_count": 0,
        "language": "Java",
        "has_issues": true,
        "has_projects": true,
        "has_downloads": true,
        "has_wiki": true,
        "has_pages": false,
        "has_discussions": false,
        "forks_count": 0,
        "mirror_url": null,
        "archived": false,
        "disabled": false,
        "open_issues_count": 0,
        "license": null,
        "allow_forking": true,
        "is_template": false,
        "web_commit_signoff_required": false,
        "topics": [
            
        ],
        "visibility": "public",
        "forks": 0,
        "open_issues": 0,
        "watchers": 0,
        "default_branch": "main",
        "permissions": {
            "admin": true,
            "maintain": true,
            "push": true,
            "triage": true,
            "pull": true
        }
    },
    {
        "id": 354799073,
        "node_id": "MDEwOlJlcG9zaXRvcnkzNTQ3OTkwNzM=",
        "name": "Alert-framewrok",
        "full_name": "PremAtmecs/Alert-framewrok",
        "private": false,
        "owner": {
            "login": "PremAtmecs",
            "id": 81416901,
            "node_id": "MDQ6VXNlcjgxNDE2OTAx",
            "avatar_url": "https://avatars.githubusercontent.com/u/81416901?v=4",
            "gravatar_id": "",
            "url": "https://api.github.com/users/PremAtmecs",
            "html_url": "https://github.com/PremAtmecs",
            "followers_url": "https://api.github.com/users/PremAtmecs/followers",
            "following_url": "https://api.github.com/users/PremAtmecs/following{/other_user}",
            "gists_url": "https://api.github.com/users/PremAtmecs/gists{/gist_id}",
            "starred_url": "https://api.github.com/users/PremAtmecs/starred{/owner}{/repo}",
            "subscriptions_url": "https://api.github.com/users/PremAtmecs/subscriptions",
            "organizations_url": "https://api.github.com/users/PremAtmecs/orgs",
            "repos_url": "https://api.github.com/users/PremAtmecs/repos",
            "events_url": "https://api.github.com/users/PremAtmecs/events{/privacy}",
            "received_events_url": "https://api.github.com/users/PremAtmecs/received_events",
            "type": "User",
            "site_admin": false
        },
        "html_url": "https://github.com/PremAtmecs/Alert-framewrok",
        "description": null,
        "fork": false,
        "url": "https://api.github.com/repos/PremAtmecs/Alert-framewrok",
        "forks_url": "https://api.github.com/repos/PremAtmecs/Alert-framewrok/forks",
        "keys_url": "https://api.github.com/repos/PremAtmecs/Alert-framewrok/keys{/key_id}",
        "collaborators_url": "https://api.github.com/repos/PremAtmecs/Alert-framewrok/collaborators{/collaborator}",
        "teams_url": "https://api.github.com/repos/PremAtmecs/Alert-framewrok/teams",
        "hooks_url": "https://api.github.com/repos/PremAtmecs/Alert-framewrok/hooks",
        "issue_events_url": "https://api.github.com/repos/PremAtmecs/Alert-framewrok/issues/events{/number}",
        "events_url": "https://api.github.com/repos/PremAtmecs/Alert-framewrok/events",
        "assignees_url": "https://api.github.com/repos/PremAtmecs/Alert-framewrok/assignees{/user}",
        "branches_url": "https://api.github.com/repos/PremAtmecs/Alert-framewrok/branches{/branch}",
        "tags_url": "https://api.github.com/repos/PremAtmecs/Alert-framewrok/tags",
        "blobs_url": "https://api.github.com/repos/PremAtmecs/Alert-framewrok/git/blobs{/sha}",
        "git_tags_url": "https://api.github.com/repos/PremAtmecs/Alert-framewrok/git/tags{/sha}",
        "git_refs_url": "https://api.github.com/repos/PremAtmecs/Alert-framewrok/git/refs{/sha}",
        "trees_url": "https://api.github.com/repos/PremAtmecs/Alert-framewrok/git/trees{/sha}",
        "statuses_url": "https://api.github.com/repos/PremAtmecs/Alert-framewrok/statuses/{sha}",
        "languages_url": "https://api.github.com/repos/PremAtmecs/Alert-framewrok/languages",
        "stargazers_url": "https://api.github.com/repos/PremAtmecs/Alert-framewrok/stargazers",
        "contributors_url": "https://api.github.com/repos/PremAtmecs/Alert-framewrok/contributors",
        "subscribers_url": "https://api.github.com/repos/PremAtmecs/Alert-framewrok/subscribers",
        "subscription_url": "https://api.github.com/repos/PremAtmecs/Alert-framewrok/subscription",
        "commits_url": "https://api.github.com/repos/PremAtmecs/Alert-framewrok/commits{/sha}",
        "git_commits_url": "https://api.github.com/repos/PremAtmecs/Alert-framewrok/git/commits{/sha}",
        "comments_url": "https://api.github.com/repos/PremAtmecs/Alert-framewrok/comments{/number}",
        "issue_comment_url": "https://api.github.com/repos/PremAtmecs/Alert-framewrok/issues/comments{/number}",
        "contents_url": "https://api.github.com/repos/PremAtmecs/Alert-framewrok/contents/{+path}",
        "compare_url": "https://api.github.com/repos/PremAtmecs/Alert-framewrok/compare/{base}...{head}",
        "merges_url": "https://api.github.com/repos/PremAtmecs/Alert-framewrok/merges",
        "archive_url": "https://api.github.com/repos/PremAtmecs/Alert-framewrok/{archive_format}{/ref}",
        "downloads_url": "https://api.github.com/repos/PremAtmecs/Alert-framewrok/downloads",
        "issues_url": "https://api.github.com/repos/PremAtmecs/Alert-framewrok/issues{/number}",
        "pulls_url": "https://api.github.com/repos/PremAtmecs/Alert-framewrok/pulls{/number}",
        "milestones_url": "https://api.github.com/repos/PremAtmecs/Alert-framewrok/milestones{/number}",
        "notifications_url": "https://api.github.com/repos/PremAtmecs/Alert-framewrok/notifications{?since,all,participating}",
        "labels_url": "https://api.github.com/repos/PremAtmecs/Alert-framewrok/labels{/name}",
        "releases_url": "https://api.github.com/repos/PremAtmecs/Alert-framewrok/releases{/id}",
        "deployments_url": "https://api.github.com/repos/PremAtmecs/Alert-framewrok/deployments",
        "created_at": "2021-04-05T10:37:11Z",
        "updated_at": "2021-04-05T10:39:33Z",
        "pushed_at": "2021-04-05T10:39:31Z",
        "git_url": "git://github.com/PremAtmecs/Alert-framewrok.git",
        "ssh_url": "git@github.com:PremAtmecs/Alert-framewrok.git",
        "clone_url": "https://github.com/PremAtmecs/Alert-framewrok.git",
        "svn_url": "https://github.com/PremAtmecs/Alert-framewrok",
        "homepage": null,
        "size": 102,
        "stargazers_count": 0,
        "watchers_count": 0,
        "language": "HTML",
        "has_issues": true,
        "has_projects": true,
        "has_downloads": true,
        "has_wiki": true,
        "has_pages": false,
        "has_discussions": false,
        "forks_count": 0,
        "mirror_url": null,
        "archived": false,
        "disabled": false,
        "open_issues_count": 0,
        "license": null,
        "allow_forking": true,
        "is_template": false,
        "web_commit_signoff_required": false,
        "topics": [
            
        ],
        "visibility": "public",
        "forks": 0,
        "open_issues": 0,
        "watchers": 0,
        "default_branch": "main",
        "permissions": {
            "admin": true,
            "maintain": true,
            "push": true,
            "triage": true,
            "pull": true
        }
    },
    {
        "id": 639870737,
        "node_id": "R_kgDOJiOnEQ",
        "name": "API-Automation-student",
        "full_name": "PremAtmecs/API-Automation-student",
        "private": false,
        "owner": {
            "login": "PremAtmecs",
            "id": 81416901,
            "node_id": "MDQ6VXNlcjgxNDE2OTAx",
            "avatar_url": "https://avatars.githubusercontent.com/u/81416901?v=4",
            "gravatar_id": "",
            "url": "https://api.github.com/users/PremAtmecs",
            "html_url": "https://github.com/PremAtmecs",
            "followers_url": "https://api.github.com/users/PremAtmecs/followers",
            "following_url": "https://api.github.com/users/PremAtmecs/following{/other_user}",
            "gists_url": "https://api.github.com/users/PremAtmecs/gists{/gist_id}",
            "starred_url": "https://api.github.com/users/PremAtmecs/starred{/owner}{/repo}",
            "subscriptions_url": "https://api.github.com/users/PremAtmecs/subscriptions",
            "organizations_url": "https://api.github.com/users/PremAtmecs/orgs",
            "repos_url": "https://api.github.com/users/PremAtmecs/repos",
            "events_url": "https://api.github.com/users/PremAtmecs/events{/privacy}",
            "received_events_url": "https://api.github.com/users/PremAtmecs/received_events",
            "type": "User",
            "site_admin": false
        },
        "html_url": "https://github.com/PremAtmecs/API-Automation-student",
        "description": null,
        "fork": false,
        "url": "https://api.github.com/repos/PremAtmecs/API-Automation-student",
        "forks_url": "https://api.github.com/repos/PremAtmecs/API-Automation-student/forks",
        "keys_url": "https://api.github.com/repos/PremAtmecs/API-Automation-student/keys{/key_id}",
        "collaborators_url": "https://api.github.com/repos/PremAtmecs/API-Automation-student/collaborators{/collaborator}",
        "teams_url": "https://api.github.com/repos/PremAtmecs/API-Automation-student/teams",
        "hooks_url": "https://api.github.com/repos/PremAtmecs/API-Automation-student/hooks",
        "issue_events_url": "https://api.github.com/repos/PremAtmecs/API-Automation-student/issues/events{/number}",
        "events_url": "https://api.github.com/repos/PremAtmecs/API-Automation-student/events",
        "assignees_url": "https://api.github.com/repos/PremAtmecs/API-Automation-student/assignees{/user}",
        "branches_url": "https://api.github.com/repos/PremAtmecs/API-Automation-student/branches{/branch}",
        "tags_url": "https://api.github.com/repos/PremAtmecs/API-Automation-student/tags",
        "blobs_url": "https://api.github.com/repos/PremAtmecs/API-Automation-student/git/blobs{/sha}",
        "git_tags_url": "https://api.github.com/repos/PremAtmecs/API-Automation-student/git/tags{/sha}",
        "git_refs_url": "https://api.github.com/repos/PremAtmecs/API-Automation-student/git/refs{/sha}",
        "trees_url": "https://api.github.com/repos/PremAtmecs/API-Automation-student/git/trees{/sha}",
        "statuses_url": "https://api.github.com/repos/PremAtmecs/API-Automation-student/statuses/{sha}",
        "languages_url": "https://api.github.com/repos/PremAtmecs/API-Automation-student/languages",
        "stargazers_url": "https://api.github.com/repos/PremAtmecs/API-Automation-student/stargazers",
        "contributors_url": "https://api.github.com/repos/PremAtmecs/API-Automation-student/contributors",
        "subscribers_url": "https://api.github.com/repos/PremAtmecs/API-Automation-student/subscribers",
        "subscription_url": "https://api.github.com/repos/PremAtmecs/API-Automation-student/subscription",
        "commits_url": "https://api.github.com/repos/PremAtmecs/API-Automation-student/commits{/sha}",
        "git_commits_url": "https://api.github.com/repos/PremAtmecs/API-Automation-student/git/commits{/sha}",
        "comments_url": "https://api.github.com/repos/PremAtmecs/API-Automation-student/comments{/number}",
        "issue_comment_url": "https://api.github.com/repos/PremAtmecs/API-Automation-student/issues/comments{/number}",
        "contents_url": "https://api.github.com/repos/PremAtmecs/API-Automation-student/contents/{+path}",
        "compare_url": "https://api.github.com/repos/PremAtmecs/API-Automation-student/compare/{base}...{head}",
        "merges_url": "https://api.github.com/repos/PremAtmecs/API-Automation-student/merges",
        "archive_url": "https://api.github.com/repos/PremAtmecs/API-Automation-student/{archive_format}{/ref}",
        "downloads_url": "https://api.github.com/repos/PremAtmecs/API-Automation-student/downloads",
        "issues_url": "https://api.github.com/repos/PremAtmecs/API-Automation-student/issues{/number}",
        "pulls_url": "https://api.github.com/repos/PremAtmecs/API-Automation-student/pulls{/number}",
        "milestones_url": "https://api.github.com/repos/PremAtmecs/API-Automation-student/milestones{/number}",
        "notifications_url": "https://api.github.com/repos/PremAtmecs/API-Automation-student/notifications{?since,all,participating}",
        "labels_url": "https://api.github.com/repos/PremAtmecs/API-Automation-student/labels{/name}",
        "releases_url": "https://api.github.com/repos/PremAtmecs/API-Automation-student/releases{/id}",
        "deployments_url": "https://api.github.com/repos/PremAtmecs/API-Automation-student/deployments",
        "created_at": "2023-05-12T12:16:57Z",
        "updated_at": "2023-05-12T12:18:49Z",
        "pushed_at": "2023-05-12T12:18:45Z",
        "git_url": "git://github.com/PremAtmecs/API-Automation-student.git",
        "ssh_url": "git@github.com:PremAtmecs/API-Automation-student.git",
        "clone_url": "https://github.com/PremAtmecs/API-Automation-student.git",
        "svn_url": "https://github.com/PremAtmecs/API-Automation-student",
        "homepage": null,
        "size": 22,
        "stargazers_count": 0,
        "watchers_count": 0,
        "language": "HTML",
        "has_issues": true,
        "has_projects": true,
        "has_downloads": true,
        "has_wiki": true,
        "has_pages": false,
        "has_discussions": false,
        "forks_count": 0,
        "mirror_url": null,
        "archived": false,
        "disabled": false,
        "open_issues_count": 0,
        "license": null,
        "allow_forking": true,
        "is_template": false,
        "web_commit_signoff_required": false,
        "topics": [
            
        ],
        "visibility": "public",
        "forks": 0,
        "open_issues": 0,
        "watchers": 0,
        "default_branch": "master",
        "permissions": {
            "admin": true,
            "maintain": true,
            "push": true,
            "triage": true,
            "pull": true
        }
    },
    {
        "id": 365955774,
        "node_id": "MDEwOlJlcG9zaXRvcnkzNjU5NTU3NzQ=",
        "name": "aspire",
        "full_name": "PremAtmecs/aspire",
        "private": false,
        "owner": {
            "login": "PremAtmecs",
            "id": 81416901,
            "node_id": "MDQ6VXNlcjgxNDE2OTAx",
            "avatar_url": "https://avatars.githubusercontent.com/u/81416901?v=4",
            "gravatar_id": "",
            "url": "https://api.github.com/users/PremAtmecs",
            "html_url": "https://github.com/PremAtmecs",
            "followers_url": "https://api.github.com/users/PremAtmecs/followers",
            "following_url": "https://api.github.com/users/PremAtmecs/following{/other_user}",
            "gists_url": "https://api.github.com/users/PremAtmecs/gists{/gist_id}",
            "starred_url": "https://api.github.com/users/PremAtmecs/starred{/owner}{/repo}",
            "subscriptions_url": "https://api.github.com/users/PremAtmecs/subscriptions",
            "organizations_url": "https://api.github.com/users/PremAtmecs/orgs",
            "repos_url": "https://api.github.com/users/PremAtmecs/repos",
            "events_url": "https://api.github.com/users/PremAtmecs/events{/privacy}",
            "received_events_url": "https://api.github.com/users/PremAtmecs/received_events",
            "type": "User",
            "site_admin": false
        },
        "html_url": "https://github.com/PremAtmecs/aspire",
        "description": null,
        "fork": false,
        "url": "https://api.github.com/repos/PremAtmecs/aspire",
        "forks_url": "https://api.github.com/repos/PremAtmecs/aspire/forks",
        "keys_url": "https://api.github.com/repos/PremAtmecs/aspire/keys{/key_id}",
        "collaborators_url": "https://api.github.com/repos/PremAtmecs/aspire/collaborators{/collaborator}",
        "teams_url": "https://api.github.com/repos/PremAtmecs/aspire/teams",
        "hooks_url": "https://api.github.com/repos/PremAtmecs/aspire/hooks",
        "issue_events_url": "https://api.github.com/repos/PremAtmecs/aspire/issues/events{/number}",
        "events_url": "https://api.github.com/repos/PremAtmecs/aspire/events",
        "assignees_url": "https://api.github.com/repos/PremAtmecs/aspire/assignees{/user}",
        "branches_url": "https://api.github.com/repos/PremAtmecs/aspire/branches{/branch}",
        "tags_url": "https://api.github.com/repos/PremAtmecs/aspire/tags",
        "blobs_url": "https://api.github.com/repos/PremAtmecs/aspire/git/blobs{/sha}",
        "git_tags_url": "https://api.github.com/repos/PremAtmecs/aspire/git/tags{/sha}",
        "git_refs_url": "https://api.github.com/repos/PremAtmecs/aspire/git/refs{/sha}",
        "trees_url": "https://api.github.com/repos/PremAtmecs/aspire/git/trees{/sha}",
        "statuses_url": "https://api.github.com/repos/PremAtmecs/aspire/statuses/{sha}",
        "languages_url": "https://api.github.com/repos/PremAtmecs/aspire/languages",
        "stargazers_url": "https://api.github.com/repos/PremAtmecs/aspire/stargazers",
        "contributors_url": "https://api.github.com/repos/PremAtmecs/aspire/contributors",
        "subscribers_url": "https://api.github.com/repos/PremAtmecs/aspire/subscribers",
        "subscription_url": "https://api.github.com/repos/PremAtmecs/aspire/subscription",
        "commits_url": "https://api.github.com/repos/PremAtmecs/aspire/commits{/sha}",
        "git_commits_url": "https://api.github.com/repos/PremAtmecs/aspire/git/commits{/sha}",
        "comments_url": "https://api.github.com/repos/PremAtmecs/aspire/comments{/number}",
        "issue_comment_url": "https://api.github.com/repos/PremAtmecs/aspire/issues/comments{/number}",
        "contents_url": "https://api.github.com/repos/PremAtmecs/aspire/contents/{+path}",
        "compare_url": "https://api.github.com/repos/PremAtmecs/aspire/compare/{base}...{head}",
        "merges_url": "https://api.github.com/repos/PremAtmecs/aspire/merges",
        "archive_url": "https://api.github.com/repos/PremAtmecs/aspire/{archive_format}{/ref}",
        "downloads_url": "https://api.github.com/repos/PremAtmecs/aspire/downloads",
        "issues_url": "https://api.github.com/repos/PremAtmecs/aspire/issues{/number}",
        "pulls_url": "https://api.github.com/repos/PremAtmecs/aspire/pulls{/number}",
        "milestones_url": "https://api.github.com/repos/PremAtmecs/aspire/milestones{/number}",
        "notifications_url": "https://api.github.com/repos/PremAtmecs/aspire/notifications{?since,all,participating}",
        "labels_url": "https://api.github.com/repos/PremAtmecs/aspire/labels{/name}",
        "releases_url": "https://api.github.com/repos/PremAtmecs/aspire/releases{/id}",
        "deployments_url": "https://api.github.com/repos/PremAtmecs/aspire/deployments",
        "created_at": "2021-05-10T07:30:07Z",
        "updated_at": "2021-05-10T07:37:05Z",
        "pushed_at": "2021-05-10T07:37:03Z",
        "git_url": "git://github.com/PremAtmecs/aspire.git",
        "ssh_url": "git@github.com:PremAtmecs/aspire.git",
        "clone_url": "https://github.com/PremAtmecs/aspire.git",
        "svn_url": "https://github.com/PremAtmecs/aspire",
        "homepage": null,
        "size": 6,
        "stargazers_count": 0,
        "watchers_count": 0,
        "language": "Java",
        "has_issues": true,
        "has_projects": true,
        "has_downloads": true,
        "has_wiki": true,
        "has_pages": false,
        "has_discussions": false,
        "forks_count": 0,
        "mirror_url": null,
        "archived": false,
        "disabled": false,
        "open_issues_count": 0,
        "license": null,
        "allow_forking": true,
        "is_template": false,
        "web_commit_signoff_required": false,
        "topics": [
            
        ],
        "visibility": "public",
        "forks": 0,
        "open_issues": 0,
        "watchers": 0,
        "default_branch": "main",
        "permissions": {
            "admin": true,
            "maintain": true,
            "push": true,
            "triage": true,
            "pull": true
        }
    },
    {
        "id": 599547432,
        "node_id": "R_kgDOI7xeKA",
        "name": "Assignment",
        "full_name": "PremAtmecs/Assignment",
        "private": false,
        "owner": {
            "login": "PremAtmecs",
            "id": 81416901,
            "node_id": "MDQ6VXNlcjgxNDE2OTAx",
            "avatar_url": "https://avatars.githubusercontent.com/u/81416901?v=4",
            "gravatar_id": "",
            "url": "https://api.github.com/users/PremAtmecs",
            "html_url": "https://github.com/PremAtmecs",
            "followers_url": "https://api.github.com/users/PremAtmecs/followers",
            "following_url": "https://api.github.com/users/PremAtmecs/following{/other_user}",
            "gists_url": "https://api.github.com/users/PremAtmecs/gists{/gist_id}",
            "starred_url": "https://api.github.com/users/PremAtmecs/starred{/owner}{/repo}",
            "subscriptions_url": "https://api.github.com/users/PremAtmecs/subscriptions",
            "organizations_url": "https://api.github.com/users/PremAtmecs/orgs",
            "repos_url": "https://api.github.com/users/PremAtmecs/repos",
            "events_url": "https://api.github.com/users/PremAtmecs/events{/privacy}",
            "received_events_url": "https://api.github.com/users/PremAtmecs/received_events",
            "type": "User",
            "site_admin": false
        },
        "html_url": "https://github.com/PremAtmecs/Assignment",
        "description": null,
        "fork": false,
        "url": "https://api.github.com/repos/PremAtmecs/Assignment",
        "forks_url": "https://api.github.com/repos/PremAtmecs/Assignment/forks",
        "keys_url": "https://api.github.com/repos/PremAtmecs/Assignment/keys{/key_id}",
        "collaborators_url": "https://api.github.com/repos/PremAtmecs/Assignment/collaborators{/collaborator}",
        "teams_url": "https://api.github.com/repos/PremAtmecs/Assignment/teams",
        "hooks_url": "https://api.github.com/repos/PremAtmecs/Assignment/hooks",
        "issue_events_url": "https://api.github.com/repos/PremAtmecs/Assignment/issues/events{/number}",
        "events_url": "https://api.github.com/repos/PremAtmecs/Assignment/events",
        "assignees_url": "https://api.github.com/repos/PremAtmecs/Assignment/assignees{/user}",
        "branches_url": "https://api.github.com/repos/PremAtmecs/Assignment/branches{/branch}",
        "tags_url": "https://api.github.com/repos/PremAtmecs/Assignment/tags",
        "blobs_url": "https://api.github.com/repos/PremAtmecs/Assignment/git/blobs{/sha}",
        "git_tags_url": "https://api.github.com/repos/PremAtmecs/Assignment/git/tags{/sha}",
        "git_refs_url": "https://api.github.com/repos/PremAtmecs/Assignment/git/refs{/sha}",
        "trees_url": "https://api.github.com/repos/PremAtmecs/Assignment/git/trees{/sha}",
        "statuses_url": "https://api.github.com/repos/PremAtmecs/Assignment/statuses/{sha}",
        "languages_url": "https://api.github.com/repos/PremAtmecs/Assignment/languages",
        "stargazers_url": "https://api.github.com/repos/PremAtmecs/Assignment/stargazers",
        "contributors_url": "https://api.github.com/repos/PremAtmecs/Assignment/contributors",
        "subscribers_url": "https://api.github.com/repos/PremAtmecs/Assignment/subscribers",
        "subscription_url": "https://api.github.com/repos/PremAtmecs/Assignment/subscription",
        "commits_url": "https://api.github.com/repos/PremAtmecs/Assignment/commits{/sha}",
        "git_commits_url": "https://api.github.com/repos/PremAtmecs/Assignment/git/commits{/sha}",
        "comments_url": "https://api.github.com/repos/PremAtmecs/Assignment/comments{/number}",
        "issue_comment_url": "https://api.github.com/repos/PremAtmecs/Assignment/issues/comments{/number}",
        "contents_url": "https://api.github.com/repos/PremAtmecs/Assignment/contents/{+path}",
        "compare_url": "https://api.github.com/repos/PremAtmecs/Assignment/compare/{base}...{head}",
        "merges_url": "https://api.github.com/repos/PremAtmecs/Assignment/merges",
        "archive_url": "https://api.github.com/repos/PremAtmecs/Assignment/{archive_format}{/ref}",
        "downloads_url": "https://api.github.com/repos/PremAtmecs/Assignment/downloads",
        "issues_url": "https://api.github.com/repos/PremAtmecs/Assignment/issues{/number}",
        "pulls_url": "https://api.github.com/repos/PremAtmecs/Assignment/pulls{/number}",
        "milestones_url": "https://api.github.com/repos/PremAtmecs/Assignment/milestones{/number}",
        "notifications_url": "https://api.github.com/repos/PremAtmecs/Assignment/notifications{?since,all,participating}",
        "labels_url": "https://api.github.com/repos/PremAtmecs/Assignment/labels{/name}",
        "releases_url": "https://api.github.com/repos/PremAtmecs/Assignment/releases{/id}",
        "deployments_url": "https://api.github.com/repos/PremAtmecs/Assignment/deployments",
        "created_at": "2023-02-09T11:23:01Z",
        "updated_at": "2023-02-10T06:26:28Z",
        "pushed_at": "2023-02-10T06:26:22Z",
        "git_url": "git://github.com/PremAtmecs/Assignment.git",
        "ssh_url": "git@github.com:PremAtmecs/Assignment.git",
        "clone_url": "https://github.com/PremAtmecs/Assignment.git",
        "svn_url": "https://github.com/PremAtmecs/Assignment",
        "homepage": null,
        "size": 7094,
        "stargazers_count": 0,
        "watchers_count": 0,
        "language": "JavaScript",
        "has_issues": true,
        "has_projects": true,
        "has_downloads": true,
        "has_wiki": true,
        "has_pages": false,
        "has_discussions": false,
        "forks_count": 0,
        "mirror_url": null,
        "archived": false,
        "disabled": false,
        "open_issues_count": 0,
        "license": null,
        "allow_forking": true,
        "is_template": false,
        "web_commit_signoff_required": false,
        "topics": [
            
        ],
        "visibility": "public",
        "forks": 0,
        "open_issues": 0,
        "watchers": 0,
        "default_branch": "master",
        "permissions": {
            "admin": true,
            "maintain": true,
            "push": true,
            "triage": true,
            "pull": true
        }
    },
    {
        "id": 599910299,
        "node_id": "R_kgDOI8Hnmw",
        "name": "BasicCypress",
        "full_name": "PremAtmecs/BasicCypress",
        "private": false,
        "owner": {
            "login": "PremAtmecs",
            "id": 81416901,
            "node_id": "MDQ6VXNlcjgxNDE2OTAx",
            "avatar_url": "https://avatars.githubusercontent.com/u/81416901?v=4",
            "gravatar_id": "",
            "url": "https://api.github.com/users/PremAtmecs",
            "html_url": "https://github.com/PremAtmecs",
            "followers_url": "https://api.github.com/users/PremAtmecs/followers",
            "following_url": "https://api.github.com/users/PremAtmecs/following{/other_user}",
            "gists_url": "https://api.github.com/users/PremAtmecs/gists{/gist_id}",
            "starred_url": "https://api.github.com/users/PremAtmecs/starred{/owner}{/repo}",
            "subscriptions_url": "https://api.github.com/users/PremAtmecs/subscriptions",
            "organizations_url": "https://api.github.com/users/PremAtmecs/orgs",
            "repos_url": "https://api.github.com/users/PremAtmecs/repos",
            "events_url": "https://api.github.com/users/PremAtmecs/events{/privacy}",
            "received_events_url": "https://api.github.com/users/PremAtmecs/received_events",
            "type": "User",
            "site_admin": false
        },
        "html_url": "https://github.com/PremAtmecs/BasicCypress",
        "description": null,
        "fork": false,
        "url": "https://api.github.com/repos/PremAtmecs/BasicCypress",
        "forks_url": "https://api.github.com/repos/PremAtmecs/BasicCypress/forks",
        "keys_url": "https://api.github.com/repos/PremAtmecs/BasicCypress/keys{/key_id}",
        "collaborators_url": "https://api.github.com/repos/PremAtmecs/BasicCypress/collaborators{/collaborator}",
        "teams_url": "https://api.github.com/repos/PremAtmecs/BasicCypress/teams",
        "hooks_url": "https://api.github.com/repos/PremAtmecs/BasicCypress/hooks",
        "issue_events_url": "https://api.github.com/repos/PremAtmecs/BasicCypress/issues/events{/number}",
        "events_url": "https://api.github.com/repos/PremAtmecs/BasicCypress/events",
        "assignees_url": "https://api.github.com/repos/PremAtmecs/BasicCypress/assignees{/user}",
        "branches_url": "https://api.github.com/repos/PremAtmecs/BasicCypress/branches{/branch}",
        "tags_url": "https://api.github.com/repos/PremAtmecs/BasicCypress/tags",
        "blobs_url": "https://api.github.com/repos/PremAtmecs/BasicCypress/git/blobs{/sha}",
        "git_tags_url": "https://api.github.com/repos/PremAtmecs/BasicCypress/git/tags{/sha}",
        "git_refs_url": "https://api.github.com/repos/PremAtmecs/BasicCypress/git/refs{/sha}",
        "trees_url": "https://api.github.com/repos/PremAtmecs/BasicCypress/git/trees{/sha}",
        "statuses_url": "https://api.github.com/repos/PremAtmecs/BasicCypress/statuses/{sha}",
        "languages_url": "https://api.github.com/repos/PremAtmecs/BasicCypress/languages",
        "stargazers_url": "https://api.github.com/repos/PremAtmecs/BasicCypress/stargazers",
        "contributors_url": "https://api.github.com/repos/PremAtmecs/BasicCypress/contributors",
        "subscribers_url": "https://api.github.com/repos/PremAtmecs/BasicCypress/subscribers",
        "subscription_url": "https://api.github.com/repos/PremAtmecs/BasicCypress/subscription",
        "commits_url": "https://api.github.com/repos/PremAtmecs/BasicCypress/commits{/sha}",
        "git_commits_url": "https://api.github.com/repos/PremAtmecs/BasicCypress/git/commits{/sha}",
        "comments_url": "https://api.github.com/repos/PremAtmecs/BasicCypress/comments{/number}",
        "issue_comment_url": "https://api.github.com/repos/PremAtmecs/BasicCypress/issues/comments{/number}",
        "contents_url": "https://api.github.com/repos/PremAtmecs/BasicCypress/contents/{+path}",
        "compare_url": "https://api.github.com/repos/PremAtmecs/BasicCypress/compare/{base}...{head}",
        "merges_url": "https://api.github.com/repos/PremAtmecs/BasicCypress/merges",
        "archive_url": "https://api.github.com/repos/PremAtmecs/BasicCypress/{archive_format}{/ref}",
        "downloads_url": "https://api.github.com/repos/PremAtmecs/BasicCypress/downloads",
        "issues_url": "https://api.github.com/repos/PremAtmecs/BasicCypress/issues{/number}",
        "pulls_url": "https://api.github.com/repos/PremAtmecs/BasicCypress/pulls{/number}",
        "milestones_url": "https://api.github.com/repos/PremAtmecs/BasicCypress/milestones{/number}",
        "notifications_url": "https://api.github.com/repos/PremAtmecs/BasicCypress/notifications{?since,all,participating}",
        "labels_url": "https://api.github.com/repos/PremAtmecs/BasicCypress/labels{/name}",
        "releases_url": "https://api.github.com/repos/PremAtmecs/BasicCypress/releases{/id}",
        "deployments_url": "https://api.github.com/repos/PremAtmecs/BasicCypress/deployments",
        "created_at": "2023-02-10T06:30:17Z",
        "updated_at": "2023-02-10T06:30:17Z",
        "pushed_at": "2023-02-10T06:30:18Z",
        "git_url": "git://github.com/PremAtmecs/BasicCypress.git",
        "ssh_url": "git@github.com:PremAtmecs/BasicCypress.git",
        "clone_url": "https://github.com/PremAtmecs/BasicCypress.git",
        "svn_url": "https://github.com/PremAtmecs/BasicCypress",
        "homepage": null,
        "size": 0,
        "stargazers_count": 0,
        "watchers_count": 0,
        "language": null,
        "has_issues": true,
        "has_projects": true,
        "has_downloads": true,
        "has_wiki": true,
        "has_pages": false,
        "has_discussions": false,
        "forks_count": 0,
        "mirror_url": null,
        "archived": false,
        "disabled": false,
        "open_issues_count": 0,
        "license": null,
        "allow_forking": true,
        "is_template": false,
        "web_commit_signoff_required": false,
        "topics": [
            
        ],
        "visibility": "public",
        "forks": 0,
        "open_issues": 0,
        "watchers": 0,
        "default_branch": "main",
        "permissions": {
            "admin": true,
            "maintain": true,
            "push": true,
            "triage": true,
            "pull": true
        }
    },
    {
        "id": 599910857,
        "node_id": "R_kgDOI8HpyQ",
        "name": "CypressAutomation",
        "full_name": "PremAtmecs/CypressAutomation",
        "private": false,
        "owner": {
            "login": "PremAtmecs",
            "id": 81416901,
            "node_id": "MDQ6VXNlcjgxNDE2OTAx",
            "avatar_url": "https://avatars.githubusercontent.com/u/81416901?v=4",
            "gravatar_id": "",
            "url": "https://api.github.com/users/PremAtmecs",
            "html_url": "https://github.com/PremAtmecs",
            "followers_url": "https://api.github.com/users/PremAtmecs/followers",
            "following_url": "https://api.github.com/users/PremAtmecs/following{/other_user}",
            "gists_url": "https://api.github.com/users/PremAtmecs/gists{/gist_id}",
            "starred_url": "https://api.github.com/users/PremAtmecs/starred{/owner}{/repo}",
            "subscriptions_url": "https://api.github.com/users/PremAtmecs/subscriptions",
            "organizations_url": "https://api.github.com/users/PremAtmecs/orgs",
            "repos_url": "https://api.github.com/users/PremAtmecs/repos",
            "events_url": "https://api.github.com/users/PremAtmecs/events{/privacy}",
            "received_events_url": "https://api.github.com/users/PremAtmecs/received_events",
            "type": "User",
            "site_admin": false
        },
        "html_url": "https://github.com/PremAtmecs/CypressAutomation",
        "description": null,
        "fork": false,
        "url": "https://api.github.com/repos/PremAtmecs/CypressAutomation",
        "forks_url": "https://api.github.com/repos/PremAtmecs/CypressAutomation/forks",
        "keys_url": "https://api.github.com/repos/PremAtmecs/CypressAutomation/keys{/key_id}",
        "collaborators_url": "https://api.github.com/repos/PremAtmecs/CypressAutomation/collaborators{/collaborator}",
        "teams_url": "https://api.github.com/repos/PremAtmecs/CypressAutomation/teams",
        "hooks_url": "https://api.github.com/repos/PremAtmecs/CypressAutomation/hooks",
        "issue_events_url": "https://api.github.com/repos/PremAtmecs/CypressAutomation/issues/events{/number}",
        "events_url": "https://api.github.com/repos/PremAtmecs/CypressAutomation/events",
        "assignees_url": "https://api.github.com/repos/PremAtmecs/CypressAutomation/assignees{/user}",
        "branches_url": "https://api.github.com/repos/PremAtmecs/CypressAutomation/branches{/branch}",
        "tags_url": "https://api.github.com/repos/PremAtmecs/CypressAutomation/tags",
        "blobs_url": "https://api.github.com/repos/PremAtmecs/CypressAutomation/git/blobs{/sha}",
        "git_tags_url": "https://api.github.com/repos/PremAtmecs/CypressAutomation/git/tags{/sha}",
        "git_refs_url": "https://api.github.com/repos/PremAtmecs/CypressAutomation/git/refs{/sha}",
        "trees_url": "https://api.github.com/repos/PremAtmecs/CypressAutomation/git/trees{/sha}",
        "statuses_url": "https://api.github.com/repos/PremAtmecs/CypressAutomation/statuses/{sha}",
        "languages_url": "https://api.github.com/repos/PremAtmecs/CypressAutomation/languages",
        "stargazers_url": "https://api.github.com/repos/PremAtmecs/CypressAutomation/stargazers",
        "contributors_url": "https://api.github.com/repos/PremAtmecs/CypressAutomation/contributors",
        "subscribers_url": "https://api.github.com/repos/PremAtmecs/CypressAutomation/subscribers",
        "subscription_url": "https://api.github.com/repos/PremAtmecs/CypressAutomation/subscription",
        "commits_url": "https://api.github.com/repos/PremAtmecs/CypressAutomation/commits{/sha}",
        "git_commits_url": "https://api.github.com/repos/PremAtmecs/CypressAutomation/git/commits{/sha}",
        "comments_url": "https://api.github.com/repos/PremAtmecs/CypressAutomation/comments{/number}",
        "issue_comment_url": "https://api.github.com/repos/PremAtmecs/CypressAutomation/issues/comments{/number}",
        "contents_url": "https://api.github.com/repos/PremAtmecs/CypressAutomation/contents/{+path}",
        "compare_url": "https://api.github.com/repos/PremAtmecs/CypressAutomation/compare/{base}...{head}",
        "merges_url": "https://api.github.com/repos/PremAtmecs/CypressAutomation/merges",
        "archive_url": "https://api.github.com/repos/PremAtmecs/CypressAutomation/{archive_format}{/ref}",
        "downloads_url": "https://api.github.com/repos/PremAtmecs/CypressAutomation/downloads",
        "issues_url": "https://api.github.com/repos/PremAtmecs/CypressAutomation/issues{/number}",
        "pulls_url": "https://api.github.com/repos/PremAtmecs/CypressAutomation/pulls{/number}",
        "milestones_url": "https://api.github.com/repos/PremAtmecs/CypressAutomation/milestones{/number}",
        "notifications_url": "https://api.github.com/repos/PremAtmecs/CypressAutomation/notifications{?since,all,participating}",
        "labels_url": "https://api.github.com/repos/PremAtmecs/CypressAutomation/labels{/name}",
        "releases_url": "https://api.github.com/repos/PremAtmecs/CypressAutomation/releases{/id}",
        "deployments_url": "https://api.github.com/repos/PremAtmecs/CypressAutomation/deployments",
        "created_at": "2023-02-10T06:32:13Z",
        "updated_at": "2023-02-10T06:37:05Z",
        "pushed_at": "2023-02-10T06:37:01Z",
        "git_url": "git://github.com/PremAtmecs/CypressAutomation.git",
        "ssh_url": "git@github.com:PremAtmecs/CypressAutomation.git",
        "clone_url": "https://github.com/PremAtmecs/CypressAutomation.git",
        "svn_url": "https://github.com/PremAtmecs/CypressAutomation",
        "homepage": null,
        "size": 5053,
        "stargazers_count": 0,
        "watchers_count": 0,
        "language": "JavaScript",
        "has_issues": true,
        "has_projects": true,
        "has_downloads": true,
        "has_wiki": true,
        "has_pages": false,
        "has_discussions": false,
        "forks_count": 0,
        "mirror_url": null,
        "archived": false,
        "disabled": false,
        "open_issues_count": 0,
        "license": null,
        "allow_forking": true,
        "is_template": false,
        "web_commit_signoff_required": false,
        "topics": [
            
        ],
        "visibility": "public",
        "forks": 0,
        "open_issues": 0,
        "watchers": 0,
        "default_branch": "master",
        "permissions": {
            "admin": true,
            "maintain": true,
            "push": true,
            "triage": true,
            "pull": true
        }
    },
    {
        "id": 625947401,
        "node_id": "R_kgDOJU8zCQ",
        "name": "JavaSelenium",
        "full_name": "PremAtmecs/JavaSelenium",
        "private": false,
        "owner": {
            "login": "PremAtmecs",
            "id": 81416901,
            "node_id": "MDQ6VXNlcjgxNDE2OTAx",
            "avatar_url": "https://avatars.githubusercontent.com/u/81416901?v=4",
            "gravatar_id": "",
            "url": "https://api.github.com/users/PremAtmecs",
            "html_url": "https://github.com/PremAtmecs",
            "followers_url": "https://api.github.com/users/PremAtmecs/followers",
            "following_url": "https://api.github.com/users/PremAtmecs/following{/other_user}",
            "gists_url": "https://api.github.com/users/PremAtmecs/gists{/gist_id}",
            "starred_url": "https://api.github.com/users/PremAtmecs/starred{/owner}{/repo}",
            "subscriptions_url": "https://api.github.com/users/PremAtmecs/subscriptions",
            "organizations_url": "https://api.github.com/users/PremAtmecs/orgs",
            "repos_url": "https://api.github.com/users/PremAtmecs/repos",
            "events_url": "https://api.github.com/users/PremAtmecs/events{/privacy}",
            "received_events_url": "https://api.github.com/users/PremAtmecs/received_events",
            "type": "User",
            "site_admin": false
        },
        "html_url": "https://github.com/PremAtmecs/JavaSelenium",
        "description": null,
        "fork": false,
        "url": "https://api.github.com/repos/PremAtmecs/JavaSelenium",
        "forks_url": "https://api.github.com/repos/PremAtmecs/JavaSelenium/forks",
        "keys_url": "https://api.github.com/repos/PremAtmecs/JavaSelenium/keys{/key_id}",
        "collaborators_url": "https://api.github.com/repos/PremAtmecs/JavaSelenium/collaborators{/collaborator}",
        "teams_url": "https://api.github.com/repos/PremAtmecs/JavaSelenium/teams",
        "hooks_url": "https://api.github.com/repos/PremAtmecs/JavaSelenium/hooks",
        "issue_events_url": "https://api.github.com/repos/PremAtmecs/JavaSelenium/issues/events{/number}",
        "events_url": "https://api.github.com/repos/PremAtmecs/JavaSelenium/events",
        "assignees_url": "https://api.github.com/repos/PremAtmecs/JavaSelenium/assignees{/user}",
        "branches_url": "https://api.github.com/repos/PremAtmecs/JavaSelenium/branches{/branch}",
        "tags_url": "https://api.github.com/repos/PremAtmecs/JavaSelenium/tags",
        "blobs_url": "https://api.github.com/repos/PremAtmecs/JavaSelenium/git/blobs{/sha}",
        "git_tags_url": "https://api.github.com/repos/PremAtmecs/JavaSelenium/git/tags{/sha}",
        "git_refs_url": "https://api.github.com/repos/PremAtmecs/JavaSelenium/git/refs{/sha}",
        "trees_url": "https://api.github.com/repos/PremAtmecs/JavaSelenium/git/trees{/sha}",
        "statuses_url": "https://api.github.com/repos/PremAtmecs/JavaSelenium/statuses/{sha}",
        "languages_url": "https://api.github.com/repos/PremAtmecs/JavaSelenium/languages",
        "stargazers_url": "https://api.github.com/repos/PremAtmecs/JavaSelenium/stargazers",
        "contributors_url": "https://api.github.com/repos/PremAtmecs/JavaSelenium/contributors",
        "subscribers_url": "https://api.github.com/repos/PremAtmecs/JavaSelenium/subscribers",
        "subscription_url": "https://api.github.com/repos/PremAtmecs/JavaSelenium/subscription",
        "commits_url": "https://api.github.com/repos/PremAtmecs/JavaSelenium/commits{/sha}",
        "git_commits_url": "https://api.github.com/repos/PremAtmecs/JavaSelenium/git/commits{/sha}",
        "comments_url": "https://api.github.com/repos/PremAtmecs/JavaSelenium/comments{/number}",
        "issue_comment_url": "https://api.github.com/repos/PremAtmecs/JavaSelenium/issues/comments{/number}",
        "contents_url": "https://api.github.com/repos/PremAtmecs/JavaSelenium/contents/{+path}",
        "compare_url": "https://api.github.com/repos/PremAtmecs/JavaSelenium/compare/{base}...{head}",
        "merges_url": "https://api.github.com/repos/PremAtmecs/JavaSelenium/merges",
        "archive_url": "https://api.github.com/repos/PremAtmecs/JavaSelenium/{archive_format}{/ref}",
        "downloads_url": "https://api.github.com/repos/PremAtmecs/JavaSelenium/downloads",
        "issues_url": "https://api.github.com/repos/PremAtmecs/JavaSelenium/issues{/number}",
        "pulls_url": "https://api.github.com/repos/PremAtmecs/JavaSelenium/pulls{/number}",
        "milestones_url": "https://api.github.com/repos/PremAtmecs/JavaSelenium/milestones{/number}",
        "notifications_url": "https://api.github.com/repos/PremAtmecs/JavaSelenium/notifications{?since,all,participating}",
        "labels_url": "https://api.github.com/repos/PremAtmecs/JavaSelenium/labels{/name}",
        "releases_url": "https://api.github.com/repos/PremAtmecs/JavaSelenium/releases{/id}",
        "deployments_url": "https://api.github.com/repos/PremAtmecs/JavaSelenium/deployments",
        "created_at": "2023-04-10T13:17:41Z",
        "updated_at": "2023-04-10T13:20:00Z",
        "pushed_at": "2023-04-10T13:19:57Z",
        "git_url": "git://github.com/PremAtmecs/JavaSelenium.git",
        "ssh_url": "git@github.com:PremAtmecs/JavaSelenium.git",
        "clone_url": "https://github.com/PremAtmecs/JavaSelenium.git",
        "svn_url": "https://github.com/PremAtmecs/JavaSelenium",
        "homepage": null,
        "size": 653,
        "stargazers_count": 0,
        "watchers_count": 0,
        "language": "Java",
        "has_issues": true,
        "has_projects": true,
        "has_downloads": true,
        "has_wiki": true,
        "has_pages": false,
        "has_discussions": false,
        "forks_count": 0,
        "mirror_url": null,
        "archived": false,
        "disabled": false,
        "open_issues_count": 0,
        "license": null,
        "allow_forking": true,
        "is_template": false,
        "web_commit_signoff_required": false,
        "topics": [
            
        ],
        "visibility": "public",
        "forks": 0,
        "open_issues": 0,
        "watchers": 0,
        "default_branch": "main",
        "permissions": {
            "admin": true,
            "maintain": true,
            "push": true,
            "triage": true,
            "pull": true
        }
    },
    {
        "id": 352524641,
        "node_id": "MDEwOlJlcG9zaXRvcnkzNTI1MjQ2NDE=",
        "name": "prem-atmcs",
        "full_name": "PremAtmecs/prem-atmcs",
        "private": false,
        "owner": {
            "login": "PremAtmecs",
            "id": 81416901,
            "node_id": "MDQ6VXNlcjgxNDE2OTAx",
            "avatar_url": "https://avatars.githubusercontent.com/u/81416901?v=4",
            "gravatar_id": "",
            "url": "https://api.github.com/users/PremAtmecs",
            "html_url": "https://github.com/PremAtmecs",
            "followers_url": "https://api.github.com/users/PremAtmecs/followers",
            "following_url": "https://api.github.com/users/PremAtmecs/following{/other_user}",
            "gists_url": "https://api.github.com/users/PremAtmecs/gists{/gist_id}",
            "starred_url": "https://api.github.com/users/PremAtmecs/starred{/owner}{/repo}",
            "subscriptions_url": "https://api.github.com/users/PremAtmecs/subscriptions",
            "organizations_url": "https://api.github.com/users/PremAtmecs/orgs",
            "repos_url": "https://api.github.com/users/PremAtmecs/repos",
            "events_url": "https://api.github.com/users/PremAtmecs/events{/privacy}",
            "received_events_url": "https://api.github.com/users/PremAtmecs/received_events",
            "type": "User",
            "site_admin": false
        },
        "html_url": "https://github.com/PremAtmecs/prem-atmcs",
        "description": "sa",
        "fork": false,
        "url": "https://api.github.com/repos/PremAtmecs/prem-atmcs",
        "forks_url": "https://api.github.com/repos/PremAtmecs/prem-atmcs/forks",
        "keys_url": "https://api.github.com/repos/PremAtmecs/prem-atmcs/keys{/key_id}",
        "collaborators_url": "https://api.github.com/repos/PremAtmecs/prem-atmcs/collaborators{/collaborator}",
        "teams_url": "https://api.github.com/repos/PremAtmecs/prem-atmcs/teams",
        "hooks_url": "https://api.github.com/repos/PremAtmecs/prem-atmcs/hooks",
        "issue_events_url": "https://api.github.com/repos/PremAtmecs/prem-atmcs/issues/events{/number}",
        "events_url": "https://api.github.com/repos/PremAtmecs/prem-atmcs/events",
        "assignees_url": "https://api.github.com/repos/PremAtmecs/prem-atmcs/assignees{/user}",
        "branches_url": "https://api.github.com/repos/PremAtmecs/prem-atmcs/branches{/branch}",
        "tags_url": "https://api.github.com/repos/PremAtmecs/prem-atmcs/tags",
        "blobs_url": "https://api.github.com/repos/PremAtmecs/prem-atmcs/git/blobs{/sha}",
        "git_tags_url": "https://api.github.com/repos/PremAtmecs/prem-atmcs/git/tags{/sha}",
        "git_refs_url": "https://api.github.com/repos/PremAtmecs/prem-atmcs/git/refs{/sha}",
        "trees_url": "https://api.github.com/repos/PremAtmecs/prem-atmcs/git/trees{/sha}",
        "statuses_url": "https://api.github.com/repos/PremAtmecs/prem-atmcs/statuses/{sha}",
        "languages_url": "https://api.github.com/repos/PremAtmecs/prem-atmcs/languages",
        "stargazers_url": "https://api.github.com/repos/PremAtmecs/prem-atmcs/stargazers",
        "contributors_url": "https://api.github.com/repos/PremAtmecs/prem-atmcs/contributors",
        "subscribers_url": "https://api.github.com/repos/PremAtmecs/prem-atmcs/subscribers",
        "subscription_url": "https://api.github.com/repos/PremAtmecs/prem-atmcs/subscription",
        "commits_url": "https://api.github.com/repos/PremAtmecs/prem-atmcs/commits{/sha}",
        "git_commits_url": "https://api.github.com/repos/PremAtmecs/prem-atmcs/git/commits{/sha}",
        "comments_url": "https://api.github.com/repos/PremAtmecs/prem-atmcs/comments{/number}",
        "issue_comment_url": "https://api.github.com/repos/PremAtmecs/prem-atmcs/issues/comments{/number}",
        "contents_url": "https://api.github.com/repos/PremAtmecs/prem-atmcs/contents/{+path}",
        "compare_url": "https://api.github.com/repos/PremAtmecs/prem-atmcs/compare/{base}...{head}",
        "merges_url": "https://api.github.com/repos/PremAtmecs/prem-atmcs/merges",
        "archive_url": "https://api.github.com/repos/PremAtmecs/prem-atmcs/{archive_format}{/ref}",
        "downloads_url": "https://api.github.com/repos/PremAtmecs/prem-atmcs/downloads",
        "issues_url": "https://api.github.com/repos/PremAtmecs/prem-atmcs/issues{/number}",
        "pulls_url": "https://api.github.com/repos/PremAtmecs/prem-atmcs/pulls{/number}",
        "milestones_url": "https://api.github.com/repos/PremAtmecs/prem-atmcs/milestones{/number}",
        "notifications_url": "https://api.github.com/repos/PremAtmecs/prem-atmcs/notifications{?since,all,participating}",
        "labels_url": "https://api.github.com/repos/PremAtmecs/prem-atmcs/labels{/name}",
        "releases_url": "https://api.github.com/repos/PremAtmecs/prem-atmcs/releases{/id}",
        "deployments_url": "https://api.github.com/repos/PremAtmecs/prem-atmcs/deployments",
        "created_at": "2021-03-29T05:18:49Z",
        "updated_at": "2021-03-29T05:19:00Z",
        "pushed_at": "2021-03-29T05:18:50Z",
        "git_url": "git://github.com/PremAtmecs/prem-atmcs.git",
        "ssh_url": "git@github.com:PremAtmecs/prem-atmcs.git",
        "clone_url": "https://github.com/PremAtmecs/prem-atmcs.git",
        "svn_url": "https://github.com/PremAtmecs/prem-atmcs",
        "homepage": null,
        "size": 0,
        "stargazers_count": 0,
        "watchers_count": 0,
        "language": null,
        "has_issues": true,
        "has_projects": true,
        "has_downloads": true,
        "has_wiki": true,
        "has_pages": false,
        "has_discussions": false,
        "forks_count": 0,
        "mirror_url": null,
        "archived": false,
        "disabled": false,
        "open_issues_count": 0,
        "license": null,
        "allow_forking": true,
        "is_template": false,
        "web_commit_signoff_required": false,
        "topics": [
            
        ],
        "visibility": "public",
        "forks": 0,
        "open_issues": 0,
        "watchers": 0,
        "default_branch": "main",
        "permissions": {
            "admin": true,
            "maintain": true,
            "push": true,
            "triage": true,
            "pull": true
        }
    },
    {
        "id": 357768220,
        "node_id": "MDEwOlJlcG9zaXRvcnkzNTc3NjgyMjA=",
        "name": "PremAtmecs",
        "full_name": "PremAtmecs/PremAtmecs",
        "private": false,
        "owner": {
            "login": "PremAtmecs",
            "id": 81416901,
            "node_id": "MDQ6VXNlcjgxNDE2OTAx",
            "avatar_url": "https://avatars.githubusercontent.com/u/81416901?v=4",
            "gravatar_id": "",
            "url": "https://api.github.com/users/PremAtmecs",
            "html_url": "https://github.com/PremAtmecs",
            "followers_url": "https://api.github.com/users/PremAtmecs/followers",
            "following_url": "https://api.github.com/users/PremAtmecs/following{/other_user}",
            "gists_url": "https://api.github.com/users/PremAtmecs/gists{/gist_id}",
            "starred_url": "https://api.github.com/users/PremAtmecs/starred{/owner}{/repo}",
            "subscriptions_url": "https://api.github.com/users/PremAtmecs/subscriptions",
            "organizations_url": "https://api.github.com/users/PremAtmecs/orgs",
            "repos_url": "https://api.github.com/users/PremAtmecs/repos",
            "events_url": "https://api.github.com/users/PremAtmecs/events{/privacy}",
            "received_events_url": "https://api.github.com/users/PremAtmecs/received_events",
            "type": "User",
            "site_admin": false
        },
        "html_url": "https://github.com/PremAtmecs/PremAtmecs",
        "description": "Config files for my GitHub profile.",
        "fork": false,
        "url": "https://api.github.com/repos/PremAtmecs/PremAtmecs",
        "forks_url": "https://api.github.com/repos/PremAtmecs/PremAtmecs/forks",
        "keys_url": "https://api.github.com/repos/PremAtmecs/PremAtmecs/keys{/key_id}",
        "collaborators_url": "https://api.github.com/repos/PremAtmecs/PremAtmecs/collaborators{/collaborator}",
        "teams_url": "https://api.github.com/repos/PremAtmecs/PremAtmecs/teams",
        "hooks_url": "https://api.github.com/repos/PremAtmecs/PremAtmecs/hooks",
        "issue_events_url": "https://api.github.com/repos/PremAtmecs/PremAtmecs/issues/events{/number}",
        "events_url": "https://api.github.com/repos/PremAtmecs/PremAtmecs/events",
        "assignees_url": "https://api.github.com/repos/PremAtmecs/PremAtmecs/assignees{/user}",
        "branches_url": "https://api.github.com/repos/PremAtmecs/PremAtmecs/branches{/branch}",
        "tags_url": "https://api.github.com/repos/PremAtmecs/PremAtmecs/tags",
        "blobs_url": "https://api.github.com/repos/PremAtmecs/PremAtmecs/git/blobs{/sha}",
        "git_tags_url": "https://api.github.com/repos/PremAtmecs/PremAtmecs/git/tags{/sha}",
        "git_refs_url": "https://api.github.com/repos/PremAtmecs/PremAtmecs/git/refs{/sha}",
        "trees_url": "https://api.github.com/repos/PremAtmecs/PremAtmecs/git/trees{/sha}",
        "statuses_url": "https://api.github.com/repos/PremAtmecs/PremAtmecs/statuses/{sha}",
        "languages_url": "https://api.github.com/repos/PremAtmecs/PremAtmecs/languages",
        "stargazers_url": "https://api.github.com/repos/PremAtmecs/PremAtmecs/stargazers",
        "contributors_url": "https://api.github.com/repos/PremAtmecs/PremAtmecs/contributors",
        "subscribers_url": "https://api.github.com/repos/PremAtmecs/PremAtmecs/subscribers",
        "subscription_url": "https://api.github.com/repos/PremAtmecs/PremAtmecs/subscription",
        "commits_url": "https://api.github.com/repos/PremAtmecs/PremAtmecs/commits{/sha}",
        "git_commits_url": "https://api.github.com/repos/PremAtmecs/PremAtmecs/git/commits{/sha}",
        "comments_url": "https://api.github.com/repos/PremAtmecs/PremAtmecs/comments{/number}",
        "issue_comment_url": "https://api.github.com/repos/PremAtmecs/PremAtmecs/issues/comments{/number}",
        "contents_url": "https://api.github.com/repos/PremAtmecs/PremAtmecs/contents/{+path}",
        "compare_url": "https://api.github.com/repos/PremAtmecs/PremAtmecs/compare/{base}...{head}",
        "merges_url": "https://api.github.com/repos/PremAtmecs/PremAtmecs/merges",
        "archive_url": "https://api.github.com/repos/PremAtmecs/PremAtmecs/{archive_format}{/ref}",
        "downloads_url": "https://api.github.com/repos/PremAtmecs/PremAtmecs/downloads",
        "issues_url": "https://api.github.com/repos/PremAtmecs/PremAtmecs/issues{/number}",
        "pulls_url": "https://api.github.com/repos/PremAtmecs/PremAtmecs/pulls{/number}",
        "milestones_url": "https://api.github.com/repos/PremAtmecs/PremAtmecs/milestones{/number}",
        "notifications_url": "https://api.github.com/repos/PremAtmecs/PremAtmecs/notifications{?since,all,participating}",
        "labels_url": "https://api.github.com/repos/PremAtmecs/PremAtmecs/labels{/name}",
        "releases_url": "https://api.github.com/repos/PremAtmecs/PremAtmecs/releases{/id}",
        "deployments_url": "https://api.github.com/repos/PremAtmecs/PremAtmecs/deployments",
        "created_at": "2021-04-14T04:03:08Z",
        "updated_at": "2021-04-14T04:03:08Z",
        "pushed_at": "2021-04-14T04:03:08Z",
        "git_url": "git://github.com/PremAtmecs/PremAtmecs.git",
        "ssh_url": "git@github.com:PremAtmecs/PremAtmecs.git",
        "clone_url": "https://github.com/PremAtmecs/PremAtmecs.git",
        "svn_url": "https://github.com/PremAtmecs/PremAtmecs",
        "homepage": "https://github.com/PremAtmecs",
        "size": 0,
        "stargazers_count": 0,
        "watchers_count": 0,
        "language": null,
        "has_issues": false,
        "has_projects": true,
        "has_downloads": true,
        "has_wiki": false,
        "has_pages": false,
        "has_discussions": false,
        "forks_count": 0,
        "mirror_url": null,
        "archived": false,
        "disabled": false,
        "open_issues_count": 0,
        "license": null,
        "allow_forking": true,
        "is_template": false,
        "web_commit_signoff_required": false,
        "topics": [
            "config",
            "github-config"
        ],
        "visibility": "public",
        "forks": 0,
        "open_issues": 0,
        "watchers": 0,
        "default_branch": "main",
        "permissions": {
            "admin": true,
            "maintain": true,
            "push": true,
            "triage": true,
            "pull": true
        }
    },
    {
        "id": 601706975,
        "node_id": "R_kgDOI91R3w",
        "name": "SwagLabs",
        "full_name": "PremAtmecs/SwagLabs",
        "private": false,
        "owner": {
            "login": "PremAtmecs",
            "id": 81416901,
            "node_id": "MDQ6VXNlcjgxNDE2OTAx",
            "avatar_url": "https://avatars.githubusercontent.com/u/81416901?v=4",
            "gravatar_id": "",
            "url": "https://api.github.com/users/PremAtmecs",
            "html_url": "https://github.com/PremAtmecs",
            "followers_url": "https://api.github.com/users/PremAtmecs/followers",
            "following_url": "https://api.github.com/users/PremAtmecs/following{/other_user}",
            "gists_url": "https://api.github.com/users/PremAtmecs/gists{/gist_id}",
            "starred_url": "https://api.github.com/users/PremAtmecs/starred{/owner}{/repo}",
            "subscriptions_url": "https://api.github.com/users/PremAtmecs/subscriptions",
            "organizations_url": "https://api.github.com/users/PremAtmecs/orgs",
            "repos_url": "https://api.github.com/users/PremAtmecs/repos",
            "events_url": "https://api.github.com/users/PremAtmecs/events{/privacy}",
            "received_events_url": "https://api.github.com/users/PremAtmecs/received_events",
            "type": "User",
            "site_admin": false
        },
        "html_url": "https://github.com/PremAtmecs/SwagLabs",
        "description": null,
        "fork": false,
        "url": "https://api.github.com/repos/PremAtmecs/SwagLabs",
        "forks_url": "https://api.github.com/repos/PremAtmecs/SwagLabs/forks",
        "keys_url": "https://api.github.com/repos/PremAtmecs/SwagLabs/keys{/key_id}",
        "collaborators_url": "https://api.github.com/repos/PremAtmecs/SwagLabs/collaborators{/collaborator}",
        "teams_url": "https://api.github.com/repos/PremAtmecs/SwagLabs/teams",
        "hooks_url": "https://api.github.com/repos/PremAtmecs/SwagLabs/hooks",
        "issue_events_url": "https://api.github.com/repos/PremAtmecs/SwagLabs/issues/events{/number}",
        "events_url": "https://api.github.com/repos/PremAtmecs/SwagLabs/events",
        "assignees_url": "https://api.github.com/repos/PremAtmecs/SwagLabs/assignees{/user}",
        "branches_url": "https://api.github.com/repos/PremAtmecs/SwagLabs/branches{/branch}",
        "tags_url": "https://api.github.com/repos/PremAtmecs/SwagLabs/tags",
        "blobs_url": "https://api.github.com/repos/PremAtmecs/SwagLabs/git/blobs{/sha}",
        "git_tags_url": "https://api.github.com/repos/PremAtmecs/SwagLabs/git/tags{/sha}",
        "git_refs_url": "https://api.github.com/repos/PremAtmecs/SwagLabs/git/refs{/sha}",
        "trees_url": "https://api.github.com/repos/PremAtmecs/SwagLabs/git/trees{/sha}",
        "statuses_url": "https://api.github.com/repos/PremAtmecs/SwagLabs/statuses/{sha}",
        "languages_url": "https://api.github.com/repos/PremAtmecs/SwagLabs/languages",
        "stargazers_url": "https://api.github.com/repos/PremAtmecs/SwagLabs/stargazers",
        "contributors_url": "https://api.github.com/repos/PremAtmecs/SwagLabs/contributors",
        "subscribers_url": "https://api.github.com/repos/PremAtmecs/SwagLabs/subscribers",
        "subscription_url": "https://api.github.com/repos/PremAtmecs/SwagLabs/subscription",
        "commits_url": "https://api.github.com/repos/PremAtmecs/SwagLabs/commits{/sha}",
        "git_commits_url": "https://api.github.com/repos/PremAtmecs/SwagLabs/git/commits{/sha}",
        "comments_url": "https://api.github.com/repos/PremAtmecs/SwagLabs/comments{/number}",
        "issue_comment_url": "https://api.github.com/repos/PremAtmecs/SwagLabs/issues/comments{/number}",
        "contents_url": "https://api.github.com/repos/PremAtmecs/SwagLabs/contents/{+path}",
        "compare_url": "https://api.github.com/repos/PremAtmecs/SwagLabs/compare/{base}...{head}",
        "merges_url": "https://api.github.com/repos/PremAtmecs/SwagLabs/merges",
        "archive_url": "https://api.github.com/repos/PremAtmecs/SwagLabs/{archive_format}{/ref}",
        "downloads_url": "https://api.github.com/repos/PremAtmecs/SwagLabs/downloads",
        "issues_url": "https://api.github.com/repos/PremAtmecs/SwagLabs/issues{/number}",
        "pulls_url": "https://api.github.com/repos/PremAtmecs/SwagLabs/pulls{/number}",
        "milestones_url": "https://api.github.com/repos/PremAtmecs/SwagLabs/milestones{/number}",
        "notifications_url": "https://api.github.com/repos/PremAtmecs/SwagLabs/notifications{?since,all,participating}",
        "labels_url": "https://api.github.com/repos/PremAtmecs/SwagLabs/labels{/name}",
        "releases_url": "https://api.github.com/repos/PremAtmecs/SwagLabs/releases{/id}",
        "deployments_url": "https://api.github.com/repos/PremAtmecs/SwagLabs/deployments",
        "created_at": "2023-02-14T16:40:03Z",
        "updated_at": "2023-02-17T09:05:35Z",
        "pushed_at": "2023-02-17T09:05:30Z",
        "git_url": "git://github.com/PremAtmecs/SwagLabs.git",
        "ssh_url": "git@github.com:PremAtmecs/SwagLabs.git",
        "clone_url": "https://github.com/PremAtmecs/SwagLabs.git",
        "svn_url": "https://github.com/PremAtmecs/SwagLabs",
        "homepage": null,
        "size": 19383,
        "stargazers_count": 0,
        "watchers_count": 0,
        "language": "JavaScript",
        "has_issues": true,
        "has_projects": true,
        "has_downloads": true,
        "has_wiki": true,
        "has_pages": false,
        "has_discussions": false,
        "forks_count": 0,
        "mirror_url": null,
        "archived": false,
        "disabled": false,
        "open_issues_count": 0,
        "license": null,
        "allow_forking": true,
        "is_template": false,
        "web_commit_signoff_required": false,
        "topics": [
            
        ],
        "visibility": "public",
        "forks": 0,
        "open_issues": 0,
        "watchers": 0,
        "default_branch": "SwagLab_Prem",
        "permissions": {
            "admin": true,
            "maintain": true,
            "push": true,
            "triage": true,
            "pull": true
        }
    },
    {
        "id": 625943951,
        "node_id": "R_kgDOJU8ljw",
        "name": "SwaglabsFramework",
        "full_name": "PremAtmecs/SwaglabsFramework",
        "private": false,
        "owner": {
            "login": "PremAtmecs",
            "id": 81416901,
            "node_id": "MDQ6VXNlcjgxNDE2OTAx",
            "avatar_url": "https://avatars.githubusercontent.com/u/81416901?v=4",
            "gravatar_id": "",
            "url": "https://api.github.com/users/PremAtmecs",
            "html_url": "https://github.com/PremAtmecs",
            "followers_url": "https://api.github.com/users/PremAtmecs/followers",
            "following_url": "https://api.github.com/users/PremAtmecs/following{/other_user}",
            "gists_url": "https://api.github.com/users/PremAtmecs/gists{/gist_id}",
            "starred_url": "https://api.github.com/users/PremAtmecs/starred{/owner}{/repo}",
            "subscriptions_url": "https://api.github.com/users/PremAtmecs/subscriptions",
            "organizations_url": "https://api.github.com/users/PremAtmecs/orgs",
            "repos_url": "https://api.github.com/users/PremAtmecs/repos",
            "events_url": "https://api.github.com/users/PremAtmecs/events{/privacy}",
            "received_events_url": "https://api.github.com/users/PremAtmecs/received_events",
            "type": "User",
            "site_admin": false
        },
        "html_url": "https://github.com/PremAtmecs/SwaglabsFramework",
        "description": null,
        "fork": false,
        "url": "https://api.github.com/repos/PremAtmecs/SwaglabsFramework",
        "forks_url": "https://api.github.com/repos/PremAtmecs/SwaglabsFramework/forks",
        "keys_url": "https://api.github.com/repos/PremAtmecs/SwaglabsFramework/keys{/key_id}",
        "collaborators_url": "https://api.github.com/repos/PremAtmecs/SwaglabsFramework/collaborators{/collaborator}",
        "teams_url": "https://api.github.com/repos/PremAtmecs/SwaglabsFramework/teams",
        "hooks_url": "https://api.github.com/repos/PremAtmecs/SwaglabsFramework/hooks",
        "issue_events_url": "https://api.github.com/repos/PremAtmecs/SwaglabsFramework/issues/events{/number}",
        "events_url": "https://api.github.com/repos/PremAtmecs/SwaglabsFramework/events",
        "assignees_url": "https://api.github.com/repos/PremAtmecs/SwaglabsFramework/assignees{/user}",
        "branches_url": "https://api.github.com/repos/PremAtmecs/SwaglabsFramework/branches{/branch}",
        "tags_url": "https://api.github.com/repos/PremAtmecs/SwaglabsFramework/tags",
        "blobs_url": "https://api.github.com/repos/PremAtmecs/SwaglabsFramework/git/blobs{/sha}",
        "git_tags_url": "https://api.github.com/repos/PremAtmecs/SwaglabsFramework/git/tags{/sha}",
        "git_refs_url": "https://api.github.com/repos/PremAtmecs/SwaglabsFramework/git/refs{/sha}",
        "trees_url": "https://api.github.com/repos/PremAtmecs/SwaglabsFramework/git/trees{/sha}",
        "statuses_url": "https://api.github.com/repos/PremAtmecs/SwaglabsFramework/statuses/{sha}",
        "languages_url": "https://api.github.com/repos/PremAtmecs/SwaglabsFramework/languages",
        "stargazers_url": "https://api.github.com/repos/PremAtmecs/SwaglabsFramework/stargazers",
        "contributors_url": "https://api.github.com/repos/PremAtmecs/SwaglabsFramework/contributors",
        "subscribers_url": "https://api.github.com/repos/PremAtmecs/SwaglabsFramework/subscribers",
        "subscription_url": "https://api.github.com/repos/PremAtmecs/SwaglabsFramework/subscription",
        "commits_url": "https://api.github.com/repos/PremAtmecs/SwaglabsFramework/commits{/sha}",
        "git_commits_url": "https://api.github.com/repos/PremAtmecs/SwaglabsFramework/git/commits{/sha}",
        "comments_url": "https://api.github.com/repos/PremAtmecs/SwaglabsFramework/comments{/number}",
        "issue_comment_url": "https://api.github.com/repos/PremAtmecs/SwaglabsFramework/issues/comments{/number}",
        "contents_url": "https://api.github.com/repos/PremAtmecs/SwaglabsFramework/contents/{+path}",
        "compare_url": "https://api.github.com/repos/PremAtmecs/SwaglabsFramework/compare/{base}...{head}",
        "merges_url": "https://api.github.com/repos/PremAtmecs/SwaglabsFramework/merges",
        "archive_url": "https://api.github.com/repos/PremAtmecs/SwaglabsFramework/{archive_format}{/ref}",
        "downloads_url": "https://api.github.com/repos/PremAtmecs/SwaglabsFramework/downloads",
        "issues_url": "https://api.github.com/repos/PremAtmecs/SwaglabsFramework/issues{/number}",
        "pulls_url": "https://api.github.com/repos/PremAtmecs/SwaglabsFramework/pulls{/number}",
        "milestones_url": "https://api.github.com/repos/PremAtmecs/SwaglabsFramework/milestones{/number}",
        "notifications_url": "https://api.github.com/repos/PremAtmecs/SwaglabsFramework/notifications{?since,all,participating}",
        "labels_url": "https://api.github.com/repos/PremAtmecs/SwaglabsFramework/labels{/name}",
        "releases_url": "https://api.github.com/repos/PremAtmecs/SwaglabsFramework/releases{/id}",
        "deployments_url": "https://api.github.com/repos/PremAtmecs/SwaglabsFramework/deployments",
        "created_at": "2023-04-10T13:08:32Z",
        "updated_at": "2023-04-10T13:15:52Z",
        "pushed_at": "2023-04-10T13:15:48Z",
        "git_url": "git://github.com/PremAtmecs/SwaglabsFramework.git",
        "ssh_url": "git@github.com:PremAtmecs/SwaglabsFramework.git",
        "clone_url": "https://github.com/PremAtmecs/SwaglabsFramework.git",
        "svn_url": "https://github.com/PremAtmecs/SwaglabsFramework",
        "homepage": null,
        "size": 49,
        "stargazers_count": 0,
        "watchers_count": 0,
        "language": "HTML",
        "has_issues": true,
        "has_projects": true,
        "has_downloads": true,
        "has_wiki": true,
        "has_pages": false,
        "has_discussions": false,
        "forks_count": 0,
        "mirror_url": null,
        "archived": false,
        "disabled": false,
        "open_issues_count": 0,
        "license": null,
        "allow_forking": true,
        "is_template": false,
        "web_commit_signoff_required": false,
        "topics": [
            
        ],
        "visibility": "public",
        "forks": 0,
        "open_issues": 0,
        "watchers": 0,
        "default_branch": "main",
        "permissions": {
            "admin": true,
            "maintain": true,
            "push": true,
            "triage": true,
            "pull": true
        }
    },
    {
        "id": 354005616,
        "node_id": "MDEwOlJlcG9zaXRvcnkzNTQwMDU2MTY=",
        "name": "table",
        "full_name": "PremAtmecs/table",
        "private": false,
        "owner": {
            "login": "PremAtmecs",
            "id": 81416901,
            "node_id": "MDQ6VXNlcjgxNDE2OTAx",
            "avatar_url": "https://avatars.githubusercontent.com/u/81416901?v=4",
            "gravatar_id": "",
            "url": "https://api.github.com/users/PremAtmecs",
            "html_url": "https://github.com/PremAtmecs",
            "followers_url": "https://api.github.com/users/PremAtmecs/followers",
            "following_url": "https://api.github.com/users/PremAtmecs/following{/other_user}",
            "gists_url": "https://api.github.com/users/PremAtmecs/gists{/gist_id}",
            "starred_url": "https://api.github.com/users/PremAtmecs/starred{/owner}{/repo}",
            "subscriptions_url": "https://api.github.com/users/PremAtmecs/subscriptions",
            "organizations_url": "https://api.github.com/users/PremAtmecs/orgs",
            "repos_url": "https://api.github.com/users/PremAtmecs/repos",
            "events_url": "https://api.github.com/users/PremAtmecs/events{/privacy}",
            "received_events_url": "https://api.github.com/users/PremAtmecs/received_events",
            "type": "User",
            "site_admin": false
        },
        "html_url": "https://github.com/PremAtmecs/table",
        "description": null,
        "fork": false,
        "url": "https://api.github.com/repos/PremAtmecs/table",
        "forks_url": "https://api.github.com/repos/PremAtmecs/table/forks",
        "keys_url": "https://api.github.com/repos/PremAtmecs/table/keys{/key_id}",
        "collaborators_url": "https://api.github.com/repos/PremAtmecs/table/collaborators{/collaborator}",
        "teams_url": "https://api.github.com/repos/PremAtmecs/table/teams",
        "hooks_url": "https://api.github.com/repos/PremAtmecs/table/hooks",
        "issue_events_url": "https://api.github.com/repos/PremAtmecs/table/issues/events{/number}",
        "events_url": "https://api.github.com/repos/PremAtmecs/table/events",
        "assignees_url": "https://api.github.com/repos/PremAtmecs/table/assignees{/user}",
        "branches_url": "https://api.github.com/repos/PremAtmecs/table/branches{/branch}",
        "tags_url": "https://api.github.com/repos/PremAtmecs/table/tags",
        "blobs_url": "https://api.github.com/repos/PremAtmecs/table/git/blobs{/sha}",
        "git_tags_url": "https://api.github.com/repos/PremAtmecs/table/git/tags{/sha}",
        "git_refs_url": "https://api.github.com/repos/PremAtmecs/table/git/refs{/sha}",
        "trees_url": "https://api.github.com/repos/PremAtmecs/table/git/trees{/sha}",
        "statuses_url": "https://api.github.com/repos/PremAtmecs/table/statuses/{sha}",
        "languages_url": "https://api.github.com/repos/PremAtmecs/table/languages",
        "stargazers_url": "https://api.github.com/repos/PremAtmecs/table/stargazers",
        "contributors_url": "https://api.github.com/repos/PremAtmecs/table/contributors",
        "subscribers_url": "https://api.github.com/repos/PremAtmecs/table/subscribers",
        "subscription_url": "https://api.github.com/repos/PremAtmecs/table/subscription",
        "commits_url": "https://api.github.com/repos/PremAtmecs/table/commits{/sha}",
        "git_commits_url": "https://api.github.com/repos/PremAtmecs/table/git/commits{/sha}",
        "comments_url": "https://api.github.com/repos/PremAtmecs/table/comments{/number}",
        "issue_comment_url": "https://api.github.com/repos/PremAtmecs/table/issues/comments{/number}",
        "contents_url": "https://api.github.com/repos/PremAtmecs/table/contents/{+path}",
        "compare_url": "https://api.github.com/repos/PremAtmecs/table/compare/{base}...{head}",
        "merges_url": "https://api.github.com/repos/PremAtmecs/table/merges",
        "archive_url": "https://api.github.com/repos/PremAtmecs/table/{archive_format}{/ref}",
        "downloads_url": "https://api.github.com/repos/PremAtmecs/table/downloads",
        "issues_url": "https://api.github.com/repos/PremAtmecs/table/issues{/number}",
        "pulls_url": "https://api.github.com/repos/PremAtmecs/table/pulls{/number}",
        "milestones_url": "https://api.github.com/repos/PremAtmecs/table/milestones{/number}",
        "notifications_url": "https://api.github.com/repos/PremAtmecs/table/notifications{?since,all,participating}",
        "labels_url": "https://api.github.com/repos/PremAtmecs/table/labels{/name}",
        "releases_url": "https://api.github.com/repos/PremAtmecs/table/releases{/id}",
        "deployments_url": "https://api.github.com/repos/PremAtmecs/table/deployments",
        "created_at": "2021-04-02T11:59:16Z",
        "updated_at": "2021-04-02T12:06:25Z",
        "pushed_at": "2021-04-02T12:06:23Z",
        "git_url": "git://github.com/PremAtmecs/table.git",
        "ssh_url": "git@github.com:PremAtmecs/table.git",
        "clone_url": "https://github.com/PremAtmecs/table.git",
        "svn_url": "https://github.com/PremAtmecs/table",
        "homepage": null,
        "size": 7,
        "stargazers_count": 0,
        "watchers_count": 0,
        "language": "Java",
        "has_issues": true,
        "has_projects": true,
        "has_downloads": true,
        "has_wiki": true,
        "has_pages": false,
        "has_discussions": false,
        "forks_count": 0,
        "mirror_url": null,
        "archived": false,
        "disabled": false,
        "open_issues_count": 0,
        "license": null,
        "allow_forking": true,
        "is_template": false,
        "web_commit_signoff_required": false,
        "topics": [
            
        ],
        "visibility": "public",
        "forks": 0,
        "open_issues": 0,
        "watchers": 0,
        "default_branch": "main",
        "permissions": {
            "admin": true,
            "maintain": true,
            "push": true,
            "triage": true,
            "pull": true
        }
    },
    {
        "id": 353715072,
        "node_id": "MDEwOlJlcG9zaXRvcnkzNTM3MTUwNzI=",
        "name": "webtable-handling",
        "full_name": "PremAtmecs/webtable-handling",
        "private": false,
        "owner": {
            "login": "PremAtmecs",
            "id": 81416901,
            "node_id": "MDQ6VXNlcjgxNDE2OTAx",
            "avatar_url": "https://avatars.githubusercontent.com/u/81416901?v=4",
            "gravatar_id": "",
            "url": "https://api.github.com/users/PremAtmecs",
            "html_url": "https://github.com/PremAtmecs",
            "followers_url": "https://api.github.com/users/PremAtmecs/followers",
            "following_url": "https://api.github.com/users/PremAtmecs/following{/other_user}",
            "gists_url": "https://api.github.com/users/PremAtmecs/gists{/gist_id}",
            "starred_url": "https://api.github.com/users/PremAtmecs/starred{/owner}{/repo}",
            "subscriptions_url": "https://api.github.com/users/PremAtmecs/subscriptions",
            "organizations_url": "https://api.github.com/users/PremAtmecs/orgs",
            "repos_url": "https://api.github.com/users/PremAtmecs/repos",
            "events_url": "https://api.github.com/users/PremAtmecs/events{/privacy}",
            "received_events_url": "https://api.github.com/users/PremAtmecs/received_events",
            "type": "User",
            "site_admin": false
        },
        "html_url": "https://github.com/PremAtmecs/webtable-handling",
        "description": null,
        "fork": false,
        "url": "https://api.github.com/repos/PremAtmecs/webtable-handling",
        "forks_url": "https://api.github.com/repos/PremAtmecs/webtable-handling/forks",
        "keys_url": "https://api.github.com/repos/PremAtmecs/webtable-handling/keys{/key_id}",
        "collaborators_url": "https://api.github.com/repos/PremAtmecs/webtable-handling/collaborators{/collaborator}",
        "teams_url": "https://api.github.com/repos/PremAtmecs/webtable-handling/teams",
        "hooks_url": "https://api.github.com/repos/PremAtmecs/webtable-handling/hooks",
        "issue_events_url": "https://api.github.com/repos/PremAtmecs/webtable-handling/issues/events{/number}",
        "events_url": "https://api.github.com/repos/PremAtmecs/webtable-handling/events",
        "assignees_url": "https://api.github.com/repos/PremAtmecs/webtable-handling/assignees{/user}",
        "branches_url": "https://api.github.com/repos/PremAtmecs/webtable-handling/branches{/branch}",
        "tags_url": "https://api.github.com/repos/PremAtmecs/webtable-handling/tags",
        "blobs_url": "https://api.github.com/repos/PremAtmecs/webtable-handling/git/blobs{/sha}",
        "git_tags_url": "https://api.github.com/repos/PremAtmecs/webtable-handling/git/tags{/sha}",
        "git_refs_url": "https://api.github.com/repos/PremAtmecs/webtable-handling/git/refs{/sha}",
        "trees_url": "https://api.github.com/repos/PremAtmecs/webtable-handling/git/trees{/sha}",
        "statuses_url": "https://api.github.com/repos/PremAtmecs/webtable-handling/statuses/{sha}",
        "languages_url": "https://api.github.com/repos/PremAtmecs/webtable-handling/languages",
        "stargazers_url": "https://api.github.com/repos/PremAtmecs/webtable-handling/stargazers",
        "contributors_url": "https://api.github.com/repos/PremAtmecs/webtable-handling/contributors",
        "subscribers_url": "https://api.github.com/repos/PremAtmecs/webtable-handling/subscribers",
        "subscription_url": "https://api.github.com/repos/PremAtmecs/webtable-handling/subscription",
        "commits_url": "https://api.github.com/repos/PremAtmecs/webtable-handling/commits{/sha}",
        "git_commits_url": "https://api.github.com/repos/PremAtmecs/webtable-handling/git/commits{/sha}",
        "comments_url": "https://api.github.com/repos/PremAtmecs/webtable-handling/comments{/number}",
        "issue_comment_url": "https://api.github.com/repos/PremAtmecs/webtable-handling/issues/comments{/number}",
        "contents_url": "https://api.github.com/repos/PremAtmecs/webtable-handling/contents/{+path}",
        "compare_url": "https://api.github.com/repos/PremAtmecs/webtable-handling/compare/{base}...{head}",
        "merges_url": "https://api.github.com/repos/PremAtmecs/webtable-handling/merges",
        "archive_url": "https://api.github.com/repos/PremAtmecs/webtable-handling/{archive_format}{/ref}",
        "downloads_url": "https://api.github.com/repos/PremAtmecs/webtable-handling/downloads",
        "issues_url": "https://api.github.com/repos/PremAtmecs/webtable-handling/issues{/number}",
        "pulls_url": "https://api.github.com/repos/PremAtmecs/webtable-handling/pulls{/number}",
        "milestones_url": "https://api.github.com/repos/PremAtmecs/webtable-handling/milestones{/number}",
        "notifications_url": "https://api.github.com/repos/PremAtmecs/webtable-handling/notifications{?since,all,participating}",
        "labels_url": "https://api.github.com/repos/PremAtmecs/webtable-handling/labels{/name}",
        "releases_url": "https://api.github.com/repos/PremAtmecs/webtable-handling/releases{/id}",
        "deployments_url": "https://api.github.com/repos/PremAtmecs/webtable-handling/deployments",
        "created_at": "2021-04-01T13:47:52Z",
        "updated_at": "2021-04-01T13:49:10Z",
        "pushed_at": "2021-04-01T13:49:08Z",
        "git_url": "git://github.com/PremAtmecs/webtable-handling.git",
        "ssh_url": "git@github.com:PremAtmecs/webtable-handling.git",
        "clone_url": "https://github.com/PremAtmecs/webtable-handling.git",
        "svn_url": "https://github.com/PremAtmecs/webtable-handling",
        "homepage": null,
        "size": 7,
        "stargazers_count": 0,
        "watchers_count": 0,
        "language": "Java",
        "has_issues": true,
        "has_projects": true,
        "has_downloads": true,
        "has_wiki": true,
        "has_pages": false,
        "has_discussions": false,
        "forks_count": 0,
        "mirror_url": null,
        "archived": false,
        "disabled": false,
        "open_issues_count": 0,
        "license": null,
        "allow_forking": true,
        "is_template": false,
        "web_commit_signoff_required": false,
        "topics": [
            
        ],
        "visibility": "public",
        "forks": 0,
        "open_issues": 0,
        "watchers": 0,
        "default_branch": "main",
        "permissions": {
            "admin": true,
            "maintain": true,
            "push": true,
            "triage": true,
            "pull": true
        }
    }
]
Method passed testBearerAuthorization
]]></system-out>
  </testcase>
  <testcase name="testOpenAuthorization" classname="com.api.tests.SecurityAPITests" time="32.803">
    <system-out><![CDATA[Method started testOpenAuthorization
HTTP/1.1 200 OK
Server: GitHub.com
Date: Tue, 23 May 2023 05:04:27 GMT
Content-Type: application/json; charset=utf-8
Transfer-Encoding: chunked
Cache-Control: private, max-age=60, s-maxage=60
Vary: Accept, Authorization, Cookie, X-GitHub-OTP
ETag: W/"c4b81f08164b20ccff321478bd711c22bc5984c357149423094f55157c8003cc"
X-OAuth-Scopes: 
X-Accepted-OAuth-Scopes: 
github-authentication-token-expiration: 2023-06-21 05:27:25 UTC
X-GitHub-Media-Type: github.v3; format=json
x-github-api-version-selected: 2022-11-28
X-RateLimit-Limit: 5000
X-RateLimit-Remaining: 4992
X-RateLimit-Reset: 1684821211
X-RateLimit-Used: 8
X-RateLimit-Resource: core
Access-Control-Expose-Headers: ETag, Link, Location, Retry-After, X-GitHub-OTP, X-RateLimit-Limit, X-RateLimit-Remaining, X-RateLimit-Used, X-RateLimit-Resource, X-RateLimit-Reset, X-OAuth-Scopes, X-Accepted-OAuth-Scopes, X-Poll-Interval, X-GitHub-Media-Type, X-GitHub-SSO, X-GitHub-Request-Id, Deprecation, Sunset
Access-Control-Allow-Origin: *
Strict-Transport-Security: max-age=31536000; includeSubdomains; preload
X-Frame-Options: deny
X-Content-Type-Options: nosniff
X-XSS-Protection: 0
Referrer-Policy: origin-when-cross-origin, strict-origin-when-cross-origin
Content-Security-Policy: default-src 'none'
Vary: Accept-Encoding, Accept, X-Requested-With
Content-Encoding: gzip
X-GitHub-Request-Id: F106:0544:40193D:46560D:646C495B

[
    {
        "id": 599973516,
        "node_id": "R_kgDOI8LejA",
        "name": "Cypress-Training-Repo",
        "full_name": "merugu-kondagoud/Cypress-Training-Repo",
        "private": false,
        "owner": {
            "login": "merugu-kondagoud",
            "id": 124798331,
            "node_id": "U_kgDOB3BFew",
            "avatar_url": "https://avatars.githubusercontent.com/u/124798331?v=4",
            "gravatar_id": "",
            "url": "https://api.github.com/users/merugu-kondagoud",
            "html_url": "https://github.com/merugu-kondagoud",
            "followers_url": "https://api.github.com/users/merugu-kondagoud/followers",
            "following_url": "https://api.github.com/users/merugu-kondagoud/following{/other_user}",
            "gists_url": "https://api.github.com/users/merugu-kondagoud/gists{/gist_id}",
            "starred_url": "https://api.github.com/users/merugu-kondagoud/starred{/owner}{/repo}",
            "subscriptions_url": "https://api.github.com/users/merugu-kondagoud/subscriptions",
            "organizations_url": "https://api.github.com/users/merugu-kondagoud/orgs",
            "repos_url": "https://api.github.com/users/merugu-kondagoud/repos",
            "events_url": "https://api.github.com/users/merugu-kondagoud/events{/privacy}",
            "received_events_url": "https://api.github.com/users/merugu-kondagoud/received_events",
            "type": "User",
            "site_admin": false
        },
        "html_url": "https://github.com/merugu-kondagoud/Cypress-Training-Repo",
        "description": null,
        "fork": false,
        "url": "https://api.github.com/repos/merugu-kondagoud/Cypress-Training-Repo",
        "forks_url": "https://api.github.com/repos/merugu-kondagoud/Cypress-Training-Repo/forks",
        "keys_url": "https://api.github.com/repos/merugu-kondagoud/Cypress-Training-Repo/keys{/key_id}",
        "collaborators_url": "https://api.github.com/repos/merugu-kondagoud/Cypress-Training-Repo/collaborators{/collaborator}",
        "teams_url": "https://api.github.com/repos/merugu-kondagoud/Cypress-Training-Repo/teams",
        "hooks_url": "https://api.github.com/repos/merugu-kondagoud/Cypress-Training-Repo/hooks",
        "issue_events_url": "https://api.github.com/repos/merugu-kondagoud/Cypress-Training-Repo/issues/events{/number}",
        "events_url": "https://api.github.com/repos/merugu-kondagoud/Cypress-Training-Repo/events",
        "assignees_url": "https://api.github.com/repos/merugu-kondagoud/Cypress-Training-Repo/assignees{/user}",
        "branches_url": "https://api.github.com/repos/merugu-kondagoud/Cypress-Training-Repo/branches{/branch}",
        "tags_url": "https://api.github.com/repos/merugu-kondagoud/Cypress-Training-Repo/tags",
        "blobs_url": "https://api.github.com/repos/merugu-kondagoud/Cypress-Training-Repo/git/blobs{/sha}",
        "git_tags_url": "https://api.github.com/repos/merugu-kondagoud/Cypress-Training-Repo/git/tags{/sha}",
        "git_refs_url": "https://api.github.com/repos/merugu-kondagoud/Cypress-Training-Repo/git/refs{/sha}",
        "trees_url": "https://api.github.com/repos/merugu-kondagoud/Cypress-Training-Repo/git/trees{/sha}",
        "statuses_url": "https://api.github.com/repos/merugu-kondagoud/Cypress-Training-Repo/statuses/{sha}",
        "languages_url": "https://api.github.com/repos/merugu-kondagoud/Cypress-Training-Repo/languages",
        "stargazers_url": "https://api.github.com/repos/merugu-kondagoud/Cypress-Training-Repo/stargazers",
        "contributors_url": "https://api.github.com/repos/merugu-kondagoud/Cypress-Training-Repo/contributors",
        "subscribers_url": "https://api.github.com/repos/merugu-kondagoud/Cypress-Training-Repo/subscribers",
        "subscription_url": "https://api.github.com/repos/merugu-kondagoud/Cypress-Training-Repo/subscription",
        "commits_url": "https://api.github.com/repos/merugu-kondagoud/Cypress-Training-Repo/commits{/sha}",
        "git_commits_url": "https://api.github.com/repos/merugu-kondagoud/Cypress-Training-Repo/git/commits{/sha}",
        "comments_url": "https://api.github.com/repos/merugu-kondagoud/Cypress-Training-Repo/comments{/number}",
        "issue_comment_url": "https://api.github.com/repos/merugu-kondagoud/Cypress-Training-Repo/issues/comments{/number}",
        "contents_url": "https://api.github.com/repos/merugu-kondagoud/Cypress-Training-Repo/contents/{+path}",
        "compare_url": "https://api.github.com/repos/merugu-kondagoud/Cypress-Training-Repo/compare/{base}...{head}",
        "merges_url": "https://api.github.com/repos/merugu-kondagoud/Cypress-Training-Repo/merges",
        "archive_url": "https://api.github.com/repos/merugu-kondagoud/Cypress-Training-Repo/{archive_format}{/ref}",
        "downloads_url": "https://api.github.com/repos/merugu-kondagoud/Cypress-Training-Repo/downloads",
        "issues_url": "https://api.github.com/repos/merugu-kondagoud/Cypress-Training-Repo/issues{/number}",
        "pulls_url": "https://api.github.com/repos/merugu-kondagoud/Cypress-Training-Repo/pulls{/number}",
        "milestones_url": "https://api.github.com/repos/merugu-kondagoud/Cypress-Training-Repo/milestones{/number}",
        "notifications_url": "https://api.github.com/repos/merugu-kondagoud/Cypress-Training-Repo/notifications{?since,all,participating}",
        "labels_url": "https://api.github.com/repos/merugu-kondagoud/Cypress-Training-Repo/labels{/name}",
        "releases_url": "https://api.github.com/repos/merugu-kondagoud/Cypress-Training-Repo/releases{/id}",
        "deployments_url": "https://api.github.com/repos/merugu-kondagoud/Cypress-Training-Repo/deployments",
        "created_at": "2023-02-10T09:45:26Z",
        "updated_at": "2023-02-10T09:53:21Z",
        "pushed_at": "2023-02-14T09:07:39Z",
        "git_url": "git://github.com/merugu-kondagoud/Cypress-Training-Repo.git",
        "ssh_url": "git@github.com:merugu-kondagoud/Cypress-Training-Repo.git",
        "clone_url": "https://github.com/merugu-kondagoud/Cypress-Training-Repo.git",
        "svn_url": "https://github.com/merugu-kondagoud/Cypress-Training-Repo",
        "homepage": null,
        "size": 5176,
        "stargazers_count": 0,
        "watchers_count": 0,
        "language": "JavaScript",
        "has_issues": true,
        "has_projects": true,
        "has_downloads": true,
        "has_wiki": true,
        "has_pages": false,
        "has_discussions": false,
        "forks_count": 0,
        "mirror_url": null,
        "archived": false,
        "disabled": false,
        "open_issues_count": 1,
        "license": null,
        "allow_forking": true,
        "is_template": false,
        "web_commit_signoff_required": false,
        "topics": [
            
        ],
        "visibility": "public",
        "forks": 0,
        "open_issues": 1,
        "watchers": 0,
        "default_branch": "master",
        "permissions": {
            "admin": false,
            "maintain": false,
            "push": true,
            "triage": true,
            "pull": true
        }
    },
    {
        "id": 602977400,
        "node_id": "R_kgDOI_C0eA",
        "name": "SwagLabsRepo",
        "full_name": "merugu-kondagoud/SwagLabsRepo",
        "private": false,
        "owner": {
            "login": "merugu-kondagoud",
            "id": 124798331,
            "node_id": "U_kgDOB3BFew",
            "avatar_url": "https://avatars.githubusercontent.com/u/124798331?v=4",
            "gravatar_id": "",
            "url": "https://api.github.com/users/merugu-kondagoud",
            "html_url": "https://github.com/merugu-kondagoud",
            "followers_url": "https://api.github.com/users/merugu-kondagoud/followers",
            "following_url": "https://api.github.com/users/merugu-kondagoud/following{/other_user}",
            "gists_url": "https://api.github.com/users/merugu-kondagoud/gists{/gist_id}",
            "starred_url": "https://api.github.com/users/merugu-kondagoud/starred{/owner}{/repo}",
            "subscriptions_url": "https://api.github.com/users/merugu-kondagoud/subscriptions",
            "organizations_url": "https://api.github.com/users/merugu-kondagoud/orgs",
            "repos_url": "https://api.github.com/users/merugu-kondagoud/repos",
            "events_url": "https://api.github.com/users/merugu-kondagoud/events{/privacy}",
            "received_events_url": "https://api.github.com/users/merugu-kondagoud/received_events",
            "type": "User",
            "site_admin": false
        },
        "html_url": "https://github.com/merugu-kondagoud/SwagLabsRepo",
        "description": null,
        "fork": false,
        "url": "https://api.github.com/repos/merugu-kondagoud/SwagLabsRepo",
        "forks_url": "https://api.github.com/repos/merugu-kondagoud/SwagLabsRepo/forks",
        "keys_url": "https://api.github.com/repos/merugu-kondagoud/SwagLabsRepo/keys{/key_id}",
        "collaborators_url": "https://api.github.com/repos/merugu-kondagoud/SwagLabsRepo/collaborators{/collaborator}",
        "teams_url": "https://api.github.com/repos/merugu-kondagoud/SwagLabsRepo/teams",
        "hooks_url": "https://api.github.com/repos/merugu-kondagoud/SwagLabsRepo/hooks",
        "issue_events_url": "https://api.github.com/repos/merugu-kondagoud/SwagLabsRepo/issues/events{/number}",
        "events_url": "https://api.github.com/repos/merugu-kondagoud/SwagLabsRepo/events",
        "assignees_url": "https://api.github.com/repos/merugu-kondagoud/SwagLabsRepo/assignees{/user}",
        "branches_url": "https://api.github.com/repos/merugu-kondagoud/SwagLabsRepo/branches{/branch}",
        "tags_url": "https://api.github.com/repos/merugu-kondagoud/SwagLabsRepo/tags",
        "blobs_url": "https://api.github.com/repos/merugu-kondagoud/SwagLabsRepo/git/blobs{/sha}",
        "git_tags_url": "https://api.github.com/repos/merugu-kondagoud/SwagLabsRepo/git/tags{/sha}",
        "git_refs_url": "https://api.github.com/repos/merugu-kondagoud/SwagLabsRepo/git/refs{/sha}",
        "trees_url": "https://api.github.com/repos/merugu-kondagoud/SwagLabsRepo/git/trees{/sha}",
        "statuses_url": "https://api.github.com/repos/merugu-kondagoud/SwagLabsRepo/statuses/{sha}",
        "languages_url": "https://api.github.com/repos/merugu-kondagoud/SwagLabsRepo/languages",
        "stargazers_url": "https://api.github.com/repos/merugu-kondagoud/SwagLabsRepo/stargazers",
        "contributors_url": "https://api.github.com/repos/merugu-kondagoud/SwagLabsRepo/contributors",
        "subscribers_url": "https://api.github.com/repos/merugu-kondagoud/SwagLabsRepo/subscribers",
        "subscription_url": "https://api.github.com/repos/merugu-kondagoud/SwagLabsRepo/subscription",
        "commits_url": "https://api.github.com/repos/merugu-kondagoud/SwagLabsRepo/commits{/sha}",
        "git_commits_url": "https://api.github.com/repos/merugu-kondagoud/SwagLabsRepo/git/commits{/sha}",
        "comments_url": "https://api.github.com/repos/merugu-kondagoud/SwagLabsRepo/comments{/number}",
        "issue_comment_url": "https://api.github.com/repos/merugu-kondagoud/SwagLabsRepo/issues/comments{/number}",
        "contents_url": "https://api.github.com/repos/merugu-kondagoud/SwagLabsRepo/contents/{+path}",
        "compare_url": "https://api.github.com/repos/merugu-kondagoud/SwagLabsRepo/compare/{base}...{head}",
        "merges_url": "https://api.github.com/repos/merugu-kondagoud/SwagLabsRepo/merges",
        "archive_url": "https://api.github.com/repos/merugu-kondagoud/SwagLabsRepo/{archive_format}{/ref}",
        "downloads_url": "https://api.github.com/repos/merugu-kondagoud/SwagLabsRepo/downloads",
        "issues_url": "https://api.github.com/repos/merugu-kondagoud/SwagLabsRepo/issues{/number}",
        "pulls_url": "https://api.github.com/repos/merugu-kondagoud/SwagLabsRepo/pulls{/number}",
        "milestones_url": "https://api.github.com/repos/merugu-kondagoud/SwagLabsRepo/milestones{/number}",
        "notifications_url": "https://api.github.com/repos/merugu-kondagoud/SwagLabsRepo/notifications{?since,all,participating}",
        "labels_url": "https://api.github.com/repos/merugu-kondagoud/SwagLabsRepo/labels{/name}",
        "releases_url": "https://api.github.com/repos/merugu-kondagoud/SwagLabsRepo/releases{/id}",
        "deployments_url": "https://api.github.com/repos/merugu-kondagoud/SwagLabsRepo/deployments",
        "created_at": "2023-02-17T10:59:05Z",
        "updated_at": "2023-02-17T11:40:38Z",
        "pushed_at": "2023-02-22T10:34:59Z",
        "git_url": "git://github.com/merugu-kondagoud/SwagLabsRepo.git",
        "ssh_url": "git@github.com:merugu-kondagoud/SwagLabsRepo.git",
        "clone_url": "https://github.com/merugu-kondagoud/SwagLabsRepo.git",
        "svn_url": "https://github.com/merugu-kondagoud/SwagLabsRepo",
        "homepage": null,
        "size": 23614,
        "stargazers_count": 0,
        "watchers_count": 0,
        "language": "JavaScript",
        "has_issues": true,
        "has_projects": true,
        "has_downloads": true,
        "has_wiki": true,
        "has_pages": false,
        "has_discussions": false,
        "forks_count": 0,
        "mirror_url": null,
        "archived": false,
        "disabled": false,
        "open_issues_count": 6,
        "license": null,
        "allow_forking": true,
        "is_template": false,
        "web_commit_signoff_required": false,
        "topics": [
            
        ],
        "visibility": "public",
        "forks": 0,
        "open_issues": 6,
        "watchers": 0,
        "default_branch": "master",
        "permissions": {
            "admin": false,
            "maintain": false,
            "push": true,
            "triage": true,
            "pull": true
        }
    },
    {
        "id": 352525737,
        "node_id": "MDEwOlJlcG9zaXRvcnkzNTI1MjU3Mzc=",
        "name": "12",
        "full_name": "PremAtmecs/12",
        "private": false,
        "owner": {
            "login": "PremAtmecs",
            "id": 81416901,
            "node_id": "MDQ6VXNlcjgxNDE2OTAx",
            "avatar_url": "https://avatars.githubusercontent.com/u/81416901?v=4",
            "gravatar_id": "",
            "url": "https://api.github.com/users/PremAtmecs",
            "html_url": "https://github.com/PremAtmecs",
            "followers_url": "https://api.github.com/users/PremAtmecs/followers",
            "following_url": "https://api.github.com/users/PremAtmecs/following{/other_user}",
            "gists_url": "https://api.github.com/users/PremAtmecs/gists{/gist_id}",
            "starred_url": "https://api.github.com/users/PremAtmecs/starred{/owner}{/repo}",
            "subscriptions_url": "https://api.github.com/users/PremAtmecs/subscriptions",
            "organizations_url": "https://api.github.com/users/PremAtmecs/orgs",
            "repos_url": "https://api.github.com/users/PremAtmecs/repos",
            "events_url": "https://api.github.com/users/PremAtmecs/events{/privacy}",
            "received_events_url": "https://api.github.com/users/PremAtmecs/received_events",
            "type": "User",
            "site_admin": false
        },
        "html_url": "https://github.com/PremAtmecs/12",
        "description": null,
        "fork": false,
        "url": "https://api.github.com/repos/PremAtmecs/12",
        "forks_url": "https://api.github.com/repos/PremAtmecs/12/forks",
        "keys_url": "https://api.github.com/repos/PremAtmecs/12/keys{/key_id}",
        "collaborators_url": "https://api.github.com/repos/PremAtmecs/12/collaborators{/collaborator}",
        "teams_url": "https://api.github.com/repos/PremAtmecs/12/teams",
        "hooks_url": "https://api.github.com/repos/PremAtmecs/12/hooks",
        "issue_events_url": "https://api.github.com/repos/PremAtmecs/12/issues/events{/number}",
        "events_url": "https://api.github.com/repos/PremAtmecs/12/events",
        "assignees_url": "https://api.github.com/repos/PremAtmecs/12/assignees{/user}",
        "branches_url": "https://api.github.com/repos/PremAtmecs/12/branches{/branch}",
        "tags_url": "https://api.github.com/repos/PremAtmecs/12/tags",
        "blobs_url": "https://api.github.com/repos/PremAtmecs/12/git/blobs{/sha}",
        "git_tags_url": "https://api.github.com/repos/PremAtmecs/12/git/tags{/sha}",
        "git_refs_url": "https://api.github.com/repos/PremAtmecs/12/git/refs{/sha}",
        "trees_url": "https://api.github.com/repos/PremAtmecs/12/git/trees{/sha}",
        "statuses_url": "https://api.github.com/repos/PremAtmecs/12/statuses/{sha}",
        "languages_url": "https://api.github.com/repos/PremAtmecs/12/languages",
        "stargazers_url": "https://api.github.com/repos/PremAtmecs/12/stargazers",
        "contributors_url": "https://api.github.com/repos/PremAtmecs/12/contributors",
        "subscribers_url": "https://api.github.com/repos/PremAtmecs/12/subscribers",
        "subscription_url": "https://api.github.com/repos/PremAtmecs/12/subscription",
        "commits_url": "https://api.github.com/repos/PremAtmecs/12/commits{/sha}",
        "git_commits_url": "https://api.github.com/repos/PremAtmecs/12/git/commits{/sha}",
        "comments_url": "https://api.github.com/repos/PremAtmecs/12/comments{/number}",
        "issue_comment_url": "https://api.github.com/repos/PremAtmecs/12/issues/comments{/number}",
        "contents_url": "https://api.github.com/repos/PremAtmecs/12/contents/{+path}",
        "compare_url": "https://api.github.com/repos/PremAtmecs/12/compare/{base}...{head}",
        "merges_url": "https://api.github.com/repos/PremAtmecs/12/merges",
        "archive_url": "https://api.github.com/repos/PremAtmecs/12/{archive_format}{/ref}",
        "downloads_url": "https://api.github.com/repos/PremAtmecs/12/downloads",
        "issues_url": "https://api.github.com/repos/PremAtmecs/12/issues{/number}",
        "pulls_url": "https://api.github.com/repos/PremAtmecs/12/pulls{/number}",
        "milestones_url": "https://api.github.com/repos/PremAtmecs/12/milestones{/number}",
        "notifications_url": "https://api.github.com/repos/PremAtmecs/12/notifications{?since,all,participating}",
        "labels_url": "https://api.github.com/repos/PremAtmecs/12/labels{/name}",
        "releases_url": "https://api.github.com/repos/PremAtmecs/12/releases{/id}",
        "deployments_url": "https://api.github.com/repos/PremAtmecs/12/deployments",
        "created_at": "2021-03-29T05:25:00Z",
        "updated_at": "2021-03-29T05:26:34Z",
        "pushed_at": "2021-03-29T05:26:32Z",
        "git_url": "git://github.com/PremAtmecs/12.git",
        "ssh_url": "git@github.com:PremAtmecs/12.git",
        "clone_url": "https://github.com/PremAtmecs/12.git",
        "svn_url": "https://github.com/PremAtmecs/12",
        "homepage": null,
        "size": 14,
        "stargazers_count": 0,
        "watchers_count": 0,
        "language": "Java",
        "has_issues": true,
        "has_projects": true,
        "has_downloads": true,
        "has_wiki": true,
        "has_pages": false,
        "has_discussions": false,
        "forks_count": 0,
        "mirror_url": null,
        "archived": false,
        "disabled": false,
        "open_issues_count": 0,
        "license": null,
        "allow_forking": true,
        "is_template": false,
        "web_commit_signoff_required": false,
        "topics": [
            
        ],
        "visibility": "public",
        "forks": 0,
        "open_issues": 0,
        "watchers": 0,
        "default_branch": "main",
        "permissions": {
            "admin": true,
            "maintain": true,
            "push": true,
            "triage": true,
            "pull": true
        }
    },
    {
        "id": 354872679,
        "node_id": "MDEwOlJlcG9zaXRvcnkzNTQ4NzI2Nzk=",
        "name": "Alert-framework1",
        "full_name": "PremAtmecs/Alert-framework1",
        "private": false,
        "owner": {
            "login": "PremAtmecs",
            "id": 81416901,
            "node_id": "MDQ6VXNlcjgxNDE2OTAx",
            "avatar_url": "https://avatars.githubusercontent.com/u/81416901?v=4",
            "gravatar_id": "",
            "url": "https://api.github.com/users/PremAtmecs",
            "html_url": "https://github.com/PremAtmecs",
            "followers_url": "https://api.github.com/users/PremAtmecs/followers",
            "following_url": "https://api.github.com/users/PremAtmecs/following{/other_user}",
            "gists_url": "https://api.github.com/users/PremAtmecs/gists{/gist_id}",
            "starred_url": "https://api.github.com/users/PremAtmecs/starred{/owner}{/repo}",
            "subscriptions_url": "https://api.github.com/users/PremAtmecs/subscriptions",
            "organizations_url": "https://api.github.com/users/PremAtmecs/orgs",
            "repos_url": "https://api.github.com/users/PremAtmecs/repos",
            "events_url": "https://api.github.com/users/PremAtmecs/events{/privacy}",
            "received_events_url": "https://api.github.com/users/PremAtmecs/received_events",
            "type": "User",
            "site_admin": false
        },
        "html_url": "https://github.com/PremAtmecs/Alert-framework1",
        "description": null,
        "fork": false,
        "url": "https://api.github.com/repos/PremAtmecs/Alert-framework1",
        "forks_url": "https://api.github.com/repos/PremAtmecs/Alert-framework1/forks",
        "keys_url": "https://api.github.com/repos/PremAtmecs/Alert-framework1/keys{/key_id}",
        "collaborators_url": "https://api.github.com/repos/PremAtmecs/Alert-framework1/collaborators{/collaborator}",
        "teams_url": "https://api.github.com/repos/PremAtmecs/Alert-framework1/teams",
        "hooks_url": "https://api.github.com/repos/PremAtmecs/Alert-framework1/hooks",
        "issue_events_url": "https://api.github.com/repos/PremAtmecs/Alert-framework1/issues/events{/number}",
        "events_url": "https://api.github.com/repos/PremAtmecs/Alert-framework1/events",
        "assignees_url": "https://api.github.com/repos/PremAtmecs/Alert-framework1/assignees{/user}",
        "branches_url": "https://api.github.com/repos/PremAtmecs/Alert-framework1/branches{/branch}",
        "tags_url": "https://api.github.com/repos/PremAtmecs/Alert-framework1/tags",
        "blobs_url": "https://api.github.com/repos/PremAtmecs/Alert-framework1/git/blobs{/sha}",
        "git_tags_url": "https://api.github.com/repos/PremAtmecs/Alert-framework1/git/tags{/sha}",
        "git_refs_url": "https://api.github.com/repos/PremAtmecs/Alert-framework1/git/refs{/sha}",
        "trees_url": "https://api.github.com/repos/PremAtmecs/Alert-framework1/git/trees{/sha}",
        "statuses_url": "https://api.github.com/repos/PremAtmecs/Alert-framework1/statuses/{sha}",
        "languages_url": "https://api.github.com/repos/PremAtmecs/Alert-framework1/languages",
        "stargazers_url": "https://api.github.com/repos/PremAtmecs/Alert-framework1/stargazers",
        "contributors_url": "https://api.github.com/repos/PremAtmecs/Alert-framework1/contributors",
        "subscribers_url": "https://api.github.com/repos/PremAtmecs/Alert-framework1/subscribers",
        "subscription_url": "https://api.github.com/repos/PremAtmecs/Alert-framework1/subscription",
        "commits_url": "https://api.github.com/repos/PremAtmecs/Alert-framework1/commits{/sha}",
        "git_commits_url": "https://api.github.com/repos/PremAtmecs/Alert-framework1/git/commits{/sha}",
        "comments_url": "https://api.github.com/repos/PremAtmecs/Alert-framework1/comments{/number}",
        "issue_comment_url": "https://api.github.com/repos/PremAtmecs/Alert-framework1/issues/comments{/number}",
        "contents_url": "https://api.github.com/repos/PremAtmecs/Alert-framework1/contents/{+path}",
        "compare_url": "https://api.github.com/repos/PremAtmecs/Alert-framework1/compare/{base}...{head}",
        "merges_url": "https://api.github.com/repos/PremAtmecs/Alert-framework1/merges",
        "archive_url": "https://api.github.com/repos/PremAtmecs/Alert-framework1/{archive_format}{/ref}",
        "downloads_url": "https://api.github.com/repos/PremAtmecs/Alert-framework1/downloads",
        "issues_url": "https://api.github.com/repos/PremAtmecs/Alert-framework1/issues{/number}",
        "pulls_url": "https://api.github.com/repos/PremAtmecs/Alert-framework1/pulls{/number}",
        "milestones_url": "https://api.github.com/repos/PremAtmecs/Alert-framework1/milestones{/number}",
        "notifications_url": "https://api.github.com/repos/PremAtmecs/Alert-framework1/notifications{?since,all,participating}",
        "labels_url": "https://api.github.com/repos/PremAtmecs/Alert-framework1/labels{/name}",
        "releases_url": "https://api.github.com/repos/PremAtmecs/Alert-framework1/releases{/id}",
        "deployments_url": "https://api.github.com/repos/PremAtmecs/Alert-framework1/deployments",
        "created_at": "2021-04-05T15:01:51Z",
        "updated_at": "2021-04-05T15:02:31Z",
        "pushed_at": "2021-04-05T15:02:29Z",
        "git_url": "git://github.com/PremAtmecs/Alert-framework1.git",
        "ssh_url": "git@github.com:PremAtmecs/Alert-framework1.git",
        "clone_url": "https://github.com/PremAtmecs/Alert-framework1.git",
        "svn_url": "https://github.com/PremAtmecs/Alert-framework1",
        "homepage": null,
        "size": 4,
        "stargazers_count": 0,
        "watchers_count": 0,
        "language": "Java",
        "has_issues": true,
        "has_projects": true,
        "has_downloads": true,
        "has_wiki": true,
        "has_pages": false,
        "has_discussions": false,
        "forks_count": 0,
        "mirror_url": null,
        "archived": false,
        "disabled": false,
        "open_issues_count": 0,
        "license": null,
        "allow_forking": true,
        "is_template": false,
        "web_commit_signoff_required": false,
        "topics": [
            
        ],
        "visibility": "public",
        "forks": 0,
        "open_issues": 0,
        "watchers": 0,
        "default_branch": "main",
        "permissions": {
            "admin": true,
            "maintain": true,
            "push": true,
            "triage": true,
            "pull": true
        }
    },
    {
        "id": 354799073,
        "node_id": "MDEwOlJlcG9zaXRvcnkzNTQ3OTkwNzM=",
        "name": "Alert-framewrok",
        "full_name": "PremAtmecs/Alert-framewrok",
        "private": false,
        "owner": {
            "login": "PremAtmecs",
            "id": 81416901,
            "node_id": "MDQ6VXNlcjgxNDE2OTAx",
            "avatar_url": "https://avatars.githubusercontent.com/u/81416901?v=4",
            "gravatar_id": "",
            "url": "https://api.github.com/users/PremAtmecs",
            "html_url": "https://github.com/PremAtmecs",
            "followers_url": "https://api.github.com/users/PremAtmecs/followers",
            "following_url": "https://api.github.com/users/PremAtmecs/following{/other_user}",
            "gists_url": "https://api.github.com/users/PremAtmecs/gists{/gist_id}",
            "starred_url": "https://api.github.com/users/PremAtmecs/starred{/owner}{/repo}",
            "subscriptions_url": "https://api.github.com/users/PremAtmecs/subscriptions",
            "organizations_url": "https://api.github.com/users/PremAtmecs/orgs",
            "repos_url": "https://api.github.com/users/PremAtmecs/repos",
            "events_url": "https://api.github.com/users/PremAtmecs/events{/privacy}",
            "received_events_url": "https://api.github.com/users/PremAtmecs/received_events",
            "type": "User",
            "site_admin": false
        },
        "html_url": "https://github.com/PremAtmecs/Alert-framewrok",
        "description": null,
        "fork": false,
        "url": "https://api.github.com/repos/PremAtmecs/Alert-framewrok",
        "forks_url": "https://api.github.com/repos/PremAtmecs/Alert-framewrok/forks",
        "keys_url": "https://api.github.com/repos/PremAtmecs/Alert-framewrok/keys{/key_id}",
        "collaborators_url": "https://api.github.com/repos/PremAtmecs/Alert-framewrok/collaborators{/collaborator}",
        "teams_url": "https://api.github.com/repos/PremAtmecs/Alert-framewrok/teams",
        "hooks_url": "https://api.github.com/repos/PremAtmecs/Alert-framewrok/hooks",
        "issue_events_url": "https://api.github.com/repos/PremAtmecs/Alert-framewrok/issues/events{/number}",
        "events_url": "https://api.github.com/repos/PremAtmecs/Alert-framewrok/events",
        "assignees_url": "https://api.github.com/repos/PremAtmecs/Alert-framewrok/assignees{/user}",
        "branches_url": "https://api.github.com/repos/PremAtmecs/Alert-framewrok/branches{/branch}",
        "tags_url": "https://api.github.com/repos/PremAtmecs/Alert-framewrok/tags",
        "blobs_url": "https://api.github.com/repos/PremAtmecs/Alert-framewrok/git/blobs{/sha}",
        "git_tags_url": "https://api.github.com/repos/PremAtmecs/Alert-framewrok/git/tags{/sha}",
        "git_refs_url": "https://api.github.com/repos/PremAtmecs/Alert-framewrok/git/refs{/sha}",
        "trees_url": "https://api.github.com/repos/PremAtmecs/Alert-framewrok/git/trees{/sha}",
        "statuses_url": "https://api.github.com/repos/PremAtmecs/Alert-framewrok/statuses/{sha}",
        "languages_url": "https://api.github.com/repos/PremAtmecs/Alert-framewrok/languages",
        "stargazers_url": "https://api.github.com/repos/PremAtmecs/Alert-framewrok/stargazers",
        "contributors_url": "https://api.github.com/repos/PremAtmecs/Alert-framewrok/contributors",
        "subscribers_url": "https://api.github.com/repos/PremAtmecs/Alert-framewrok/subscribers",
        "subscription_url": "https://api.github.com/repos/PremAtmecs/Alert-framewrok/subscription",
        "commits_url": "https://api.github.com/repos/PremAtmecs/Alert-framewrok/commits{/sha}",
        "git_commits_url": "https://api.github.com/repos/PremAtmecs/Alert-framewrok/git/commits{/sha}",
        "comments_url": "https://api.github.com/repos/PremAtmecs/Alert-framewrok/comments{/number}",
        "issue_comment_url": "https://api.github.com/repos/PremAtmecs/Alert-framewrok/issues/comments{/number}",
        "contents_url": "https://api.github.com/repos/PremAtmecs/Alert-framewrok/contents/{+path}",
        "compare_url": "https://api.github.com/repos/PremAtmecs/Alert-framewrok/compare/{base}...{head}",
        "merges_url": "https://api.github.com/repos/PremAtmecs/Alert-framewrok/merges",
        "archive_url": "https://api.github.com/repos/PremAtmecs/Alert-framewrok/{archive_format}{/ref}",
        "downloads_url": "https://api.github.com/repos/PremAtmecs/Alert-framewrok/downloads",
        "issues_url": "https://api.github.com/repos/PremAtmecs/Alert-framewrok/issues{/number}",
        "pulls_url": "https://api.github.com/repos/PremAtmecs/Alert-framewrok/pulls{/number}",
        "milestones_url": "https://api.github.com/repos/PremAtmecs/Alert-framewrok/milestones{/number}",
        "notifications_url": "https://api.github.com/repos/PremAtmecs/Alert-framewrok/notifications{?since,all,participating}",
        "labels_url": "https://api.github.com/repos/PremAtmecs/Alert-framewrok/labels{/name}",
        "releases_url": "https://api.github.com/repos/PremAtmecs/Alert-framewrok/releases{/id}",
        "deployments_url": "https://api.github.com/repos/PremAtmecs/Alert-framewrok/deployments",
        "created_at": "2021-04-05T10:37:11Z",
        "updated_at": "2021-04-05T10:39:33Z",
        "pushed_at": "2021-04-05T10:39:31Z",
        "git_url": "git://github.com/PremAtmecs/Alert-framewrok.git",
        "ssh_url": "git@github.com:PremAtmecs/Alert-framewrok.git",
        "clone_url": "https://github.com/PremAtmecs/Alert-framewrok.git",
        "svn_url": "https://github.com/PremAtmecs/Alert-framewrok",
        "homepage": null,
        "size": 102,
        "stargazers_count": 0,
        "watchers_count": 0,
        "language": "HTML",
        "has_issues": true,
        "has_projects": true,
        "has_downloads": true,
        "has_wiki": true,
        "has_pages": false,
        "has_discussions": false,
        "forks_count": 0,
        "mirror_url": null,
        "archived": false,
        "disabled": false,
        "open_issues_count": 0,
        "license": null,
        "allow_forking": true,
        "is_template": false,
        "web_commit_signoff_required": false,
        "topics": [
            
        ],
        "visibility": "public",
        "forks": 0,
        "open_issues": 0,
        "watchers": 0,
        "default_branch": "main",
        "permissions": {
            "admin": true,
            "maintain": true,
            "push": true,
            "triage": true,
            "pull": true
        }
    },
    {
        "id": 639870737,
        "node_id": "R_kgDOJiOnEQ",
        "name": "API-Automation-student",
        "full_name": "PremAtmecs/API-Automation-student",
        "private": false,
        "owner": {
            "login": "PremAtmecs",
            "id": 81416901,
            "node_id": "MDQ6VXNlcjgxNDE2OTAx",
            "avatar_url": "https://avatars.githubusercontent.com/u/81416901?v=4",
            "gravatar_id": "",
            "url": "https://api.github.com/users/PremAtmecs",
            "html_url": "https://github.com/PremAtmecs",
            "followers_url": "https://api.github.com/users/PremAtmecs/followers",
            "following_url": "https://api.github.com/users/PremAtmecs/following{/other_user}",
            "gists_url": "https://api.github.com/users/PremAtmecs/gists{/gist_id}",
            "starred_url": "https://api.github.com/users/PremAtmecs/starred{/owner}{/repo}",
            "subscriptions_url": "https://api.github.com/users/PremAtmecs/subscriptions",
            "organizations_url": "https://api.github.com/users/PremAtmecs/orgs",
            "repos_url": "https://api.github.com/users/PremAtmecs/repos",
            "events_url": "https://api.github.com/users/PremAtmecs/events{/privacy}",
            "received_events_url": "https://api.github.com/users/PremAtmecs/received_events",
            "type": "User",
            "site_admin": false
        },
        "html_url": "https://github.com/PremAtmecs/API-Automation-student",
        "description": null,
        "fork": false,
        "url": "https://api.github.com/repos/PremAtmecs/API-Automation-student",
        "forks_url": "https://api.github.com/repos/PremAtmecs/API-Automation-student/forks",
        "keys_url": "https://api.github.com/repos/PremAtmecs/API-Automation-student/keys{/key_id}",
        "collaborators_url": "https://api.github.com/repos/PremAtmecs/API-Automation-student/collaborators{/collaborator}",
        "teams_url": "https://api.github.com/repos/PremAtmecs/API-Automation-student/teams",
        "hooks_url": "https://api.github.com/repos/PremAtmecs/API-Automation-student/hooks",
        "issue_events_url": "https://api.github.com/repos/PremAtmecs/API-Automation-student/issues/events{/number}",
        "events_url": "https://api.github.com/repos/PremAtmecs/API-Automation-student/events",
        "assignees_url": "https://api.github.com/repos/PremAtmecs/API-Automation-student/assignees{/user}",
        "branches_url": "https://api.github.com/repos/PremAtmecs/API-Automation-student/branches{/branch}",
        "tags_url": "https://api.github.com/repos/PremAtmecs/API-Automation-student/tags",
        "blobs_url": "https://api.github.com/repos/PremAtmecs/API-Automation-student/git/blobs{/sha}",
        "git_tags_url": "https://api.github.com/repos/PremAtmecs/API-Automation-student/git/tags{/sha}",
        "git_refs_url": "https://api.github.com/repos/PremAtmecs/API-Automation-student/git/refs{/sha}",
        "trees_url": "https://api.github.com/repos/PremAtmecs/API-Automation-student/git/trees{/sha}",
        "statuses_url": "https://api.github.com/repos/PremAtmecs/API-Automation-student/statuses/{sha}",
        "languages_url": "https://api.github.com/repos/PremAtmecs/API-Automation-student/languages",
        "stargazers_url": "https://api.github.com/repos/PremAtmecs/API-Automation-student/stargazers",
        "contributors_url": "https://api.github.com/repos/PremAtmecs/API-Automation-student/contributors",
        "subscribers_url": "https://api.github.com/repos/PremAtmecs/API-Automation-student/subscribers",
        "subscription_url": "https://api.github.com/repos/PremAtmecs/API-Automation-student/subscription",
        "commits_url": "https://api.github.com/repos/PremAtmecs/API-Automation-student/commits{/sha}",
        "git_commits_url": "https://api.github.com/repos/PremAtmecs/API-Automation-student/git/commits{/sha}",
        "comments_url": "https://api.github.com/repos/PremAtmecs/API-Automation-student/comments{/number}",
        "issue_comment_url": "https://api.github.com/repos/PremAtmecs/API-Automation-student/issues/comments{/number}",
        "contents_url": "https://api.github.com/repos/PremAtmecs/API-Automation-student/contents/{+path}",
        "compare_url": "https://api.github.com/repos/PremAtmecs/API-Automation-student/compare/{base}...{head}",
        "merges_url": "https://api.github.com/repos/PremAtmecs/API-Automation-student/merges",
        "archive_url": "https://api.github.com/repos/PremAtmecs/API-Automation-student/{archive_format}{/ref}",
        "downloads_url": "https://api.github.com/repos/PremAtmecs/API-Automation-student/downloads",
        "issues_url": "https://api.github.com/repos/PremAtmecs/API-Automation-student/issues{/number}",
        "pulls_url": "https://api.github.com/repos/PremAtmecs/API-Automation-student/pulls{/number}",
        "milestones_url": "https://api.github.com/repos/PremAtmecs/API-Automation-student/milestones{/number}",
        "notifications_url": "https://api.github.com/repos/PremAtmecs/API-Automation-student/notifications{?since,all,participating}",
        "labels_url": "https://api.github.com/repos/PremAtmecs/API-Automation-student/labels{/name}",
        "releases_url": "https://api.github.com/repos/PremAtmecs/API-Automation-student/releases{/id}",
        "deployments_url": "https://api.github.com/repos/PremAtmecs/API-Automation-student/deployments",
        "created_at": "2023-05-12T12:16:57Z",
        "updated_at": "2023-05-12T12:18:49Z",
        "pushed_at": "2023-05-12T12:18:45Z",
        "git_url": "git://github.com/PremAtmecs/API-Automation-student.git",
        "ssh_url": "git@github.com:PremAtmecs/API-Automation-student.git",
        "clone_url": "https://github.com/PremAtmecs/API-Automation-student.git",
        "svn_url": "https://github.com/PremAtmecs/API-Automation-student",
        "homepage": null,
        "size": 22,
        "stargazers_count": 0,
        "watchers_count": 0,
        "language": "HTML",
        "has_issues": true,
        "has_projects": true,
        "has_downloads": true,
        "has_wiki": true,
        "has_pages": false,
        "has_discussions": false,
        "forks_count": 0,
        "mirror_url": null,
        "archived": false,
        "disabled": false,
        "open_issues_count": 0,
        "license": null,
        "allow_forking": true,
        "is_template": false,
        "web_commit_signoff_required": false,
        "topics": [
            
        ],
        "visibility": "public",
        "forks": 0,
        "open_issues": 0,
        "watchers": 0,
        "default_branch": "master",
        "permissions": {
            "admin": true,
            "maintain": true,
            "push": true,
            "triage": true,
            "pull": true
        }
    },
    {
        "id": 365955774,
        "node_id": "MDEwOlJlcG9zaXRvcnkzNjU5NTU3NzQ=",
        "name": "aspire",
        "full_name": "PremAtmecs/aspire",
        "private": false,
        "owner": {
            "login": "PremAtmecs",
            "id": 81416901,
            "node_id": "MDQ6VXNlcjgxNDE2OTAx",
            "avatar_url": "https://avatars.githubusercontent.com/u/81416901?v=4",
            "gravatar_id": "",
            "url": "https://api.github.com/users/PremAtmecs",
            "html_url": "https://github.com/PremAtmecs",
            "followers_url": "https://api.github.com/users/PremAtmecs/followers",
            "following_url": "https://api.github.com/users/PremAtmecs/following{/other_user}",
            "gists_url": "https://api.github.com/users/PremAtmecs/gists{/gist_id}",
            "starred_url": "https://api.github.com/users/PremAtmecs/starred{/owner}{/repo}",
            "subscriptions_url": "https://api.github.com/users/PremAtmecs/subscriptions",
            "organizations_url": "https://api.github.com/users/PremAtmecs/orgs",
            "repos_url": "https://api.github.com/users/PremAtmecs/repos",
            "events_url": "https://api.github.com/users/PremAtmecs/events{/privacy}",
            "received_events_url": "https://api.github.com/users/PremAtmecs/received_events",
            "type": "User",
            "site_admin": false
        },
        "html_url": "https://github.com/PremAtmecs/aspire",
        "description": null,
        "fork": false,
        "url": "https://api.github.com/repos/PremAtmecs/aspire",
        "forks_url": "https://api.github.com/repos/PremAtmecs/aspire/forks",
        "keys_url": "https://api.github.com/repos/PremAtmecs/aspire/keys{/key_id}",
        "collaborators_url": "https://api.github.com/repos/PremAtmecs/aspire/collaborators{/collaborator}",
        "teams_url": "https://api.github.com/repos/PremAtmecs/aspire/teams",
        "hooks_url": "https://api.github.com/repos/PremAtmecs/aspire/hooks",
        "issue_events_url": "https://api.github.com/repos/PremAtmecs/aspire/issues/events{/number}",
        "events_url": "https://api.github.com/repos/PremAtmecs/aspire/events",
        "assignees_url": "https://api.github.com/repos/PremAtmecs/aspire/assignees{/user}",
        "branches_url": "https://api.github.com/repos/PremAtmecs/aspire/branches{/branch}",
        "tags_url": "https://api.github.com/repos/PremAtmecs/aspire/tags",
        "blobs_url": "https://api.github.com/repos/PremAtmecs/aspire/git/blobs{/sha}",
        "git_tags_url": "https://api.github.com/repos/PremAtmecs/aspire/git/tags{/sha}",
        "git_refs_url": "https://api.github.com/repos/PremAtmecs/aspire/git/refs{/sha}",
        "trees_url": "https://api.github.com/repos/PremAtmecs/aspire/git/trees{/sha}",
        "statuses_url": "https://api.github.com/repos/PremAtmecs/aspire/statuses/{sha}",
        "languages_url": "https://api.github.com/repos/PremAtmecs/aspire/languages",
        "stargazers_url": "https://api.github.com/repos/PremAtmecs/aspire/stargazers",
        "contributors_url": "https://api.github.com/repos/PremAtmecs/aspire/contributors",
        "subscribers_url": "https://api.github.com/repos/PremAtmecs/aspire/subscribers",
        "subscription_url": "https://api.github.com/repos/PremAtmecs/aspire/subscription",
        "commits_url": "https://api.github.com/repos/PremAtmecs/aspire/commits{/sha}",
        "git_commits_url": "https://api.github.com/repos/PremAtmecs/aspire/git/commits{/sha}",
        "comments_url": "https://api.github.com/repos/PremAtmecs/aspire/comments{/number}",
        "issue_comment_url": "https://api.github.com/repos/PremAtmecs/aspire/issues/comments{/number}",
        "contents_url": "https://api.github.com/repos/PremAtmecs/aspire/contents/{+path}",
        "compare_url": "https://api.github.com/repos/PremAtmecs/aspire/compare/{base}...{head}",
        "merges_url": "https://api.github.com/repos/PremAtmecs/aspire/merges",
        "archive_url": "https://api.github.com/repos/PremAtmecs/aspire/{archive_format}{/ref}",
        "downloads_url": "https://api.github.com/repos/PremAtmecs/aspire/downloads",
        "issues_url": "https://api.github.com/repos/PremAtmecs/aspire/issues{/number}",
        "pulls_url": "https://api.github.com/repos/PremAtmecs/aspire/pulls{/number}",
        "milestones_url": "https://api.github.com/repos/PremAtmecs/aspire/milestones{/number}",
        "notifications_url": "https://api.github.com/repos/PremAtmecs/aspire/notifications{?since,all,participating}",
        "labels_url": "https://api.github.com/repos/PremAtmecs/aspire/labels{/name}",
        "releases_url": "https://api.github.com/repos/PremAtmecs/aspire/releases{/id}",
        "deployments_url": "https://api.github.com/repos/PremAtmecs/aspire/deployments",
        "created_at": "2021-05-10T07:30:07Z",
        "updated_at": "2021-05-10T07:37:05Z",
        "pushed_at": "2021-05-10T07:37:03Z",
        "git_url": "git://github.com/PremAtmecs/aspire.git",
        "ssh_url": "git@github.com:PremAtmecs/aspire.git",
        "clone_url": "https://github.com/PremAtmecs/aspire.git",
        "svn_url": "https://github.com/PremAtmecs/aspire",
        "homepage": null,
        "size": 6,
        "stargazers_count": 0,
        "watchers_count": 0,
        "language": "Java",
        "has_issues": true,
        "has_projects": true,
        "has_downloads": true,
        "has_wiki": true,
        "has_pages": false,
        "has_discussions": false,
        "forks_count": 0,
        "mirror_url": null,
        "archived": false,
        "disabled": false,
        "open_issues_count": 0,
        "license": null,
        "allow_forking": true,
        "is_template": false,
        "web_commit_signoff_required": false,
        "topics": [
            
        ],
        "visibility": "public",
        "forks": 0,
        "open_issues": 0,
        "watchers": 0,
        "default_branch": "main",
        "permissions": {
            "admin": true,
            "maintain": true,
            "push": true,
            "triage": true,
            "pull": true
        }
    },
    {
        "id": 599547432,
        "node_id": "R_kgDOI7xeKA",
        "name": "Assignment",
        "full_name": "PremAtmecs/Assignment",
        "private": false,
        "owner": {
            "login": "PremAtmecs",
            "id": 81416901,
            "node_id": "MDQ6VXNlcjgxNDE2OTAx",
            "avatar_url": "https://avatars.githubusercontent.com/u/81416901?v=4",
            "gravatar_id": "",
            "url": "https://api.github.com/users/PremAtmecs",
            "html_url": "https://github.com/PremAtmecs",
            "followers_url": "https://api.github.com/users/PremAtmecs/followers",
            "following_url": "https://api.github.com/users/PremAtmecs/following{/other_user}",
            "gists_url": "https://api.github.com/users/PremAtmecs/gists{/gist_id}",
            "starred_url": "https://api.github.com/users/PremAtmecs/starred{/owner}{/repo}",
            "subscriptions_url": "https://api.github.com/users/PremAtmecs/subscriptions",
            "organizations_url": "https://api.github.com/users/PremAtmecs/orgs",
            "repos_url": "https://api.github.com/users/PremAtmecs/repos",
            "events_url": "https://api.github.com/users/PremAtmecs/events{/privacy}",
            "received_events_url": "https://api.github.com/users/PremAtmecs/received_events",
            "type": "User",
            "site_admin": false
        },
        "html_url": "https://github.com/PremAtmecs/Assignment",
        "description": null,
        "fork": false,
        "url": "https://api.github.com/repos/PremAtmecs/Assignment",
        "forks_url": "https://api.github.com/repos/PremAtmecs/Assignment/forks",
        "keys_url": "https://api.github.com/repos/PremAtmecs/Assignment/keys{/key_id}",
        "collaborators_url": "https://api.github.com/repos/PremAtmecs/Assignment/collaborators{/collaborator}",
        "teams_url": "https://api.github.com/repos/PremAtmecs/Assignment/teams",
        "hooks_url": "https://api.github.com/repos/PremAtmecs/Assignment/hooks",
        "issue_events_url": "https://api.github.com/repos/PremAtmecs/Assignment/issues/events{/number}",
        "events_url": "https://api.github.com/repos/PremAtmecs/Assignment/events",
        "assignees_url": "https://api.github.com/repos/PremAtmecs/Assignment/assignees{/user}",
        "branches_url": "https://api.github.com/repos/PremAtmecs/Assignment/branches{/branch}",
        "tags_url": "https://api.github.com/repos/PremAtmecs/Assignment/tags",
        "blobs_url": "https://api.github.com/repos/PremAtmecs/Assignment/git/blobs{/sha}",
        "git_tags_url": "https://api.github.com/repos/PremAtmecs/Assignment/git/tags{/sha}",
        "git_refs_url": "https://api.github.com/repos/PremAtmecs/Assignment/git/refs{/sha}",
        "trees_url": "https://api.github.com/repos/PremAtmecs/Assignment/git/trees{/sha}",
        "statuses_url": "https://api.github.com/repos/PremAtmecs/Assignment/statuses/{sha}",
        "languages_url": "https://api.github.com/repos/PremAtmecs/Assignment/languages",
        "stargazers_url": "https://api.github.com/repos/PremAtmecs/Assignment/stargazers",
        "contributors_url": "https://api.github.com/repos/PremAtmecs/Assignment/contributors",
        "subscribers_url": "https://api.github.com/repos/PremAtmecs/Assignment/subscribers",
        "subscription_url": "https://api.github.com/repos/PremAtmecs/Assignment/subscription",
        "commits_url": "https://api.github.com/repos/PremAtmecs/Assignment/commits{/sha}",
        "git_commits_url": "https://api.github.com/repos/PremAtmecs/Assignment/git/commits{/sha}",
        "comments_url": "https://api.github.com/repos/PremAtmecs/Assignment/comments{/number}",
        "issue_comment_url": "https://api.github.com/repos/PremAtmecs/Assignment/issues/comments{/number}",
        "contents_url": "https://api.github.com/repos/PremAtmecs/Assignment/contents/{+path}",
        "compare_url": "https://api.github.com/repos/PremAtmecs/Assignment/compare/{base}...{head}",
        "merges_url": "https://api.github.com/repos/PremAtmecs/Assignment/merges",
        "archive_url": "https://api.github.com/repos/PremAtmecs/Assignment/{archive_format}{/ref}",
        "downloads_url": "https://api.github.com/repos/PremAtmecs/Assignment/downloads",
        "issues_url": "https://api.github.com/repos/PremAtmecs/Assignment/issues{/number}",
        "pulls_url": "https://api.github.com/repos/PremAtmecs/Assignment/pulls{/number}",
        "milestones_url": "https://api.github.com/repos/PremAtmecs/Assignment/milestones{/number}",
        "notifications_url": "https://api.github.com/repos/PremAtmecs/Assignment/notifications{?since,all,participating}",
        "labels_url": "https://api.github.com/repos/PremAtmecs/Assignment/labels{/name}",
        "releases_url": "https://api.github.com/repos/PremAtmecs/Assignment/releases{/id}",
        "deployments_url": "https://api.github.com/repos/PremAtmecs/Assignment/deployments",
        "created_at": "2023-02-09T11:23:01Z",
        "updated_at": "2023-02-10T06:26:28Z",
        "pushed_at": "2023-02-10T06:26:22Z",
        "git_url": "git://github.com/PremAtmecs/Assignment.git",
        "ssh_url": "git@github.com:PremAtmecs/Assignment.git",
        "clone_url": "https://github.com/PremAtmecs/Assignment.git",
        "svn_url": "https://github.com/PremAtmecs/Assignment",
        "homepage": null,
        "size": 7094,
        "stargazers_count": 0,
        "watchers_count": 0,
        "language": "JavaScript",
        "has_issues": true,
        "has_projects": true,
        "has_downloads": true,
        "has_wiki": true,
        "has_pages": false,
        "has_discussions": false,
        "forks_count": 0,
        "mirror_url": null,
        "archived": false,
        "disabled": false,
        "open_issues_count": 0,
        "license": null,
        "allow_forking": true,
        "is_template": false,
        "web_commit_signoff_required": false,
        "topics": [
            
        ],
        "visibility": "public",
        "forks": 0,
        "open_issues": 0,
        "watchers": 0,
        "default_branch": "master",
        "permissions": {
            "admin": true,
            "maintain": true,
            "push": true,
            "triage": true,
            "pull": true
        }
    },
    {
        "id": 599910299,
        "node_id": "R_kgDOI8Hnmw",
        "name": "BasicCypress",
        "full_name": "PremAtmecs/BasicCypress",
        "private": false,
        "owner": {
            "login": "PremAtmecs",
            "id": 81416901,
            "node_id": "MDQ6VXNlcjgxNDE2OTAx",
            "avatar_url": "https://avatars.githubusercontent.com/u/81416901?v=4",
            "gravatar_id": "",
            "url": "https://api.github.com/users/PremAtmecs",
            "html_url": "https://github.com/PremAtmecs",
            "followers_url": "https://api.github.com/users/PremAtmecs/followers",
            "following_url": "https://api.github.com/users/PremAtmecs/following{/other_user}",
            "gists_url": "https://api.github.com/users/PremAtmecs/gists{/gist_id}",
            "starred_url": "https://api.github.com/users/PremAtmecs/starred{/owner}{/repo}",
            "subscriptions_url": "https://api.github.com/users/PremAtmecs/subscriptions",
            "organizations_url": "https://api.github.com/users/PremAtmecs/orgs",
            "repos_url": "https://api.github.com/users/PremAtmecs/repos",
            "events_url": "https://api.github.com/users/PremAtmecs/events{/privacy}",
            "received_events_url": "https://api.github.com/users/PremAtmecs/received_events",
            "type": "User",
            "site_admin": false
        },
        "html_url": "https://github.com/PremAtmecs/BasicCypress",
        "description": null,
        "fork": false,
        "url": "https://api.github.com/repos/PremAtmecs/BasicCypress",
        "forks_url": "https://api.github.com/repos/PremAtmecs/BasicCypress/forks",
        "keys_url": "https://api.github.com/repos/PremAtmecs/BasicCypress/keys{/key_id}",
        "collaborators_url": "https://api.github.com/repos/PremAtmecs/BasicCypress/collaborators{/collaborator}",
        "teams_url": "https://api.github.com/repos/PremAtmecs/BasicCypress/teams",
        "hooks_url": "https://api.github.com/repos/PremAtmecs/BasicCypress/hooks",
        "issue_events_url": "https://api.github.com/repos/PremAtmecs/BasicCypress/issues/events{/number}",
        "events_url": "https://api.github.com/repos/PremAtmecs/BasicCypress/events",
        "assignees_url": "https://api.github.com/repos/PremAtmecs/BasicCypress/assignees{/user}",
        "branches_url": "https://api.github.com/repos/PremAtmecs/BasicCypress/branches{/branch}",
        "tags_url": "https://api.github.com/repos/PremAtmecs/BasicCypress/tags",
        "blobs_url": "https://api.github.com/repos/PremAtmecs/BasicCypress/git/blobs{/sha}",
        "git_tags_url": "https://api.github.com/repos/PremAtmecs/BasicCypress/git/tags{/sha}",
        "git_refs_url": "https://api.github.com/repos/PremAtmecs/BasicCypress/git/refs{/sha}",
        "trees_url": "https://api.github.com/repos/PremAtmecs/BasicCypress/git/trees{/sha}",
        "statuses_url": "https://api.github.com/repos/PremAtmecs/BasicCypress/statuses/{sha}",
        "languages_url": "https://api.github.com/repos/PremAtmecs/BasicCypress/languages",
        "stargazers_url": "https://api.github.com/repos/PremAtmecs/BasicCypress/stargazers",
        "contributors_url": "https://api.github.com/repos/PremAtmecs/BasicCypress/contributors",
        "subscribers_url": "https://api.github.com/repos/PremAtmecs/BasicCypress/subscribers",
        "subscription_url": "https://api.github.com/repos/PremAtmecs/BasicCypress/subscription",
        "commits_url": "https://api.github.com/repos/PremAtmecs/BasicCypress/commits{/sha}",
        "git_commits_url": "https://api.github.com/repos/PremAtmecs/BasicCypress/git/commits{/sha}",
        "comments_url": "https://api.github.com/repos/PremAtmecs/BasicCypress/comments{/number}",
        "issue_comment_url": "https://api.github.com/repos/PremAtmecs/BasicCypress/issues/comments{/number}",
        "contents_url": "https://api.github.com/repos/PremAtmecs/BasicCypress/contents/{+path}",
        "compare_url": "https://api.github.com/repos/PremAtmecs/BasicCypress/compare/{base}...{head}",
        "merges_url": "https://api.github.com/repos/PremAtmecs/BasicCypress/merges",
        "archive_url": "https://api.github.com/repos/PremAtmecs/BasicCypress/{archive_format}{/ref}",
        "downloads_url": "https://api.github.com/repos/PremAtmecs/BasicCypress/downloads",
        "issues_url": "https://api.github.com/repos/PremAtmecs/BasicCypress/issues{/number}",
        "pulls_url": "https://api.github.com/repos/PremAtmecs/BasicCypress/pulls{/number}",
        "milestones_url": "https://api.github.com/repos/PremAtmecs/BasicCypress/milestones{/number}",
        "notifications_url": "https://api.github.com/repos/PremAtmecs/BasicCypress/notifications{?since,all,participating}",
        "labels_url": "https://api.github.com/repos/PremAtmecs/BasicCypress/labels{/name}",
        "releases_url": "https://api.github.com/repos/PremAtmecs/BasicCypress/releases{/id}",
        "deployments_url": "https://api.github.com/repos/PremAtmecs/BasicCypress/deployments",
        "created_at": "2023-02-10T06:30:17Z",
        "updated_at": "2023-02-10T06:30:17Z",
        "pushed_at": "2023-02-10T06:30:18Z",
        "git_url": "git://github.com/PremAtmecs/BasicCypress.git",
        "ssh_url": "git@github.com:PremAtmecs/BasicCypress.git",
        "clone_url": "https://github.com/PremAtmecs/BasicCypress.git",
        "svn_url": "https://github.com/PremAtmecs/BasicCypress",
        "homepage": null,
        "size": 0,
        "stargazers_count": 0,
        "watchers_count": 0,
        "language": null,
        "has_issues": true,
        "has_projects": true,
        "has_downloads": true,
        "has_wiki": true,
        "has_pages": false,
        "has_discussions": false,
        "forks_count": 0,
        "mirror_url": null,
        "archived": false,
        "disabled": false,
        "open_issues_count": 0,
        "license": null,
        "allow_forking": true,
        "is_template": false,
        "web_commit_signoff_required": false,
        "topics": [
            
        ],
        "visibility": "public",
        "forks": 0,
        "open_issues": 0,
        "watchers": 0,
        "default_branch": "main",
        "permissions": {
            "admin": true,
            "maintain": true,
            "push": true,
            "triage": true,
            "pull": true
        }
    },
    {
        "id": 599910857,
        "node_id": "R_kgDOI8HpyQ",
        "name": "CypressAutomation",
        "full_name": "PremAtmecs/CypressAutomation",
        "private": false,
        "owner": {
            "login": "PremAtmecs",
            "id": 81416901,
            "node_id": "MDQ6VXNlcjgxNDE2OTAx",
            "avatar_url": "https://avatars.githubusercontent.com/u/81416901?v=4",
            "gravatar_id": "",
            "url": "https://api.github.com/users/PremAtmecs",
            "html_url": "https://github.com/PremAtmecs",
            "followers_url": "https://api.github.com/users/PremAtmecs/followers",
            "following_url": "https://api.github.com/users/PremAtmecs/following{/other_user}",
            "gists_url": "https://api.github.com/users/PremAtmecs/gists{/gist_id}",
            "starred_url": "https://api.github.com/users/PremAtmecs/starred{/owner}{/repo}",
            "subscriptions_url": "https://api.github.com/users/PremAtmecs/subscriptions",
            "organizations_url": "https://api.github.com/users/PremAtmecs/orgs",
            "repos_url": "https://api.github.com/users/PremAtmecs/repos",
            "events_url": "https://api.github.com/users/PremAtmecs/events{/privacy}",
            "received_events_url": "https://api.github.com/users/PremAtmecs/received_events",
            "type": "User",
            "site_admin": false
        },
        "html_url": "https://github.com/PremAtmecs/CypressAutomation",
        "description": null,
        "fork": false,
        "url": "https://api.github.com/repos/PremAtmecs/CypressAutomation",
        "forks_url": "https://api.github.com/repos/PremAtmecs/CypressAutomation/forks",
        "keys_url": "https://api.github.com/repos/PremAtmecs/CypressAutomation/keys{/key_id}",
        "collaborators_url": "https://api.github.com/repos/PremAtmecs/CypressAutomation/collaborators{/collaborator}",
        "teams_url": "https://api.github.com/repos/PremAtmecs/CypressAutomation/teams",
        "hooks_url": "https://api.github.com/repos/PremAtmecs/CypressAutomation/hooks",
        "issue_events_url": "https://api.github.com/repos/PremAtmecs/CypressAutomation/issues/events{/number}",
        "events_url": "https://api.github.com/repos/PremAtmecs/CypressAutomation/events",
        "assignees_url": "https://api.github.com/repos/PremAtmecs/CypressAutomation/assignees{/user}",
        "branches_url": "https://api.github.com/repos/PremAtmecs/CypressAutomation/branches{/branch}",
        "tags_url": "https://api.github.com/repos/PremAtmecs/CypressAutomation/tags",
        "blobs_url": "https://api.github.com/repos/PremAtmecs/CypressAutomation/git/blobs{/sha}",
        "git_tags_url": "https://api.github.com/repos/PremAtmecs/CypressAutomation/git/tags{/sha}",
        "git_refs_url": "https://api.github.com/repos/PremAtmecs/CypressAutomation/git/refs{/sha}",
        "trees_url": "https://api.github.com/repos/PremAtmecs/CypressAutomation/git/trees{/sha}",
        "statuses_url": "https://api.github.com/repos/PremAtmecs/CypressAutomation/statuses/{sha}",
        "languages_url": "https://api.github.com/repos/PremAtmecs/CypressAutomation/languages",
        "stargazers_url": "https://api.github.com/repos/PremAtmecs/CypressAutomation/stargazers",
        "contributors_url": "https://api.github.com/repos/PremAtmecs/CypressAutomation/contributors",
        "subscribers_url": "https://api.github.com/repos/PremAtmecs/CypressAutomation/subscribers",
        "subscription_url": "https://api.github.com/repos/PremAtmecs/CypressAutomation/subscription",
        "commits_url": "https://api.github.com/repos/PremAtmecs/CypressAutomation/commits{/sha}",
        "git_commits_url": "https://api.github.com/repos/PremAtmecs/CypressAutomation/git/commits{/sha}",
        "comments_url": "https://api.github.com/repos/PremAtmecs/CypressAutomation/comments{/number}",
        "issue_comment_url": "https://api.github.com/repos/PremAtmecs/CypressAutomation/issues/comments{/number}",
        "contents_url": "https://api.github.com/repos/PremAtmecs/CypressAutomation/contents/{+path}",
        "compare_url": "https://api.github.com/repos/PremAtmecs/CypressAutomation/compare/{base}...{head}",
        "merges_url": "https://api.github.com/repos/PremAtmecs/CypressAutomation/merges",
        "archive_url": "https://api.github.com/repos/PremAtmecs/CypressAutomation/{archive_format}{/ref}",
        "downloads_url": "https://api.github.com/repos/PremAtmecs/CypressAutomation/downloads",
        "issues_url": "https://api.github.com/repos/PremAtmecs/CypressAutomation/issues{/number}",
        "pulls_url": "https://api.github.com/repos/PremAtmecs/CypressAutomation/pulls{/number}",
        "milestones_url": "https://api.github.com/repos/PremAtmecs/CypressAutomation/milestones{/number}",
        "notifications_url": "https://api.github.com/repos/PremAtmecs/CypressAutomation/notifications{?since,all,participating}",
        "labels_url": "https://api.github.com/repos/PremAtmecs/CypressAutomation/labels{/name}",
        "releases_url": "https://api.github.com/repos/PremAtmecs/CypressAutomation/releases{/id}",
        "deployments_url": "https://api.github.com/repos/PremAtmecs/CypressAutomation/deployments",
        "created_at": "2023-02-10T06:32:13Z",
        "updated_at": "2023-02-10T06:37:05Z",
        "pushed_at": "2023-02-10T06:37:01Z",
        "git_url": "git://github.com/PremAtmecs/CypressAutomation.git",
        "ssh_url": "git@github.com:PremAtmecs/CypressAutomation.git",
        "clone_url": "https://github.com/PremAtmecs/CypressAutomation.git",
        "svn_url": "https://github.com/PremAtmecs/CypressAutomation",
        "homepage": null,
        "size": 5053,
        "stargazers_count": 0,
        "watchers_count": 0,
        "language": "JavaScript",
        "has_issues": true,
        "has_projects": true,
        "has_downloads": true,
        "has_wiki": true,
        "has_pages": false,
        "has_discussions": false,
        "forks_count": 0,
        "mirror_url": null,
        "archived": false,
        "disabled": false,
        "open_issues_count": 0,
        "license": null,
        "allow_forking": true,
        "is_template": false,
        "web_commit_signoff_required": false,
        "topics": [
            
        ],
        "visibility": "public",
        "forks": 0,
        "open_issues": 0,
        "watchers": 0,
        "default_branch": "master",
        "permissions": {
            "admin": true,
            "maintain": true,
            "push": true,
            "triage": true,
            "pull": true
        }
    },
    {
        "id": 625947401,
        "node_id": "R_kgDOJU8zCQ",
        "name": "JavaSelenium",
        "full_name": "PremAtmecs/JavaSelenium",
        "private": false,
        "owner": {
            "login": "PremAtmecs",
            "id": 81416901,
            "node_id": "MDQ6VXNlcjgxNDE2OTAx",
            "avatar_url": "https://avatars.githubusercontent.com/u/81416901?v=4",
            "gravatar_id": "",
            "url": "https://api.github.com/users/PremAtmecs",
            "html_url": "https://github.com/PremAtmecs",
            "followers_url": "https://api.github.com/users/PremAtmecs/followers",
            "following_url": "https://api.github.com/users/PremAtmecs/following{/other_user}",
            "gists_url": "https://api.github.com/users/PremAtmecs/gists{/gist_id}",
            "starred_url": "https://api.github.com/users/PremAtmecs/starred{/owner}{/repo}",
            "subscriptions_url": "https://api.github.com/users/PremAtmecs/subscriptions",
            "organizations_url": "https://api.github.com/users/PremAtmecs/orgs",
            "repos_url": "https://api.github.com/users/PremAtmecs/repos",
            "events_url": "https://api.github.com/users/PremAtmecs/events{/privacy}",
            "received_events_url": "https://api.github.com/users/PremAtmecs/received_events",
            "type": "User",
            "site_admin": false
        },
        "html_url": "https://github.com/PremAtmecs/JavaSelenium",
        "description": null,
        "fork": false,
        "url": "https://api.github.com/repos/PremAtmecs/JavaSelenium",
        "forks_url": "https://api.github.com/repos/PremAtmecs/JavaSelenium/forks",
        "keys_url": "https://api.github.com/repos/PremAtmecs/JavaSelenium/keys{/key_id}",
        "collaborators_url": "https://api.github.com/repos/PremAtmecs/JavaSelenium/collaborators{/collaborator}",
        "teams_url": "https://api.github.com/repos/PremAtmecs/JavaSelenium/teams",
        "hooks_url": "https://api.github.com/repos/PremAtmecs/JavaSelenium/hooks",
        "issue_events_url": "https://api.github.com/repos/PremAtmecs/JavaSelenium/issues/events{/number}",
        "events_url": "https://api.github.com/repos/PremAtmecs/JavaSelenium/events",
        "assignees_url": "https://api.github.com/repos/PremAtmecs/JavaSelenium/assignees{/user}",
        "branches_url": "https://api.github.com/repos/PremAtmecs/JavaSelenium/branches{/branch}",
        "tags_url": "https://api.github.com/repos/PremAtmecs/JavaSelenium/tags",
        "blobs_url": "https://api.github.com/repos/PremAtmecs/JavaSelenium/git/blobs{/sha}",
        "git_tags_url": "https://api.github.com/repos/PremAtmecs/JavaSelenium/git/tags{/sha}",
        "git_refs_url": "https://api.github.com/repos/PremAtmecs/JavaSelenium/git/refs{/sha}",
        "trees_url": "https://api.github.com/repos/PremAtmecs/JavaSelenium/git/trees{/sha}",
        "statuses_url": "https://api.github.com/repos/PremAtmecs/JavaSelenium/statuses/{sha}",
        "languages_url": "https://api.github.com/repos/PremAtmecs/JavaSelenium/languages",
        "stargazers_url": "https://api.github.com/repos/PremAtmecs/JavaSelenium/stargazers",
        "contributors_url": "https://api.github.com/repos/PremAtmecs/JavaSelenium/contributors",
        "subscribers_url": "https://api.github.com/repos/PremAtmecs/JavaSelenium/subscribers",
        "subscription_url": "https://api.github.com/repos/PremAtmecs/JavaSelenium/subscription",
        "commits_url": "https://api.github.com/repos/PremAtmecs/JavaSelenium/commits{/sha}",
        "git_commits_url": "https://api.github.com/repos/PremAtmecs/JavaSelenium/git/commits{/sha}",
        "comments_url": "https://api.github.com/repos/PremAtmecs/JavaSelenium/comments{/number}",
        "issue_comment_url": "https://api.github.com/repos/PremAtmecs/JavaSelenium/issues/comments{/number}",
        "contents_url": "https://api.github.com/repos/PremAtmecs/JavaSelenium/contents/{+path}",
        "compare_url": "https://api.github.com/repos/PremAtmecs/JavaSelenium/compare/{base}...{head}",
        "merges_url": "https://api.github.com/repos/PremAtmecs/JavaSelenium/merges",
        "archive_url": "https://api.github.com/repos/PremAtmecs/JavaSelenium/{archive_format}{/ref}",
        "downloads_url": "https://api.github.com/repos/PremAtmecs/JavaSelenium/downloads",
        "issues_url": "https://api.github.com/repos/PremAtmecs/JavaSelenium/issues{/number}",
        "pulls_url": "https://api.github.com/repos/PremAtmecs/JavaSelenium/pulls{/number}",
        "milestones_url": "https://api.github.com/repos/PremAtmecs/JavaSelenium/milestones{/number}",
        "notifications_url": "https://api.github.com/repos/PremAtmecs/JavaSelenium/notifications{?since,all,participating}",
        "labels_url": "https://api.github.com/repos/PremAtmecs/JavaSelenium/labels{/name}",
        "releases_url": "https://api.github.com/repos/PremAtmecs/JavaSelenium/releases{/id}",
        "deployments_url": "https://api.github.com/repos/PremAtmecs/JavaSelenium/deployments",
        "created_at": "2023-04-10T13:17:41Z",
        "updated_at": "2023-04-10T13:20:00Z",
        "pushed_at": "2023-04-10T13:19:57Z",
        "git_url": "git://github.com/PremAtmecs/JavaSelenium.git",
        "ssh_url": "git@github.com:PremAtmecs/JavaSelenium.git",
        "clone_url": "https://github.com/PremAtmecs/JavaSelenium.git",
        "svn_url": "https://github.com/PremAtmecs/JavaSelenium",
        "homepage": null,
        "size": 653,
        "stargazers_count": 0,
        "watchers_count": 0,
        "language": "Java",
        "has_issues": true,
        "has_projects": true,
        "has_downloads": true,
        "has_wiki": true,
        "has_pages": false,
        "has_discussions": false,
        "forks_count": 0,
        "mirror_url": null,
        "archived": false,
        "disabled": false,
        "open_issues_count": 0,
        "license": null,
        "allow_forking": true,
        "is_template": false,
        "web_commit_signoff_required": false,
        "topics": [
            
        ],
        "visibility": "public",
        "forks": 0,
        "open_issues": 0,
        "watchers": 0,
        "default_branch": "main",
        "permissions": {
            "admin": true,
            "maintain": true,
            "push": true,
            "triage": true,
            "pull": true
        }
    },
    {
        "id": 352524641,
        "node_id": "MDEwOlJlcG9zaXRvcnkzNTI1MjQ2NDE=",
        "name": "prem-atmcs",
        "full_name": "PremAtmecs/prem-atmcs",
        "private": false,
        "owner": {
            "login": "PremAtmecs",
            "id": 81416901,
            "node_id": "MDQ6VXNlcjgxNDE2OTAx",
            "avatar_url": "https://avatars.githubusercontent.com/u/81416901?v=4",
            "gravatar_id": "",
            "url": "https://api.github.com/users/PremAtmecs",
            "html_url": "https://github.com/PremAtmecs",
            "followers_url": "https://api.github.com/users/PremAtmecs/followers",
            "following_url": "https://api.github.com/users/PremAtmecs/following{/other_user}",
            "gists_url": "https://api.github.com/users/PremAtmecs/gists{/gist_id}",
            "starred_url": "https://api.github.com/users/PremAtmecs/starred{/owner}{/repo}",
            "subscriptions_url": "https://api.github.com/users/PremAtmecs/subscriptions",
            "organizations_url": "https://api.github.com/users/PremAtmecs/orgs",
            "repos_url": "https://api.github.com/users/PremAtmecs/repos",
            "events_url": "https://api.github.com/users/PremAtmecs/events{/privacy}",
            "received_events_url": "https://api.github.com/users/PremAtmecs/received_events",
            "type": "User",
            "site_admin": false
        },
        "html_url": "https://github.com/PremAtmecs/prem-atmcs",
        "description": "sa",
        "fork": false,
        "url": "https://api.github.com/repos/PremAtmecs/prem-atmcs",
        "forks_url": "https://api.github.com/repos/PremAtmecs/prem-atmcs/forks",
        "keys_url": "https://api.github.com/repos/PremAtmecs/prem-atmcs/keys{/key_id}",
        "collaborators_url": "https://api.github.com/repos/PremAtmecs/prem-atmcs/collaborators{/collaborator}",
        "teams_url": "https://api.github.com/repos/PremAtmecs/prem-atmcs/teams",
        "hooks_url": "https://api.github.com/repos/PremAtmecs/prem-atmcs/hooks",
        "issue_events_url": "https://api.github.com/repos/PremAtmecs/prem-atmcs/issues/events{/number}",
        "events_url": "https://api.github.com/repos/PremAtmecs/prem-atmcs/events",
        "assignees_url": "https://api.github.com/repos/PremAtmecs/prem-atmcs/assignees{/user}",
        "branches_url": "https://api.github.com/repos/PremAtmecs/prem-atmcs/branches{/branch}",
        "tags_url": "https://api.github.com/repos/PremAtmecs/prem-atmcs/tags",
        "blobs_url": "https://api.github.com/repos/PremAtmecs/prem-atmcs/git/blobs{/sha}",
        "git_tags_url": "https://api.github.com/repos/PremAtmecs/prem-atmcs/git/tags{/sha}",
        "git_refs_url": "https://api.github.com/repos/PremAtmecs/prem-atmcs/git/refs{/sha}",
        "trees_url": "https://api.github.com/repos/PremAtmecs/prem-atmcs/git/trees{/sha}",
        "statuses_url": "https://api.github.com/repos/PremAtmecs/prem-atmcs/statuses/{sha}",
        "languages_url": "https://api.github.com/repos/PremAtmecs/prem-atmcs/languages",
        "stargazers_url": "https://api.github.com/repos/PremAtmecs/prem-atmcs/stargazers",
        "contributors_url": "https://api.github.com/repos/PremAtmecs/prem-atmcs/contributors",
        "subscribers_url": "https://api.github.com/repos/PremAtmecs/prem-atmcs/subscribers",
        "subscription_url": "https://api.github.com/repos/PremAtmecs/prem-atmcs/subscription",
        "commits_url": "https://api.github.com/repos/PremAtmecs/prem-atmcs/commits{/sha}",
        "git_commits_url": "https://api.github.com/repos/PremAtmecs/prem-atmcs/git/commits{/sha}",
        "comments_url": "https://api.github.com/repos/PremAtmecs/prem-atmcs/comments{/number}",
        "issue_comment_url": "https://api.github.com/repos/PremAtmecs/prem-atmcs/issues/comments{/number}",
        "contents_url": "https://api.github.com/repos/PremAtmecs/prem-atmcs/contents/{+path}",
        "compare_url": "https://api.github.com/repos/PremAtmecs/prem-atmcs/compare/{base}...{head}",
        "merges_url": "https://api.github.com/repos/PremAtmecs/prem-atmcs/merges",
        "archive_url": "https://api.github.com/repos/PremAtmecs/prem-atmcs/{archive_format}{/ref}",
        "downloads_url": "https://api.github.com/repos/PremAtmecs/prem-atmcs/downloads",
        "issues_url": "https://api.github.com/repos/PremAtmecs/prem-atmcs/issues{/number}",
        "pulls_url": "https://api.github.com/repos/PremAtmecs/prem-atmcs/pulls{/number}",
        "milestones_url": "https://api.github.com/repos/PremAtmecs/prem-atmcs/milestones{/number}",
        "notifications_url": "https://api.github.com/repos/PremAtmecs/prem-atmcs/notifications{?since,all,participating}",
        "labels_url": "https://api.github.com/repos/PremAtmecs/prem-atmcs/labels{/name}",
        "releases_url": "https://api.github.com/repos/PremAtmecs/prem-atmcs/releases{/id}",
        "deployments_url": "https://api.github.com/repos/PremAtmecs/prem-atmcs/deployments",
        "created_at": "2021-03-29T05:18:49Z",
        "updated_at": "2021-03-29T05:19:00Z",
        "pushed_at": "2021-03-29T05:18:50Z",
        "git_url": "git://github.com/PremAtmecs/prem-atmcs.git",
        "ssh_url": "git@github.com:PremAtmecs/prem-atmcs.git",
        "clone_url": "https://github.com/PremAtmecs/prem-atmcs.git",
        "svn_url": "https://github.com/PremAtmecs/prem-atmcs",
        "homepage": null,
        "size": 0,
        "stargazers_count": 0,
        "watchers_count": 0,
        "language": null,
        "has_issues": true,
        "has_projects": true,
        "has_downloads": true,
        "has_wiki": true,
        "has_pages": false,
        "has_discussions": false,
        "forks_count": 0,
        "mirror_url": null,
        "archived": false,
        "disabled": false,
        "open_issues_count": 0,
        "license": null,
        "allow_forking": true,
        "is_template": false,
        "web_commit_signoff_required": false,
        "topics": [
            
        ],
        "visibility": "public",
        "forks": 0,
        "open_issues": 0,
        "watchers": 0,
        "default_branch": "main",
        "permissions": {
            "admin": true,
            "maintain": true,
            "push": true,
            "triage": true,
            "pull": true
        }
    },
    {
        "id": 357768220,
        "node_id": "MDEwOlJlcG9zaXRvcnkzNTc3NjgyMjA=",
        "name": "PremAtmecs",
        "full_name": "PremAtmecs/PremAtmecs",
        "private": false,
        "owner": {
            "login": "PremAtmecs",
            "id": 81416901,
            "node_id": "MDQ6VXNlcjgxNDE2OTAx",
            "avatar_url": "https://avatars.githubusercontent.com/u/81416901?v=4",
            "gravatar_id": "",
            "url": "https://api.github.com/users/PremAtmecs",
            "html_url": "https://github.com/PremAtmecs",
            "followers_url": "https://api.github.com/users/PremAtmecs/followers",
            "following_url": "https://api.github.com/users/PremAtmecs/following{/other_user}",
            "gists_url": "https://api.github.com/users/PremAtmecs/gists{/gist_id}",
            "starred_url": "https://api.github.com/users/PremAtmecs/starred{/owner}{/repo}",
            "subscriptions_url": "https://api.github.com/users/PremAtmecs/subscriptions",
            "organizations_url": "https://api.github.com/users/PremAtmecs/orgs",
            "repos_url": "https://api.github.com/users/PremAtmecs/repos",
            "events_url": "https://api.github.com/users/PremAtmecs/events{/privacy}",
            "received_events_url": "https://api.github.com/users/PremAtmecs/received_events",
            "type": "User",
            "site_admin": false
        },
        "html_url": "https://github.com/PremAtmecs/PremAtmecs",
        "description": "Config files for my GitHub profile.",
        "fork": false,
        "url": "https://api.github.com/repos/PremAtmecs/PremAtmecs",
        "forks_url": "https://api.github.com/repos/PremAtmecs/PremAtmecs/forks",
        "keys_url": "https://api.github.com/repos/PremAtmecs/PremAtmecs/keys{/key_id}",
        "collaborators_url": "https://api.github.com/repos/PremAtmecs/PremAtmecs/collaborators{/collaborator}",
        "teams_url": "https://api.github.com/repos/PremAtmecs/PremAtmecs/teams",
        "hooks_url": "https://api.github.com/repos/PremAtmecs/PremAtmecs/hooks",
        "issue_events_url": "https://api.github.com/repos/PremAtmecs/PremAtmecs/issues/events{/number}",
        "events_url": "https://api.github.com/repos/PremAtmecs/PremAtmecs/events",
        "assignees_url": "https://api.github.com/repos/PremAtmecs/PremAtmecs/assignees{/user}",
        "branches_url": "https://api.github.com/repos/PremAtmecs/PremAtmecs/branches{/branch}",
        "tags_url": "https://api.github.com/repos/PremAtmecs/PremAtmecs/tags",
        "blobs_url": "https://api.github.com/repos/PremAtmecs/PremAtmecs/git/blobs{/sha}",
        "git_tags_url": "https://api.github.com/repos/PremAtmecs/PremAtmecs/git/tags{/sha}",
        "git_refs_url": "https://api.github.com/repos/PremAtmecs/PremAtmecs/git/refs{/sha}",
        "trees_url": "https://api.github.com/repos/PremAtmecs/PremAtmecs/git/trees{/sha}",
        "statuses_url": "https://api.github.com/repos/PremAtmecs/PremAtmecs/statuses/{sha}",
        "languages_url": "https://api.github.com/repos/PremAtmecs/PremAtmecs/languages",
        "stargazers_url": "https://api.github.com/repos/PremAtmecs/PremAtmecs/stargazers",
        "contributors_url": "https://api.github.com/repos/PremAtmecs/PremAtmecs/contributors",
        "subscribers_url": "https://api.github.com/repos/PremAtmecs/PremAtmecs/subscribers",
        "subscription_url": "https://api.github.com/repos/PremAtmecs/PremAtmecs/subscription",
        "commits_url": "https://api.github.com/repos/PremAtmecs/PremAtmecs/commits{/sha}",
        "git_commits_url": "https://api.github.com/repos/PremAtmecs/PremAtmecs/git/commits{/sha}",
        "comments_url": "https://api.github.com/repos/PremAtmecs/PremAtmecs/comments{/number}",
        "issue_comment_url": "https://api.github.com/repos/PremAtmecs/PremAtmecs/issues/comments{/number}",
        "contents_url": "https://api.github.com/repos/PremAtmecs/PremAtmecs/contents/{+path}",
        "compare_url": "https://api.github.com/repos/PremAtmecs/PremAtmecs/compare/{base}...{head}",
        "merges_url": "https://api.github.com/repos/PremAtmecs/PremAtmecs/merges",
        "archive_url": "https://api.github.com/repos/PremAtmecs/PremAtmecs/{archive_format}{/ref}",
        "downloads_url": "https://api.github.com/repos/PremAtmecs/PremAtmecs/downloads",
        "issues_url": "https://api.github.com/repos/PremAtmecs/PremAtmecs/issues{/number}",
        "pulls_url": "https://api.github.com/repos/PremAtmecs/PremAtmecs/pulls{/number}",
        "milestones_url": "https://api.github.com/repos/PremAtmecs/PremAtmecs/milestones{/number}",
        "notifications_url": "https://api.github.com/repos/PremAtmecs/PremAtmecs/notifications{?since,all,participating}",
        "labels_url": "https://api.github.com/repos/PremAtmecs/PremAtmecs/labels{/name}",
        "releases_url": "https://api.github.com/repos/PremAtmecs/PremAtmecs/releases{/id}",
        "deployments_url": "https://api.github.com/repos/PremAtmecs/PremAtmecs/deployments",
        "created_at": "2021-04-14T04:03:08Z",
        "updated_at": "2021-04-14T04:03:08Z",
        "pushed_at": "2021-04-14T04:03:08Z",
        "git_url": "git://github.com/PremAtmecs/PremAtmecs.git",
        "ssh_url": "git@github.com:PremAtmecs/PremAtmecs.git",
        "clone_url": "https://github.com/PremAtmecs/PremAtmecs.git",
        "svn_url": "https://github.com/PremAtmecs/PremAtmecs",
        "homepage": "https://github.com/PremAtmecs",
        "size": 0,
        "stargazers_count": 0,
        "watchers_count": 0,
        "language": null,
        "has_issues": false,
        "has_projects": true,
        "has_downloads": true,
        "has_wiki": false,
        "has_pages": false,
        "has_discussions": false,
        "forks_count": 0,
        "mirror_url": null,
        "archived": false,
        "disabled": false,
        "open_issues_count": 0,
        "license": null,
        "allow_forking": true,
        "is_template": false,
        "web_commit_signoff_required": false,
        "topics": [
            "config",
            "github-config"
        ],
        "visibility": "public",
        "forks": 0,
        "open_issues": 0,
        "watchers": 0,
        "default_branch": "main",
        "permissions": {
            "admin": true,
            "maintain": true,
            "push": true,
            "triage": true,
            "pull": true
        }
    },
    {
        "id": 601706975,
        "node_id": "R_kgDOI91R3w",
        "name": "SwagLabs",
        "full_name": "PremAtmecs/SwagLabs",
        "private": false,
        "owner": {
            "login": "PremAtmecs",
            "id": 81416901,
            "node_id": "MDQ6VXNlcjgxNDE2OTAx",
            "avatar_url": "https://avatars.githubusercontent.com/u/81416901?v=4",
            "gravatar_id": "",
            "url": "https://api.github.com/users/PremAtmecs",
            "html_url": "https://github.com/PremAtmecs",
            "followers_url": "https://api.github.com/users/PremAtmecs/followers",
            "following_url": "https://api.github.com/users/PremAtmecs/following{/other_user}",
            "gists_url": "https://api.github.com/users/PremAtmecs/gists{/gist_id}",
            "starred_url": "https://api.github.com/users/PremAtmecs/starred{/owner}{/repo}",
            "subscriptions_url": "https://api.github.com/users/PremAtmecs/subscriptions",
            "organizations_url": "https://api.github.com/users/PremAtmecs/orgs",
            "repos_url": "https://api.github.com/users/PremAtmecs/repos",
            "events_url": "https://api.github.com/users/PremAtmecs/events{/privacy}",
            "received_events_url": "https://api.github.com/users/PremAtmecs/received_events",
            "type": "User",
            "site_admin": false
        },
        "html_url": "https://github.com/PremAtmecs/SwagLabs",
        "description": null,
        "fork": false,
        "url": "https://api.github.com/repos/PremAtmecs/SwagLabs",
        "forks_url": "https://api.github.com/repos/PremAtmecs/SwagLabs/forks",
        "keys_url": "https://api.github.com/repos/PremAtmecs/SwagLabs/keys{/key_id}",
        "collaborators_url": "https://api.github.com/repos/PremAtmecs/SwagLabs/collaborators{/collaborator}",
        "teams_url": "https://api.github.com/repos/PremAtmecs/SwagLabs/teams",
        "hooks_url": "https://api.github.com/repos/PremAtmecs/SwagLabs/hooks",
        "issue_events_url": "https://api.github.com/repos/PremAtmecs/SwagLabs/issues/events{/number}",
        "events_url": "https://api.github.com/repos/PremAtmecs/SwagLabs/events",
        "assignees_url": "https://api.github.com/repos/PremAtmecs/SwagLabs/assignees{/user}",
        "branches_url": "https://api.github.com/repos/PremAtmecs/SwagLabs/branches{/branch}",
        "tags_url": "https://api.github.com/repos/PremAtmecs/SwagLabs/tags",
        "blobs_url": "https://api.github.com/repos/PremAtmecs/SwagLabs/git/blobs{/sha}",
        "git_tags_url": "https://api.github.com/repos/PremAtmecs/SwagLabs/git/tags{/sha}",
        "git_refs_url": "https://api.github.com/repos/PremAtmecs/SwagLabs/git/refs{/sha}",
        "trees_url": "https://api.github.com/repos/PremAtmecs/SwagLabs/git/trees{/sha}",
        "statuses_url": "https://api.github.com/repos/PremAtmecs/SwagLabs/statuses/{sha}",
        "languages_url": "https://api.github.com/repos/PremAtmecs/SwagLabs/languages",
        "stargazers_url": "https://api.github.com/repos/PremAtmecs/SwagLabs/stargazers",
        "contributors_url": "https://api.github.com/repos/PremAtmecs/SwagLabs/contributors",
        "subscribers_url": "https://api.github.com/repos/PremAtmecs/SwagLabs/subscribers",
        "subscription_url": "https://api.github.com/repos/PremAtmecs/SwagLabs/subscription",
        "commits_url": "https://api.github.com/repos/PremAtmecs/SwagLabs/commits{/sha}",
        "git_commits_url": "https://api.github.com/repos/PremAtmecs/SwagLabs/git/commits{/sha}",
        "comments_url": "https://api.github.com/repos/PremAtmecs/SwagLabs/comments{/number}",
        "issue_comment_url": "https://api.github.com/repos/PremAtmecs/SwagLabs/issues/comments{/number}",
        "contents_url": "https://api.github.com/repos/PremAtmecs/SwagLabs/contents/{+path}",
        "compare_url": "https://api.github.com/repos/PremAtmecs/SwagLabs/compare/{base}...{head}",
        "merges_url": "https://api.github.com/repos/PremAtmecs/SwagLabs/merges",
        "archive_url": "https://api.github.com/repos/PremAtmecs/SwagLabs/{archive_format}{/ref}",
        "downloads_url": "https://api.github.com/repos/PremAtmecs/SwagLabs/downloads",
        "issues_url": "https://api.github.com/repos/PremAtmecs/SwagLabs/issues{/number}",
        "pulls_url": "https://api.github.com/repos/PremAtmecs/SwagLabs/pulls{/number}",
        "milestones_url": "https://api.github.com/repos/PremAtmecs/SwagLabs/milestones{/number}",
        "notifications_url": "https://api.github.com/repos/PremAtmecs/SwagLabs/notifications{?since,all,participating}",
        "labels_url": "https://api.github.com/repos/PremAtmecs/SwagLabs/labels{/name}",
        "releases_url": "https://api.github.com/repos/PremAtmecs/SwagLabs/releases{/id}",
        "deployments_url": "https://api.github.com/repos/PremAtmecs/SwagLabs/deployments",
        "created_at": "2023-02-14T16:40:03Z",
        "updated_at": "2023-02-17T09:05:35Z",
        "pushed_at": "2023-02-17T09:05:30Z",
        "git_url": "git://github.com/PremAtmecs/SwagLabs.git",
        "ssh_url": "git@github.com:PremAtmecs/SwagLabs.git",
        "clone_url": "https://github.com/PremAtmecs/SwagLabs.git",
        "svn_url": "https://github.com/PremAtmecs/SwagLabs",
        "homepage": null,
        "size": 19383,
        "stargazers_count": 0,
        "watchers_count": 0,
        "language": "JavaScript",
        "has_issues": true,
        "has_projects": true,
        "has_downloads": true,
        "has_wiki": true,
        "has_pages": false,
        "has_discussions": false,
        "forks_count": 0,
        "mirror_url": null,
        "archived": false,
        "disabled": false,
        "open_issues_count": 0,
        "license": null,
        "allow_forking": true,
        "is_template": false,
        "web_commit_signoff_required": false,
        "topics": [
            
        ],
        "visibility": "public",
        "forks": 0,
        "open_issues": 0,
        "watchers": 0,
        "default_branch": "SwagLab_Prem",
        "permissions": {
            "admin": true,
            "maintain": true,
            "push": true,
            "triage": true,
            "pull": true
        }
    },
    {
        "id": 625943951,
        "node_id": "R_kgDOJU8ljw",
        "name": "SwaglabsFramework",
        "full_name": "PremAtmecs/SwaglabsFramework",
        "private": false,
        "owner": {
            "login": "PremAtmecs",
            "id": 81416901,
            "node_id": "MDQ6VXNlcjgxNDE2OTAx",
            "avatar_url": "https://avatars.githubusercontent.com/u/81416901?v=4",
            "gravatar_id": "",
            "url": "https://api.github.com/users/PremAtmecs",
            "html_url": "https://github.com/PremAtmecs",
            "followers_url": "https://api.github.com/users/PremAtmecs/followers",
            "following_url": "https://api.github.com/users/PremAtmecs/following{/other_user}",
            "gists_url": "https://api.github.com/users/PremAtmecs/gists{/gist_id}",
            "starred_url": "https://api.github.com/users/PremAtmecs/starred{/owner}{/repo}",
            "subscriptions_url": "https://api.github.com/users/PremAtmecs/subscriptions",
            "organizations_url": "https://api.github.com/users/PremAtmecs/orgs",
            "repos_url": "https://api.github.com/users/PremAtmecs/repos",
            "events_url": "https://api.github.com/users/PremAtmecs/events{/privacy}",
            "received_events_url": "https://api.github.com/users/PremAtmecs/received_events",
            "type": "User",
            "site_admin": false
        },
        "html_url": "https://github.com/PremAtmecs/SwaglabsFramework",
        "description": null,
        "fork": false,
        "url": "https://api.github.com/repos/PremAtmecs/SwaglabsFramework",
        "forks_url": "https://api.github.com/repos/PremAtmecs/SwaglabsFramework/forks",
        "keys_url": "https://api.github.com/repos/PremAtmecs/SwaglabsFramework/keys{/key_id}",
        "collaborators_url": "https://api.github.com/repos/PremAtmecs/SwaglabsFramework/collaborators{/collaborator}",
        "teams_url": "https://api.github.com/repos/PremAtmecs/SwaglabsFramework/teams",
        "hooks_url": "https://api.github.com/repos/PremAtmecs/SwaglabsFramework/hooks",
        "issue_events_url": "https://api.github.com/repos/PremAtmecs/SwaglabsFramework/issues/events{/number}",
        "events_url": "https://api.github.com/repos/PremAtmecs/SwaglabsFramework/events",
        "assignees_url": "https://api.github.com/repos/PremAtmecs/SwaglabsFramework/assignees{/user}",
        "branches_url": "https://api.github.com/repos/PremAtmecs/SwaglabsFramework/branches{/branch}",
        "tags_url": "https://api.github.com/repos/PremAtmecs/SwaglabsFramework/tags",
        "blobs_url": "https://api.github.com/repos/PremAtmecs/SwaglabsFramework/git/blobs{/sha}",
        "git_tags_url": "https://api.github.com/repos/PremAtmecs/SwaglabsFramework/git/tags{/sha}",
        "git_refs_url": "https://api.github.com/repos/PremAtmecs/SwaglabsFramework/git/refs{/sha}",
        "trees_url": "https://api.github.com/repos/PremAtmecs/SwaglabsFramework/git/trees{/sha}",
        "statuses_url": "https://api.github.com/repos/PremAtmecs/SwaglabsFramework/statuses/{sha}",
        "languages_url": "https://api.github.com/repos/PremAtmecs/SwaglabsFramework/languages",
        "stargazers_url": "https://api.github.com/repos/PremAtmecs/SwaglabsFramework/stargazers",
        "contributors_url": "https://api.github.com/repos/PremAtmecs/SwaglabsFramework/contributors",
        "subscribers_url": "https://api.github.com/repos/PremAtmecs/SwaglabsFramework/subscribers",
        "subscription_url": "https://api.github.com/repos/PremAtmecs/SwaglabsFramework/subscription",
        "commits_url": "https://api.github.com/repos/PremAtmecs/SwaglabsFramework/commits{/sha}",
        "git_commits_url": "https://api.github.com/repos/PremAtmecs/SwaglabsFramework/git/commits{/sha}",
        "comments_url": "https://api.github.com/repos/PremAtmecs/SwaglabsFramework/comments{/number}",
        "issue_comment_url": "https://api.github.com/repos/PremAtmecs/SwaglabsFramework/issues/comments{/number}",
        "contents_url": "https://api.github.com/repos/PremAtmecs/SwaglabsFramework/contents/{+path}",
        "compare_url": "https://api.github.com/repos/PremAtmecs/SwaglabsFramework/compare/{base}...{head}",
        "merges_url": "https://api.github.com/repos/PremAtmecs/SwaglabsFramework/merges",
        "archive_url": "https://api.github.com/repos/PremAtmecs/SwaglabsFramework/{archive_format}{/ref}",
        "downloads_url": "https://api.github.com/repos/PremAtmecs/SwaglabsFramework/downloads",
        "issues_url": "https://api.github.com/repos/PremAtmecs/SwaglabsFramework/issues{/number}",
        "pulls_url": "https://api.github.com/repos/PremAtmecs/SwaglabsFramework/pulls{/number}",
        "milestones_url": "https://api.github.com/repos/PremAtmecs/SwaglabsFramework/milestones{/number}",
        "notifications_url": "https://api.github.com/repos/PremAtmecs/SwaglabsFramework/notifications{?since,all,participating}",
        "labels_url": "https://api.github.com/repos/PremAtmecs/SwaglabsFramework/labels{/name}",
        "releases_url": "https://api.github.com/repos/PremAtmecs/SwaglabsFramework/releases{/id}",
        "deployments_url": "https://api.github.com/repos/PremAtmecs/SwaglabsFramework/deployments",
        "created_at": "2023-04-10T13:08:32Z",
        "updated_at": "2023-04-10T13:15:52Z",
        "pushed_at": "2023-04-10T13:15:48Z",
        "git_url": "git://github.com/PremAtmecs/SwaglabsFramework.git",
        "ssh_url": "git@github.com:PremAtmecs/SwaglabsFramework.git",
        "clone_url": "https://github.com/PremAtmecs/SwaglabsFramework.git",
        "svn_url": "https://github.com/PremAtmecs/SwaglabsFramework",
        "homepage": null,
        "size": 49,
        "stargazers_count": 0,
        "watchers_count": 0,
        "language": "HTML",
        "has_issues": true,
        "has_projects": true,
        "has_downloads": true,
        "has_wiki": true,
        "has_pages": false,
        "has_discussions": false,
        "forks_count": 0,
        "mirror_url": null,
        "archived": false,
        "disabled": false,
        "open_issues_count": 0,
        "license": null,
        "allow_forking": true,
        "is_template": false,
        "web_commit_signoff_required": false,
        "topics": [
            
        ],
        "visibility": "public",
        "forks": 0,
        "open_issues": 0,
        "watchers": 0,
        "default_branch": "main",
        "permissions": {
            "admin": true,
            "maintain": true,
            "push": true,
            "triage": true,
            "pull": true
        }
    },
    {
        "id": 354005616,
        "node_id": "MDEwOlJlcG9zaXRvcnkzNTQwMDU2MTY=",
        "name": "table",
        "full_name": "PremAtmecs/table",
        "private": false,
        "owner": {
            "login": "PremAtmecs",
            "id": 81416901,
            "node_id": "MDQ6VXNlcjgxNDE2OTAx",
            "avatar_url": "https://avatars.githubusercontent.com/u/81416901?v=4",
            "gravatar_id": "",
            "url": "https://api.github.com/users/PremAtmecs",
            "html_url": "https://github.com/PremAtmecs",
            "followers_url": "https://api.github.com/users/PremAtmecs/followers",
            "following_url": "https://api.github.com/users/PremAtmecs/following{/other_user}",
            "gists_url": "https://api.github.com/users/PremAtmecs/gists{/gist_id}",
            "starred_url": "https://api.github.com/users/PremAtmecs/starred{/owner}{/repo}",
            "subscriptions_url": "https://api.github.com/users/PremAtmecs/subscriptions",
            "organizations_url": "https://api.github.com/users/PremAtmecs/orgs",
            "repos_url": "https://api.github.com/users/PremAtmecs/repos",
            "events_url": "https://api.github.com/users/PremAtmecs/events{/privacy}",
            "received_events_url": "https://api.github.com/users/PremAtmecs/received_events",
            "type": "User",
            "site_admin": false
        },
        "html_url": "https://github.com/PremAtmecs/table",
        "description": null,
        "fork": false,
        "url": "https://api.github.com/repos/PremAtmecs/table",
        "forks_url": "https://api.github.com/repos/PremAtmecs/table/forks",
        "keys_url": "https://api.github.com/repos/PremAtmecs/table/keys{/key_id}",
        "collaborators_url": "https://api.github.com/repos/PremAtmecs/table/collaborators{/collaborator}",
        "teams_url": "https://api.github.com/repos/PremAtmecs/table/teams",
        "hooks_url": "https://api.github.com/repos/PremAtmecs/table/hooks",
        "issue_events_url": "https://api.github.com/repos/PremAtmecs/table/issues/events{/number}",
        "events_url": "https://api.github.com/repos/PremAtmecs/table/events",
        "assignees_url": "https://api.github.com/repos/PremAtmecs/table/assignees{/user}",
        "branches_url": "https://api.github.com/repos/PremAtmecs/table/branches{/branch}",
        "tags_url": "https://api.github.com/repos/PremAtmecs/table/tags",
        "blobs_url": "https://api.github.com/repos/PremAtmecs/table/git/blobs{/sha}",
        "git_tags_url": "https://api.github.com/repos/PremAtmecs/table/git/tags{/sha}",
        "git_refs_url": "https://api.github.com/repos/PremAtmecs/table/git/refs{/sha}",
        "trees_url": "https://api.github.com/repos/PremAtmecs/table/git/trees{/sha}",
        "statuses_url": "https://api.github.com/repos/PremAtmecs/table/statuses/{sha}",
        "languages_url": "https://api.github.com/repos/PremAtmecs/table/languages",
        "stargazers_url": "https://api.github.com/repos/PremAtmecs/table/stargazers",
        "contributors_url": "https://api.github.com/repos/PremAtmecs/table/contributors",
        "subscribers_url": "https://api.github.com/repos/PremAtmecs/table/subscribers",
        "subscription_url": "https://api.github.com/repos/PremAtmecs/table/subscription",
        "commits_url": "https://api.github.com/repos/PremAtmecs/table/commits{/sha}",
        "git_commits_url": "https://api.github.com/repos/PremAtmecs/table/git/commits{/sha}",
        "comments_url": "https://api.github.com/repos/PremAtmecs/table/comments{/number}",
        "issue_comment_url": "https://api.github.com/repos/PremAtmecs/table/issues/comments{/number}",
        "contents_url": "https://api.github.com/repos/PremAtmecs/table/contents/{+path}",
        "compare_url": "https://api.github.com/repos/PremAtmecs/table/compare/{base}...{head}",
        "merges_url": "https://api.github.com/repos/PremAtmecs/table/merges",
        "archive_url": "https://api.github.com/repos/PremAtmecs/table/{archive_format}{/ref}",
        "downloads_url": "https://api.github.com/repos/PremAtmecs/table/downloads",
        "issues_url": "https://api.github.com/repos/PremAtmecs/table/issues{/number}",
        "pulls_url": "https://api.github.com/repos/PremAtmecs/table/pulls{/number}",
        "milestones_url": "https://api.github.com/repos/PremAtmecs/table/milestones{/number}",
        "notifications_url": "https://api.github.com/repos/PremAtmecs/table/notifications{?since,all,participating}",
        "labels_url": "https://api.github.com/repos/PremAtmecs/table/labels{/name}",
        "releases_url": "https://api.github.com/repos/PremAtmecs/table/releases{/id}",
        "deployments_url": "https://api.github.com/repos/PremAtmecs/table/deployments",
        "created_at": "2021-04-02T11:59:16Z",
        "updated_at": "2021-04-02T12:06:25Z",
        "pushed_at": "2021-04-02T12:06:23Z",
        "git_url": "git://github.com/PremAtmecs/table.git",
        "ssh_url": "git@github.com:PremAtmecs/table.git",
        "clone_url": "https://github.com/PremAtmecs/table.git",
        "svn_url": "https://github.com/PremAtmecs/table",
        "homepage": null,
        "size": 7,
        "stargazers_count": 0,
        "watchers_count": 0,
        "language": "Java",
        "has_issues": true,
        "has_projects": true,
        "has_downloads": true,
        "has_wiki": true,
        "has_pages": false,
        "has_discussions": false,
        "forks_count": 0,
        "mirror_url": null,
        "archived": false,
        "disabled": false,
        "open_issues_count": 0,
        "license": null,
        "allow_forking": true,
        "is_template": false,
        "web_commit_signoff_required": false,
        "topics": [
            
        ],
        "visibility": "public",
        "forks": 0,
        "open_issues": 0,
        "watchers": 0,
        "default_branch": "main",
        "permissions": {
            "admin": true,
            "maintain": true,
            "push": true,
            "triage": true,
            "pull": true
        }
    },
    {
        "id": 353715072,
        "node_id": "MDEwOlJlcG9zaXRvcnkzNTM3MTUwNzI=",
        "name": "webtable-handling",
        "full_name": "PremAtmecs/webtable-handling",
        "private": false,
        "owner": {
            "login": "PremAtmecs",
            "id": 81416901,
            "node_id": "MDQ6VXNlcjgxNDE2OTAx",
            "avatar_url": "https://avatars.githubusercontent.com/u/81416901?v=4",
            "gravatar_id": "",
            "url": "https://api.github.com/users/PremAtmecs",
            "html_url": "https://github.com/PremAtmecs",
            "followers_url": "https://api.github.com/users/PremAtmecs/followers",
            "following_url": "https://api.github.com/users/PremAtmecs/following{/other_user}",
            "gists_url": "https://api.github.com/users/PremAtmecs/gists{/gist_id}",
            "starred_url": "https://api.github.com/users/PremAtmecs/starred{/owner}{/repo}",
            "subscriptions_url": "https://api.github.com/users/PremAtmecs/subscriptions",
            "organizations_url": "https://api.github.com/users/PremAtmecs/orgs",
            "repos_url": "https://api.github.com/users/PremAtmecs/repos",
            "events_url": "https://api.github.com/users/PremAtmecs/events{/privacy}",
            "received_events_url": "https://api.github.com/users/PremAtmecs/received_events",
            "type": "User",
            "site_admin": false
        },
        "html_url": "https://github.com/PremAtmecs/webtable-handling",
        "description": null,
        "fork": false,
        "url": "https://api.github.com/repos/PremAtmecs/webtable-handling",
        "forks_url": "https://api.github.com/repos/PremAtmecs/webtable-handling/forks",
        "keys_url": "https://api.github.com/repos/PremAtmecs/webtable-handling/keys{/key_id}",
        "collaborators_url": "https://api.github.com/repos/PremAtmecs/webtable-handling/collaborators{/collaborator}",
        "teams_url": "https://api.github.com/repos/PremAtmecs/webtable-handling/teams",
        "hooks_url": "https://api.github.com/repos/PremAtmecs/webtable-handling/hooks",
        "issue_events_url": "https://api.github.com/repos/PremAtmecs/webtable-handling/issues/events{/number}",
        "events_url": "https://api.github.com/repos/PremAtmecs/webtable-handling/events",
        "assignees_url": "https://api.github.com/repos/PremAtmecs/webtable-handling/assignees{/user}",
        "branches_url": "https://api.github.com/repos/PremAtmecs/webtable-handling/branches{/branch}",
        "tags_url": "https://api.github.com/repos/PremAtmecs/webtable-handling/tags",
        "blobs_url": "https://api.github.com/repos/PremAtmecs/webtable-handling/git/blobs{/sha}",
        "git_tags_url": "https://api.github.com/repos/PremAtmecs/webtable-handling/git/tags{/sha}",
        "git_refs_url": "https://api.github.com/repos/PremAtmecs/webtable-handling/git/refs{/sha}",
        "trees_url": "https://api.github.com/repos/PremAtmecs/webtable-handling/git/trees{/sha}",
        "statuses_url": "https://api.github.com/repos/PremAtmecs/webtable-handling/statuses/{sha}",
        "languages_url": "https://api.github.com/repos/PremAtmecs/webtable-handling/languages",
        "stargazers_url": "https://api.github.com/repos/PremAtmecs/webtable-handling/stargazers",
        "contributors_url": "https://api.github.com/repos/PremAtmecs/webtable-handling/contributors",
        "subscribers_url": "https://api.github.com/repos/PremAtmecs/webtable-handling/subscribers",
        "subscription_url": "https://api.github.com/repos/PremAtmecs/webtable-handling/subscription",
        "commits_url": "https://api.github.com/repos/PremAtmecs/webtable-handling/commits{/sha}",
        "git_commits_url": "https://api.github.com/repos/PremAtmecs/webtable-handling/git/commits{/sha}",
        "comments_url": "https://api.github.com/repos/PremAtmecs/webtable-handling/comments{/number}",
        "issue_comment_url": "https://api.github.com/repos/PremAtmecs/webtable-handling/issues/comments{/number}",
        "contents_url": "https://api.github.com/repos/PremAtmecs/webtable-handling/contents/{+path}",
        "compare_url": "https://api.github.com/repos/PremAtmecs/webtable-handling/compare/{base}...{head}",
        "merges_url": "https://api.github.com/repos/PremAtmecs/webtable-handling/merges",
        "archive_url": "https://api.github.com/repos/PremAtmecs/webtable-handling/{archive_format}{/ref}",
        "downloads_url": "https://api.github.com/repos/PremAtmecs/webtable-handling/downloads",
        "issues_url": "https://api.github.com/repos/PremAtmecs/webtable-handling/issues{/number}",
        "pulls_url": "https://api.github.com/repos/PremAtmecs/webtable-handling/pulls{/number}",
        "milestones_url": "https://api.github.com/repos/PremAtmecs/webtable-handling/milestones{/number}",
        "notifications_url": "https://api.github.com/repos/PremAtmecs/webtable-handling/notifications{?since,all,participating}",
        "labels_url": "https://api.github.com/repos/PremAtmecs/webtable-handling/labels{/name}",
        "releases_url": "https://api.github.com/repos/PremAtmecs/webtable-handling/releases{/id}",
        "deployments_url": "https://api.github.com/repos/PremAtmecs/webtable-handling/deployments",
        "created_at": "2021-04-01T13:47:52Z",
        "updated_at": "2021-04-01T13:49:10Z",
        "pushed_at": "2021-04-01T13:49:08Z",
        "git_url": "git://github.com/PremAtmecs/webtable-handling.git",
        "ssh_url": "git@github.com:PremAtmecs/webtable-handling.git",
        "clone_url": "https://github.com/PremAtmecs/webtable-handling.git",
        "svn_url": "https://github.com/PremAtmecs/webtable-handling",
        "homepage": null,
        "size": 7,
        "stargazers_count": 0,
        "watchers_count": 0,
        "language": "Java",
        "has_issues": true,
        "has_projects": true,
        "has_downloads": true,
        "has_wiki": true,
        "has_pages": false,
        "has_discussions": false,
        "forks_count": 0,
        "mirror_url": null,
        "archived": false,
        "disabled": false,
        "open_issues_count": 0,
        "license": null,
        "allow_forking": true,
        "is_template": false,
        "web_commit_signoff_required": false,
        "topics": [
            
        ],
        "visibility": "public",
        "forks": 0,
        "open_issues": 0,
        "watchers": 0,
        "default_branch": "main",
        "permissions": {
            "admin": true,
            "maintain": true,
            "push": true,
            "triage": true,
            "pull": true
        }
    }
]
Method passed testOpenAuthorization
]]></system-out>
  </testcase>
</testsuite>