<?xml version="1.0" encoding="UTF-8"?>
<testsuite xmlns:xsi="http://www.w3.org/2001/XMLSchema-instance" xsi:noNamespaceSchemaLocation="https://maven.apache.org/surefire/maven-surefire-plugin/xsd/surefire-test-report-3.0.xsd" version="3.0" name="TestSuite" time="28.528" tests="10" errors="0" skipped="0" failures="0">
  <properties>
    <property name="sun.desktop" value="windows"/>
    <property name="awt.toolkit" value="sun.awt.windows.WToolkit"/>
    <property name="java.specification.version" value="11"/>
    <property name="sun.cpu.isalist" value="amd64"/>
    <property name="sun.jnu.encoding" value="Cp1252"/>
    <property name="java.class.path" value="C:\Users\premkumar.sarathi\IdeaProjects\com.api.automation.students\target\test-classes;C:\Users\premkumar.sarathi\IdeaProjects\com.api.automation.students\target\classes;C:\Users\premkumar.sarathi\.m2\repository\org\testng\testng\7.7.1\testng-7.7.1.jar;C:\Users\premkumar.sarathi\.m2\repository\org\slf4j\slf4j-api\1.7.36\slf4j-api-1.7.36.jar;C:\Users\premkumar.sarathi\.m2\repository\com\beust\jcommander\1.82\jcommander-1.82.jar;C:\Users\premkumar.sarathi\.m2\repository\org\webjars\jquery\3.6.1\jquery-3.6.1.jar;C:\Users\premkumar.sarathi\.m2\repository\io\rest-assured\rest-assured\5.3.0\rest-assured-5.3.0.jar;C:\Users\premkumar.sarathi\.m2\repository\org\apache\groovy\groovy\4.0.6\groovy-4.0.6.jar;C:\Users\premkumar.sarathi\.m2\repository\org\apache\groovy\groovy-xml\4.0.6\groovy-xml-4.0.6.jar;C:\Users\premkumar.sarathi\.m2\repository\org\apache\httpcomponents\httpclient\4.5.13\httpclient-4.5.13.jar;C:\Users\premkumar.sarathi\.m2\repository\org\apache\httpcomponents\httpcore\4.4.13\httpcore-4.4.13.jar;C:\Users\premkumar.sarathi\.m2\repository\commons-logging\commons-logging\1.2\commons-logging-1.2.jar;C:\Users\premkumar.sarathi\.m2\repository\commons-codec\commons-codec\1.11\commons-codec-1.11.jar;C:\Users\premkumar.sarathi\.m2\repository\org\apache\httpcomponents\httpmime\4.5.13\httpmime-4.5.13.jar;C:\Users\premkumar.sarathi\.m2\repository\org\hamcrest\hamcrest\2.1\hamcrest-2.1.jar;C:\Users\premkumar.sarathi\.m2\repository\org\ccil\cowan\tagsoup\tagsoup\1.2.1\tagsoup-1.2.1.jar;C:\Users\premkumar.sarathi\.m2\repository\io\rest-assured\xml-path\5.3.0\xml-path-5.3.0.jar;C:\Users\premkumar.sarathi\.m2\repository\io\rest-assured\json-path\5.3.0\json-path-5.3.0.jar;C:\Users\premkumar.sarathi\.m2\repository\org\apache\groovy\groovy-json\4.0.6\groovy-json-4.0.6.jar;C:\Users\premkumar.sarathi\.m2\repository\io\rest-assured\rest-assured-common\5.3.0\rest-assured-common-5.3.0.jar;C:\Users\premkumar.sarathi\.m2\repository\org\json\json\20230227\json-20230227.jar;C:\Users\premkumar.sarathi\.m2\repository\com\google\code\gson\gson\2.10.1\gson-2.10.1.jar;C:\Users\premkumar.sarathi\.m2\repository\io\rest-assured\json-schema-validator\5.3.0\json-schema-validator-5.3.0.jar;C:\Users\premkumar.sarathi\.m2\repository\com\github\java-json-tools\json-schema-validator\2.2.14\json-schema-validator-2.2.14.jar;C:\Users\premkumar.sarathi\.m2\repository\com\google\guava\guava\28.2-android\guava-28.2-android.jar;C:\Users\premkumar.sarathi\.m2\repository\com\google\guava\failureaccess\1.0.1\failureaccess-1.0.1.jar;C:\Users\premkumar.sarathi\.m2\repository\com\google\guava\listenablefuture\9999.0-empty-to-avoid-conflict-with-guava\listenablefuture-9999.0-empty-to-avoid-conflict-with-guava.jar;C:\Users\premkumar.sarathi\.m2\repository\org\checkerframework\checker-compat-qual\2.5.5\checker-compat-qual-2.5.5.jar;C:\Users\premkumar.sarathi\.m2\repository\com\google\errorprone\error_prone_annotations\2.3.4\error_prone_annotations-2.3.4.jar;C:\Users\premkumar.sarathi\.m2\repository\com\google\j2objc\j2objc-annotations\1.3\j2objc-annotations-1.3.jar;C:\Users\premkumar.sarathi\.m2\repository\com\github\java-json-tools\jackson-coreutils-equivalence\1.0\jackson-coreutils-equivalence-1.0.jar;C:\Users\premkumar.sarathi\.m2\repository\com\fasterxml\jackson\core\jackson-databind\2.11.0\jackson-databind-2.11.0.jar;C:\Users\premkumar.sarathi\.m2\repository\com\fasterxml\jackson\core\jackson-annotations\2.11.0\jackson-annotations-2.11.0.jar;C:\Users\premkumar.sarathi\.m2\repository\com\fasterxml\jackson\core\jackson-core\2.11.0\jackson-core-2.11.0.jar;C:\Users\premkumar.sarathi\.m2\repository\com\github\java-json-tools\jackson-coreutils\2.0\jackson-coreutils-2.0.jar;C:\Users\premkumar.sarathi\.m2\repository\com\github\java-json-tools\msg-simple\1.2\msg-simple-1.2.jar;C:\Users\premkumar.sarathi\.m2\repository\com\github\java-json-tools\btf\1.3\btf-1.3.jar;C:\Users\premkumar.sarathi\.m2\repository\com\github\java-json-tools\json-schema-core\1.2.14\json-schema-core-1.2.14.jar;C:\Users\premkumar.sarathi\.m2\repository\com\github\java-json-tools\uri-template\0.10\uri-template-0.10.jar;C:\Users\premkumar.sarathi\.m2\repository\com\sun\mail\mailapi\1.6.2\mailapi-1.6.2.jar;C:\Users\premkumar.sarathi\.m2\repository\com\github\fge\json-schema-validator\2.2.6\json-schema-validator-2.2.6.jar;C:\Users\premkumar.sarathi\.m2\repository\com\google\code\findbugs\jsr305\3.0.0\jsr305-3.0.0.jar;C:\Users\premkumar.sarathi\.m2\repository\joda-time\joda-time\2.3\joda-time-2.3.jar;C:\Users\premkumar.sarathi\.m2\repository\com\googlecode\libphonenumber\libphonenumber\6.2\libphonenumber-6.2.jar;C:\Users\premkumar.sarathi\.m2\repository\com\github\fge\json-schema-core\1.2.5\json-schema-core-1.2.5.jar;C:\Users\premkumar.sarathi\.m2\repository\com\github\fge\uri-template\0.9\uri-template-0.9.jar;C:\Users\premkumar.sarathi\.m2\repository\com\github\fge\msg-simple\1.1\msg-simple-1.1.jar;C:\Users\premkumar.sarathi\.m2\repository\com\github\fge\btf\1.2\btf-1.2.jar;C:\Users\premkumar.sarathi\.m2\repository\com\github\fge\jackson-coreutils\1.8\jackson-coreutils-1.8.jar;C:\Users\premkumar.sarathi\.m2\repository\org\mozilla\rhino\1.7R4\rhino-1.7R4.jar;C:\Users\premkumar.sarathi\.m2\repository\javax\mail\mailapi\1.4.3\mailapi-1.4.3.jar;C:\Users\premkumar.sarathi\.m2\repository\javax\activation\activation\1.1\activation-1.1.jar;C:\Users\premkumar.sarathi\.m2\repository\net\sf\jopt-simple\jopt-simple\4.6\jopt-simple-4.6.jar;C:\Users\premkumar.sarathi\.m2\repository\com\github\javafaker\javafaker\1.0.2\javafaker-1.0.2.jar;C:\Users\premkumar.sarathi\.m2\repository\org\apache\commons\commons-lang3\3.5\commons-lang3-3.5.jar;C:\Users\premkumar.sarathi\.m2\repository\org\yaml\snakeyaml\1.23\snakeyaml-1.23-android.jar;C:\Users\premkumar.sarathi\.m2\repository\com\github\mifmif\generex\1.0.2\generex-1.0.2.jar;C:\Users\premkumar.sarathi\.m2\repository\dk\brics\automaton\automaton\1.11-8\automaton-1.11-8.jar;C:\Users\premkumar.sarathi\.m2\repository\com\relevantcodes\extentreports\2.41.2\extentreports-2.41.2.jar;C:\Users\premkumar.sarathi\.m2\repository\org\jsoup\jsoup\1.8.3\jsoup-1.8.3.jar;C:\Users\premkumar.sarathi\.m2\repository\org\xerial\sqlite-jdbc\3.8.11.1\sqlite-jdbc-3.8.11.1.jar;C:\Users\premkumar.sarathi\.m2\repository\org\freemarker\freemarker\2.3.23\freemarker-2.3.23.jar;C:\Users\premkumar.sarathi\.m2\repository\org\mongodb\mongodb-driver\3.0.4\mongodb-driver-3.0.4.jar;C:\Users\premkumar.sarathi\.m2\repository\org\mongodb\bson\3.0.4\bson-3.0.4.jar;C:\Users\premkumar.sarathi\.m2\repository\org\mongodb\mongodb-driver-core\3.0.4\mongodb-driver-core-3.0.4.jar;"/>
    <property name="java.vm.vendor" value="Oracle Corporation"/>
    <property name="sun.arch.data.model" value="64"/>
    <property name="user.variant" value=""/>
    <property name="java.vendor.url" value="https://openjdk.java.net/"/>
    <property name="user.timezone" value="Asia/Calcutta"/>
    <property name="java.vm.specification.version" value="11"/>
    <property name="os.name" value="Windows 10"/>
    <property name="sun.java.launcher" value="SUN_STANDARD"/>
    <property name="user.country" value="IN"/>
    <property name="sun.boot.library.path" value="C:\Program Files\Java\jdk-11\bin"/>
    <property name="sun.java.command" value="C:\Users\premkumar.sarathi\AppData\Local\Temp\surefire12925993233490697878\surefirebooter-20230524101916638_3.jar C:\Users\premkumar.sarathi\AppData\Local\Temp\surefire12925993233490697878 2023-05-24T10-19-15_102-jvmRun1 surefire-20230524101916638_1tmp surefire_0-20230524101916638_2tmp"/>
    <property name="jdk.debug" value="release"/>
    <property name="surefire.test.class.path" value="C:\Users\premkumar.sarathi\IdeaProjects\com.api.automation.students\target\test-classes;C:\Users\premkumar.sarathi\IdeaProjects\com.api.automation.students\target\classes;C:\Users\premkumar.sarathi\.m2\repository\org\testng\testng\7.7.1\testng-7.7.1.jar;C:\Users\premkumar.sarathi\.m2\repository\org\slf4j\slf4j-api\1.7.36\slf4j-api-1.7.36.jar;C:\Users\premkumar.sarathi\.m2\repository\com\beust\jcommander\1.82\jcommander-1.82.jar;C:\Users\premkumar.sarathi\.m2\repository\org\webjars\jquery\3.6.1\jquery-3.6.1.jar;C:\Users\premkumar.sarathi\.m2\repository\io\rest-assured\rest-assured\5.3.0\rest-assured-5.3.0.jar;C:\Users\premkumar.sarathi\.m2\repository\org\apache\groovy\groovy\4.0.6\groovy-4.0.6.jar;C:\Users\premkumar.sarathi\.m2\repository\org\apache\groovy\groovy-xml\4.0.6\groovy-xml-4.0.6.jar;C:\Users\premkumar.sarathi\.m2\repository\org\apache\httpcomponents\httpclient\4.5.13\httpclient-4.5.13.jar;C:\Users\premkumar.sarathi\.m2\repository\org\apache\httpcomponents\httpcore\4.4.13\httpcore-4.4.13.jar;C:\Users\premkumar.sarathi\.m2\repository\commons-logging\commons-logging\1.2\commons-logging-1.2.jar;C:\Users\premkumar.sarathi\.m2\repository\commons-codec\commons-codec\1.11\commons-codec-1.11.jar;C:\Users\premkumar.sarathi\.m2\repository\org\apache\httpcomponents\httpmime\4.5.13\httpmime-4.5.13.jar;C:\Users\premkumar.sarathi\.m2\repository\org\hamcrest\hamcrest\2.1\hamcrest-2.1.jar;C:\Users\premkumar.sarathi\.m2\repository\org\ccil\cowan\tagsoup\tagsoup\1.2.1\tagsoup-1.2.1.jar;C:\Users\premkumar.sarathi\.m2\repository\io\rest-assured\xml-path\5.3.0\xml-path-5.3.0.jar;C:\Users\premkumar.sarathi\.m2\repository\io\rest-assured\json-path\5.3.0\json-path-5.3.0.jar;C:\Users\premkumar.sarathi\.m2\repository\org\apache\groovy\groovy-json\4.0.6\groovy-json-4.0.6.jar;C:\Users\premkumar.sarathi\.m2\repository\io\rest-assured\rest-assured-common\5.3.0\rest-assured-common-5.3.0.jar;C:\Users\premkumar.sarathi\.m2\repository\org\json\json\20230227\json-20230227.jar;C:\Users\premkumar.sarathi\.m2\repository\com\google\code\gson\gson\2.10.1\gson-2.10.1.jar;C:\Users\premkumar.sarathi\.m2\repository\io\rest-assured\json-schema-validator\5.3.0\json-schema-validator-5.3.0.jar;C:\Users\premkumar.sarathi\.m2\repository\com\github\java-json-tools\json-schema-validator\2.2.14\json-schema-validator-2.2.14.jar;C:\Users\premkumar.sarathi\.m2\repository\com\google\guava\guava\28.2-android\guava-28.2-android.jar;C:\Users\premkumar.sarathi\.m2\repository\com\google\guava\failureaccess\1.0.1\failureaccess-1.0.1.jar;C:\Users\premkumar.sarathi\.m2\repository\com\google\guava\listenablefuture\9999.0-empty-to-avoid-conflict-with-guava\listenablefuture-9999.0-empty-to-avoid-conflict-with-guava.jar;C:\Users\premkumar.sarathi\.m2\repository\org\checkerframework\checker-compat-qual\2.5.5\checker-compat-qual-2.5.5.jar;C:\Users\premkumar.sarathi\.m2\repository\com\google\errorprone\error_prone_annotations\2.3.4\error_prone_annotations-2.3.4.jar;C:\Users\premkumar.sarathi\.m2\repository\com\google\j2objc\j2objc-annotations\1.3\j2objc-annotations-1.3.jar;C:\Users\premkumar.sarathi\.m2\repository\com\github\java-json-tools\jackson-coreutils-equivalence\1.0\jackson-coreutils-equivalence-1.0.jar;C:\Users\premkumar.sarathi\.m2\repository\com\fasterxml\jackson\core\jackson-databind\2.11.0\jackson-databind-2.11.0.jar;C:\Users\premkumar.sarathi\.m2\repository\com\fasterxml\jackson\core\jackson-annotations\2.11.0\jackson-annotations-2.11.0.jar;C:\Users\premkumar.sarathi\.m2\repository\com\fasterxml\jackson\core\jackson-core\2.11.0\jackson-core-2.11.0.jar;C:\Users\premkumar.sarathi\.m2\repository\com\github\java-json-tools\jackson-coreutils\2.0\jackson-coreutils-2.0.jar;C:\Users\premkumar.sarathi\.m2\repository\com\github\java-json-tools\msg-simple\1.2\msg-simple-1.2.jar;C:\Users\premkumar.sarathi\.m2\repository\com\github\java-json-tools\btf\1.3\btf-1.3.jar;C:\Users\premkumar.sarathi\.m2\repository\com\github\java-json-tools\json-schema-core\1.2.14\json-schema-core-1.2.14.jar;C:\Users\premkumar.sarathi\.m2\repository\com\github\java-json-tools\uri-template\0.10\uri-template-0.10.jar;C:\Users\premkumar.sarathi\.m2\repository\com\sun\mail\mailapi\1.6.2\mailapi-1.6.2.jar;C:\Users\premkumar.sarathi\.m2\repository\com\github\fge\json-schema-validator\2.2.6\json-schema-validator-2.2.6.jar;C:\Users\premkumar.sarathi\.m2\repository\com\google\code\findbugs\jsr305\3.0.0\jsr305-3.0.0.jar;C:\Users\premkumar.sarathi\.m2\repository\joda-time\joda-time\2.3\joda-time-2.3.jar;C:\Users\premkumar.sarathi\.m2\repository\com\googlecode\libphonenumber\libphonenumber\6.2\libphonenumber-6.2.jar;C:\Users\premkumar.sarathi\.m2\repository\com\github\fge\json-schema-core\1.2.5\json-schema-core-1.2.5.jar;C:\Users\premkumar.sarathi\.m2\repository\com\github\fge\uri-template\0.9\uri-template-0.9.jar;C:\Users\premkumar.sarathi\.m2\repository\com\github\fge\msg-simple\1.1\msg-simple-1.1.jar;C:\Users\premkumar.sarathi\.m2\repository\com\github\fge\btf\1.2\btf-1.2.jar;C:\Users\premkumar.sarathi\.m2\repository\com\github\fge\jackson-coreutils\1.8\jackson-coreutils-1.8.jar;C:\Users\premkumar.sarathi\.m2\repository\org\mozilla\rhino\1.7R4\rhino-1.7R4.jar;C:\Users\premkumar.sarathi\.m2\repository\javax\mail\mailapi\1.4.3\mailapi-1.4.3.jar;C:\Users\premkumar.sarathi\.m2\repository\javax\activation\activation\1.1\activation-1.1.jar;C:\Users\premkumar.sarathi\.m2\repository\net\sf\jopt-simple\jopt-simple\4.6\jopt-simple-4.6.jar;C:\Users\premkumar.sarathi\.m2\repository\com\github\javafaker\javafaker\1.0.2\javafaker-1.0.2.jar;C:\Users\premkumar.sarathi\.m2\repository\org\apache\commons\commons-lang3\3.5\commons-lang3-3.5.jar;C:\Users\premkumar.sarathi\.m2\repository\org\yaml\snakeyaml\1.23\snakeyaml-1.23-android.jar;C:\Users\premkumar.sarathi\.m2\repository\com\github\mifmif\generex\1.0.2\generex-1.0.2.jar;C:\Users\premkumar.sarathi\.m2\repository\dk\brics\automaton\automaton\1.11-8\automaton-1.11-8.jar;C:\Users\premkumar.sarathi\.m2\repository\com\relevantcodes\extentreports\2.41.2\extentreports-2.41.2.jar;C:\Users\premkumar.sarathi\.m2\repository\org\jsoup\jsoup\1.8.3\jsoup-1.8.3.jar;C:\Users\premkumar.sarathi\.m2\repository\org\xerial\sqlite-jdbc\3.8.11.1\sqlite-jdbc-3.8.11.1.jar;C:\Users\premkumar.sarathi\.m2\repository\org\freemarker\freemarker\2.3.23\freemarker-2.3.23.jar;C:\Users\premkumar.sarathi\.m2\repository\org\mongodb\mongodb-driver\3.0.4\mongodb-driver-3.0.4.jar;C:\Users\premkumar.sarathi\.m2\repository\org\mongodb\bson\3.0.4\bson-3.0.4.jar;C:\Users\premkumar.sarathi\.m2\repository\org\mongodb\mongodb-driver-core\3.0.4\mongodb-driver-core-3.0.4.jar;"/>
    <property name="sun.cpu.endian" value="little"/>
    <property name="user.home" value="C:\Users\premkumar.sarathi"/>
    <property name="user.language" value="en"/>
    <property name="java.specification.vendor" value="Oracle Corporation"/>
    <property name="java.version.date" value="2023-01-17"/>
    <property name="java.home" value="C:\Program Files\Java\jdk-11"/>
    <property name="file.separator" value="\"/>
    <property name="basedir" value="C:\Users\premkumar.sarathi\IdeaProjects\com.api.automation.students"/>
    <property name="java.vm.compressedOopsMode" value="32-bit"/>
    <property name="line.separator" value="&#10;"/>
    <property name="java.specification.name" value="Java Platform API Specification"/>
    <property name="java.vm.specification.vendor" value="Oracle Corporation"/>
    <property name="java.awt.graphicsenv" value="sun.awt.Win32GraphicsEnvironment"/>
    <property name="surefire.real.class.path" value="C:\Users\premkumar.sarathi\AppData\Local\Temp\surefire12925993233490697878\surefirebooter-20230524101916638_3.jar"/>
    <property name="user.script" value=""/>
    <property name="sun.management.compiler" value="HotSpot 64-Bit Tiered Compilers"/>
    <property name="java.runtime.version" value="11.0.18+9-LTS-195"/>
    <property name="user.name" value="Premkumar.Sarathi"/>
    <property name="path.separator" value=";"/>
    <property name="os.version" value="10.0"/>
    <property name="java.runtime.name" value="Java(TM) SE Runtime Environment"/>
    <property name="file.encoding" value="Cp1252"/>
    <property name="java.vm.name" value="Java HotSpot(TM) 64-Bit Server VM"/>
    <property name="java.vendor.version" value="18.9"/>
    <property name="localRepository" value="C:\Users\premkumar.sarathi\.m2\repository"/>
    <property name="java.vendor.url.bug" value="https://bugreport.java.com/bugreport/"/>
    <property name="java.io.tmpdir" value="C:\Users\PREMKU~1.SAR\AppData\Local\Temp\"/>
    <property name="java.version" value="11.0.18"/>
    <property name="user.dir" value="C:\Users\premkumar.sarathi\IdeaProjects\com.api.automation.students"/>
    <property name="os.arch" value="amd64"/>
    <property name="java.vm.specification.name" value="Java Virtual Machine Specification"/>
    <property name="java.awt.printerjob" value="sun.awt.windows.WPrinterJob"/>
    <property name="sun.os.patch.level" value=""/>
    <property name="java.library.path" value="C:\Program Files\Java\jdk-11\bin;C:\Windows\Sun\Java\bin;C:\Windows\system32;C:\Windows;C:\Program Files\Common Files\Oracle\Java\javapath;C:\Windows\system32;C:\Windows;C:\Windows\System32\Wbem;C:\Windows\System32\WindowsPowerShell\v1.0\;C:\Windows\System32\OpenSSH\;C:\Users\premkumar.sarathi\Downloads\apache-maven-3.8.1-bin\apache-maven-3.8.1\bin;C:\Program Files\nodejs\;C:\Users\premkumar.sarathi\AppData\Local\Android\Sdk\platform-tools;C:\Users\premkumar.sarathi\AppData\Local\Android\Sdk\tools\bin;C:\Users\premkumar.sarathi\AppData\Local\Android\Sdk;C:\Program Files\Java\jdk-11\bin;C:\Program Files (x86)\Microsoft SQL Server\160\Tools\Binn\;C:\Program Files\Microsoft SQL Server\160\Tools\Binn\;C:\Program Files\Microsoft SQL Server\Client SDK\ODBC\170\Tools\Binn\;C:\Program Files\Microsoft SQL Server\160\DTS\Binn\;C:\Program Files (x86)\Microsoft SQL Server\160\DTS\Binn\;C:\Program Files\Azure Data Studio\bin;C:\Users\premkumar.sarathi\AppData\Local\Microsoft\WindowsApps;C:\Users\premkumar.sarathi\AppData\Roaming\npm;C:\Users\premkumar.sarathi\AppData\Local\Programs\Microsoft VS Code\bin;C:\Users\premkumar.sarathi\AppData\Local\Programs\Git\cmd;."/>
    <property name="java.vendor" value="Oracle Corporation"/>
    <property name="java.vm.info" value="mixed mode"/>
    <property name="java.vm.version" value="11.0.18+9-LTS-195"/>
    <property name="sun.io.unicode.encoding" value="UnicodeLittle"/>
    <property name="java.class.version" value="55.0"/>
  </properties>
  <testcase name="testPostStudent" classname="com.api.tests.StudentTests" time="13.03">
    <system-out><![CDATA[onStart method started
Method started testPostStudent
HTTP/1.1 201 Created
X-Powered-By: Express
Vary: Origin, X-HTTP-Method-Override, Accept-Encoding
Access-Control-Allow-Credentials: true
Cache-Control: no-cache
Pragma: no-cache
Expires: -1
Access-Control-Expose-Headers: Location
Location: http://localhost:3000/students/1477637771
X-Content-Type-Options: nosniff
Content-Type: application/json; charset=utf-8
Content-Length: 323
ETag: W/"143-vyFCc1Mfl03tah7wSIFVJeRxQoY"
Date: Wed, 24 May 2023 04:49:31 GMT
Connection: keep-alive
Keep-Alive: timeout=5

{
    "id": 1477637771,
    "name": "Mr. Adelaide Abshire",
    "email": "diane.vonrueden@gmail.com",
    "purpose": "Strategist",
    "programme": "Consulting Associate",
    "year": 1338332733,
    "language": "Janus (concurrent constraint programming language)",
    "comments": "com.github.javafaker.Code@71b6172c",
    "status": false
}
PASS - Actual Result ::201==Expected Result ::201
Method passed testPostStudent
]]></system-out>
    <system-err><![CDATA[SLF4J: Failed to load class "org.slf4j.impl.StaticLoggerBinder".
SLF4J: Defaulting to no-operation (NOP) logger implementation
SLF4J: See http://www.slf4j.org/codes.html#StaticLoggerBinder for further details.
]]></system-err>
  </testcase>
  <testcase name="testGetStudent" classname="com.api.tests.StudentTests" time="0.437">
    <system-out><![CDATA[Method started testGetStudent
HTTP/1.1 200 OK
X-Powered-By: Express
Vary: Origin, Accept-Encoding
Access-Control-Allow-Credentials: true
Cache-Control: no-cache
Pragma: no-cache
Expires: -1
X-Content-Type-Options: nosniff
Content-Type: application/json; charset=utf-8
Content-Length: 323
ETag: W/"143-vyFCc1Mfl03tah7wSIFVJeRxQoY"
Date: Wed, 24 May 2023 04:49:36 GMT
Connection: keep-alive
Keep-Alive: timeout=5

{
    "id": 1477637771,
    "name": "Mr. Adelaide Abshire",
    "email": "diane.vonrueden@gmail.com",
    "purpose": "Strategist",
    "programme": "Consulting Associate",
    "year": 1338332733,
    "language": "Janus (concurrent constraint programming language)",
    "comments": "com.github.javafaker.Code@71b6172c",
    "status": false
}
PASS - Actual Result ::200==Expected Result ::200
Method passed testGetStudent
]]></system-out>
  </testcase>
  <testcase name="testUpdateStudent" classname="com.api.tests.StudentTests" time="0.517">
    <system-out><![CDATA[Method started testUpdateStudent
HTTP/1.1 200 OK
X-Powered-By: Express
Vary: Origin, Accept-Encoding
Access-Control-Allow-Credentials: true
Cache-Control: no-cache
Pragma: no-cache
Expires: -1
X-Content-Type-Options: nosniff
Content-Type: application/json; charset=utf-8
Content-Length: 275
ETag: W/"113-yZHvQCWmZ9eLMvbcv8R1Fbam8yc"
Date: Wed, 24 May 2023 04:49:36 GMT
Connection: keep-alive
Keep-Alive: timeout=5

{
    "id": 1477637771,
    "name": "Ms. Zena Carter",
    "email": "quiana.koepp@gmail.com",
    "purpose": "Coordinator",
    "programme": "Healthcare Manager",
    "year": 1338332733,
    "language": "CoffeeScript",
    "comments": "com.github.javafaker.Code@71b6172c",
    "status": true
}
Method passed testUpdateStudent
]]></system-out>
  </testcase>
  <testcase name="testDeleteStudent" classname="com.api.tests.StudentTests" time="0.133">
    <system-out><![CDATA[Method started testDeleteStudent
HTTP/1.1 200 OK
X-Powered-By: Express
Vary: Origin, Accept-Encoding
Access-Control-Allow-Credentials: true
Cache-Control: no-cache
Pragma: no-cache
Expires: -1
X-Content-Type-Options: nosniff
Content-Type: application/json; charset=utf-8
Content-Length: 2
ETag: W/"2-vyGp6PvFo4RvsFtPoIWeCReyIC8"
Date: Wed, 24 May 2023 04:49:36 GMT
Connection: keep-alive
Keep-Alive: timeout=5

{
    
}
PASS - Actual Result ::200==Expected Result ::200
Method passed testDeleteStudent
]]></system-out>
  </testcase>
  <testcase name="testGetSpecificStudent" classname="com.api.tests.StudentTests" time="0.15">
    <system-out><![CDATA[Method started testGetSpecificStudent
[
    {
        "id": 4,
        "name": "prasanna",
        "email": "prasanna@mail.ee",
        "purpose": "thesis",
        "programme": "Software Engineering",
        "year": 2017,
        "language": "Tamil",
        "comments": "good",
        "status": "NOT RECEIVED"
    },
    {
        "id": 5,
        "name": "prasanna",
        "email": "prasanna@mail.ee",
        "purpose": "thesis",
        "programme": "Software Engineering",
        "year": 2017,
        "language": "Tamil",
        "comments": "In need of correcting a dangling participle.",
        "status": "RECEIVED"
    }
]
PASS - Actual Result ::prasanna==Expected Result ::prasanna
Method passed testGetSpecificStudent
]]></system-out>
  </testcase>
  <testcase name="testAuthentication" classname="com.api.tests.SecurityAPITests" time="2.216">
    <system-out><![CDATA[Method started testAuthentication
HTTP/1.1 200 OK
Date: Wed, 24 May 2023 04:49:38 GMT
Content-Type: application/json; charset=utf-8
Content-Length: 27
Connection: keep-alive
ETag: W/"1b-o64KRFi1Uw+73hnrS1UFKUVInOY"
set-cookie: sails.sid=s%3AF6OkAO-rf3UFXRf0AQl8PWQ3fNqDMrq8.MLdl%2BmS28t9FpzcGuqAgoLU82HhcklPXDVxgZFwmIBY; Path=/; HttpOnly

{
    "authenticated": true
}
PASS - Actual Result ::200==Expected Result ::200
PASS - Actual Result ::true==Expected Result ::true
Method passed testAuthentication
]]></system-out>
  </testcase>
  <testcase name="testDigestAuthentication" classname="com.api.tests.SecurityAPITests" time="1.611">
    <system-out><![CDATA[Method started testDigestAuthentication
HTTP/1.1 200 OK
Date: Wed, 24 May 2023 04:49:40 GMT
Content-Type: application/json; charset=utf-8
Content-Length: 27
Connection: keep-alive
ETag: W/"1b-o64KRFi1Uw+73hnrS1UFKUVInOY"
set-cookie: sails.sid=s%3Ao0e1YBl7kcMr2sKxlcKvaUPMf42NLRQL.iHqLia%2F8EShcZaozSJNHk88xmpQSj9iRHoYfgktmLlY; Path=/; HttpOnly

{
    "authenticated": true
}
PASS - Actual Result ::200==Expected Result ::200
Method passed testDigestAuthentication
]]></system-out>
  </testcase>
  <testcase name="testGetToken" classname="com.api.tests.SecurityAPITests" time="1.664">
    <system-out><![CDATA[Method started testGetToken
HTTP/1.1 200 OK
Server: Apache-Coyote/1.1
Content-Type: application/json
Content-Length: 97
Date: Wed, 24 May 2023 04:49:41 GMT

{
    "Authorization": "YW5OdGFYUm86WkdWdGJ6RXlNelE9Oj9LEz8/P1k=",
    "success": "jsmith is now logged in"
}
Method passed testGetToken
]]></system-out>
  </testcase>
  <testcase name="testBearerAuthorization" classname="com.api.tests.SecurityAPITests" time="1.522">
    <system-out><![CDATA[Method started testBearerAuthorization
HTTP/1.1 200 OK
Server: Apache-Coyote/1.1
Content-Type: application/json
Content-Length: 19
Date: Wed, 24 May 2023 04:49:43 GMT

{
    "loggedin": "true"
}
PASS - Actual Result ::200==Expected Result ::200
Method passed testBearerAuthorization
]]></system-out>
  </testcase>
  <testcase name="testOpenAuthorization" classname="com.api.tests.SecurityAPITests" time="1.39">
    <system-out><![CDATA[Method started testOpenAuthorization
HTTP/1.1 200 OK
Server: Apache-Coyote/1.1
Content-Type: application/json
Content-Length: 19
Date: Wed, 24 May 2023 04:49:45 GMT

{
    "loggedin": "true"
}
PASS - Actual Result ::200==Expected Result ::200
Method passed testOpenAuthorization
]]></system-out>
  </testcase>
</testsuite>