<?xml version="1.0" encoding="UTF-8"?>
<!-- Generated by org.testng.reporters.JUnitReportReporter -->
<testsuite hostname="ATMECSBLRLT-094" failures="0" tests="5" name="com.api.tests.StudentTests" time="14.064" errors="0" timestamp="2023-05-24T10:19:47 IST" skipped="0">
  <testcase classname="com.api.tests.StudentTests" name="testPostStudent" time="13.077"/>
  <system-out/>
  <testcase classname="com.api.tests.StudentTests" name="testGetStudent" time="0.309"/>
  <system-out/>
  <testcase classname="com.api.tests.StudentTests" name="testUpdateStudent" time="0.106"/>
  <system-out/>
  <testcase classname="com.api.tests.StudentTests" name="testDeleteStudent" time="0.101"/>
  <system-out/>
  <testcase classname="com.api.tests.StudentTests" name="testGetSpecificStudent" time="0.471"/>
  <system-out/>
</testsuite> <!-- com.api.tests.StudentTests -->
