<?xml version="1.0" encoding="UTF-8"?>
<!-- Generated by org.testng.reporters.JUnitReportReporter -->
<testsuite hostname="ATMECSBLRLT-094" failures="0" tests="4" name="com.api.tests.SecurityAPITests" time="6.845" errors="0" timestamp="2023-05-23T10:34:33 IST" skipped="0">
  <testcase classname="com.api.tests.SecurityAPITests" name="testAuthentication" time="3.399"/>
  <system-out/>
  <testcase classname="com.api.tests.SecurityAPITests" name="testDigestAuthentication" time="1.405"/>
  <system-out/>
  <testcase classname="com.api.tests.SecurityAPITests" name="testBearerAuthorization" time="0.823"/>
  <system-out/>
  <testcase classname="com.api.tests.SecurityAPITests" name="testOpenAuthorization" time="1.218"/>
  <system-out/>
</testsuite> <!-- com.api.tests.SecurityAPITests -->
