<?xml version="1.0" encoding="UTF-8"?>
<!-- Generated by org.testng.reporters.JUnitReportReporter -->
<testsuite hostname="ATMECSBLRLT-094" failures="0" tests="5" name="com.api.tests.StudentTests" time="11.402" errors="0" timestamp="2023-05-23T10:34:33 IST" skipped="0">
  <testcase classname="com.api.tests.StudentTests" name="testPostStudent" time="10.243"/>
  <system-out/>
  <testcase classname="com.api.tests.StudentTests" name="testGetStudent" time="0.384"/>
  <system-out/>
  <testcase classname="com.api.tests.StudentTests" name="testUpdateStudent" time="0.332"/>
  <system-out/>
  <testcase classname="com.api.tests.StudentTests" name="testDeleteStudent" time="0.215"/>
  <system-out/>
  <testcase classname="com.api.tests.StudentTests" name="testGetSpecificStudent" time="0.228"/>
  <system-out/>
</testsuite> <!-- com.api.tests.StudentTests -->
