<?xml version="1.0" encoding="UTF-8"?>
<!-- Generated by org.testng.reporters.JUnitReportReporter -->
<testsuite hostname="ATMECSBLRLT-094" failures="0" tests="5" name="com.api.tests.SecurityAPITests" time="8.615" errors="0" timestamp="2023-05-24T10:19:47 IST" skipped="0">
  <testcase classname="com.api.tests.SecurityAPITests" name="testAuthentication" time="2.297"/>
  <system-out/>
  <testcase classname="com.api.tests.SecurityAPITests" name="testDigestAuthentication" time="1.541"/>
  <system-out/>
  <testcase classname="com.api.tests.SecurityAPITests" name="testGetToken" time="1.700"/>
  <system-out/>
  <testcase classname="com.api.tests.SecurityAPITests" name="testBearerAuthorization" time="1.454"/>
  <system-out/>
  <testcase classname="com.api.tests.SecurityAPITests" name="testOpenAuthorization" time="1.623"/>
  <system-out/>
</testsuite> <!-- com.api.tests.SecurityAPITests -->
